[ ERROR] [2019-11-20 10:24:51] [http-nio-8080-exec-9] ERROR:  com.wchat.socket.WebSocketServer [73] - 发生错误：远程主机强迫关闭了一个现有的连接。，Session ID： 0
[ INFO ] [2019-11-20 10:24:53] [http-nio-8080-exec-9] INFO :  com.wchat.socket.WebSocketServer [50] - 有连接关闭，当前连接数为：0
[ INFO ] [2019-11-20 10:27:11] [SpringContextShutdownHook] INFO :  org.springframework.scheduling.concurrent.ThreadPoolTaskScheduler [208] - Shutting down ExecutorService 'taskScheduler'
[ INFO ] [2019-11-20 10:27:11] [SpringContextShutdownHook] INFO :  org.springframework.scheduling.concurrent.ThreadPoolTaskExecutor [208] - Shutting down ExecutorService 'applicationTaskExecutor'
[ INFO ] [2019-11-20 10:27:11] [SpringContextShutdownHook] INFO :  com.alibaba.druid.pool.DruidDataSource [1825] - {dataSource-1} closed
[ INFO ] [2019-11-20 10:27:48] [main] INFO :  com.wchat.boot.WchatApplication [55] - Starting WchatApplication on DESKTOP-OUEVNL0 with PID 15504 (C:\Users\Administrator\Desktop\wchat\target\classes started by Administrator in C:\Users\Administrator\Desktop\wchat)
[ INFO ] [2019-11-20 10:27:48] [main] INFO :  com.wchat.boot.WchatApplication [651] - No active profile set, falling back to default profiles: default
[ INFO ] [2019-11-20 10:27:55] [main] INFO :  org.springframework.boot.web.embedded.tomcat.TomcatWebServer [92] - Tomcat initialized with port(s): 8080 (http)
[ INFO ] [2019-11-20 10:27:55] [main] INFO :  org.apache.coyote.http11.Http11NioProtocol [173] - Initializing ProtocolHandler ["http-nio-8080"]
[ INFO ] [2019-11-20 10:27:55] [main] INFO :  org.apache.catalina.core.StandardService [173] - Starting service [Tomcat]
[ INFO ] [2019-11-20 10:27:55] [main] INFO :  org.apache.catalina.core.StandardEngine [173] - Starting Servlet engine: [Apache Tomcat/9.0.27]
[ INFO ] [2019-11-20 10:27:56] [main] INFO :  org.apache.catalina.core.ContainerBase.[Tomcat].[localhost].[/] [173] - Initializing Spring embedded WebApplicationContext
[ INFO ] [2019-11-20 10:27:56] [main] INFO :  org.springframework.web.context.ContextLoader [284] - Root WebApplicationContext: initialization completed in 7297 ms
[ INFO ] [2019-11-20 10:27:58] [main] INFO :  com.wchat.boot.KeyCache [28] - system init build SecurityKey
[ INFO ] [2019-11-20 10:27:59] [main] INFO :  com.alibaba.druid.pool.DruidDataSource [930] - {dataSource-1} inited
[ INFO ] [2019-11-20 10:28:01] [main] INFO :  org.springframework.scheduling.concurrent.ThreadPoolTaskExecutor [171] - Initializing ExecutorService 'applicationTaskExecutor'
[ WARN ] [2019-11-20 10:28:02] [main] WARN :  o.s.boot.autoconfigure.thymeleaf.ThymeleafAutoConfiguration$DefaultTemplateResolverConfiguration [106] - Cannot find template location: classpath:/templates/ (please add some templates or check your Thymeleaf configuration)
[ INFO ] [2019-11-20 10:28:02] [main] INFO :  org.springframework.scheduling.concurrent.ThreadPoolTaskScheduler [171] - Initializing ExecutorService 'taskScheduler'
[ INFO ] [2019-11-20 10:28:02] [main] INFO :  org.apache.coyote.http11.Http11NioProtocol [173] - Starting ProtocolHandler ["http-nio-8080"]
[ INFO ] [2019-11-20 10:28:02] [main] INFO :  org.springframework.boot.web.embedded.tomcat.TomcatWebServer [204] - Tomcat started on port(s): 8080 (http) with context path ''
[ INFO ] [2019-11-20 10:28:03] [main] INFO :  com.wchat.boot.WchatApplication [61] - Started WchatApplication in 18.367 seconds (JVM running for 33.504)
[ INFO ] [2019-11-20 12:16:16] [SpringContextShutdownHook] INFO :  org.springframework.scheduling.concurrent.ThreadPoolTaskScheduler [208] - Shutting down ExecutorService 'taskScheduler'
[ INFO ] [2019-11-20 12:16:16] [SpringContextShutdownHook] INFO :  org.springframework.scheduling.concurrent.ThreadPoolTaskExecutor [208] - Shutting down ExecutorService 'applicationTaskExecutor'
[ INFO ] [2019-11-20 12:16:16] [SpringContextShutdownHook] INFO :  com.alibaba.druid.pool.DruidDataSource [1825] - {dataSource-1} closed
[ INFO ] [2019-11-20 19:09:17] [main] INFO :  com.wchat.boot.WchatApplication [55] - Starting WchatApplication on DESKTOP-OUEVNL0 with PID 15280 (C:\Users\Administrator\Desktop\wchat\target\classes started by Administrator in C:\Users\Administrator\Desktop\wchat)
[ INFO ] [2019-11-20 19:09:17] [main] INFO :  com.wchat.boot.WchatApplication [651] - No active profile set, falling back to default profiles: default
[ INFO ] [2019-11-20 19:09:21] [main] INFO :  org.springframework.boot.web.embedded.tomcat.TomcatWebServer [92] - Tomcat initialized with port(s): 8080 (http)
[ INFO ] [2019-11-20 19:09:21] [main] INFO :  org.apache.coyote.http11.Http11NioProtocol [173] - Initializing ProtocolHandler ["http-nio-8080"]
[ INFO ] [2019-11-20 19:09:21] [main] INFO :  org.apache.catalina.core.StandardService [173] - Starting service [Tomcat]
[ INFO ] [2019-11-20 19:09:21] [main] INFO :  org.apache.catalina.core.StandardEngine [173] - Starting Servlet engine: [Apache Tomcat/9.0.27]
[ INFO ] [2019-11-20 19:09:21] [main] INFO :  org.apache.catalina.core.ContainerBase.[Tomcat].[localhost].[/] [173] - Initializing Spring embedded WebApplicationContext
[ INFO ] [2019-11-20 19:09:21] [main] INFO :  org.springframework.web.context.ContextLoader [284] - Root WebApplicationContext: initialization completed in 4298 ms
[ INFO ] [2019-11-20 19:09:22] [main] INFO :  com.wchat.boot.KeyCache [28] - system init build SecurityKey
[ INFO ] [2019-11-20 19:09:22] [main] INFO :  com.alibaba.druid.pool.DruidDataSource [930] - {dataSource-1} inited
[ INFO ] [2019-11-20 19:09:24] [main] INFO :  org.springframework.scheduling.concurrent.ThreadPoolTaskExecutor [171] - Initializing ExecutorService 'applicationTaskExecutor'
[ WARN ] [2019-11-20 19:09:24] [main] WARN :  o.s.boot.autoconfigure.thymeleaf.ThymeleafAutoConfiguration$DefaultTemplateResolverConfiguration [106] - Cannot find template location: classpath:/templates/ (please add some templates or check your Thymeleaf configuration)
[ INFO ] [2019-11-20 19:09:24] [main] INFO :  org.springframework.scheduling.concurrent.ThreadPoolTaskScheduler [171] - Initializing ExecutorService 'taskScheduler'
[ INFO ] [2019-11-20 19:09:24] [main] INFO :  org.apache.coyote.http11.Http11NioProtocol [173] - Starting ProtocolHandler ["http-nio-8080"]
[ INFO ] [2019-11-20 19:09:24] [main] INFO :  org.springframework.boot.web.embedded.tomcat.TomcatWebServer [204] - Tomcat started on port(s): 8080 (http) with context path ''
[ INFO ] [2019-11-20 19:09:24] [main] INFO :  com.wchat.boot.WchatApplication [61] - Started WchatApplication in 9.928 seconds (JVM running for 22.883)
[ INFO ] [2019-11-20 19:14:57] [http-nio-8080-exec-2] INFO :  org.apache.catalina.core.ContainerBase.[Tomcat].[localhost].[/] [173] - Initializing Spring DispatcherServlet 'dispatcherServlet'
[ INFO ] [2019-11-20 19:14:57] [http-nio-8080-exec-2] INFO :  org.springframework.web.servlet.DispatcherServlet [525] - Initializing Servlet 'dispatcherServlet'
[ INFO ] [2019-11-20 19:14:57] [http-nio-8080-exec-2] INFO :  org.springframework.web.servlet.DispatcherServlet [547] - Completed initialization in 14 ms
[ INFO ] [2019-11-20 19:15:53] [http-nio-8080-exec-4] INFO :  com.wchat.aspect.WsAspect [45] - Raw parameter：{"msgType":1,"pageNo":1,"pageSize":10,"pdata":"eQiZKu/Cwy3GUStdKeZzx8hscoxfcTJSUlEIeAR8DlZJJhXGBQqcQta1MyzM3Vq2qnwy/eSIIzmGRkkSwMwNRev6rhkB227nTwmQ6GcCMxl0PgOXKfC/UKa1bKblQr+HGlKbgExCC8dLSKt5RTBs8qWiWrVtkLHWM1Mtj8izb+lhNVZJEFmDJQGmnCFxd8/Y","pkey":"XDBsdpRG/+fvFzhaTY2Lm7E1sJFxF80H9ljg2V3406VEdylsFwq+GmjdOH8lkMgU0b82GWWWKnijEtrDnlAaWv9DH8+m9thfASO7Nk51tp1YHk2SPCuZnjRYthPesLZEXxKsAoBts/62HhfUqDFvSWS3pzMiqKmgDoezEjqs3Fk="}
[ INFO ] [2019-11-20 19:15:53] [http-nio-8080-exec-4] INFO :  com.wchat.aspect.WsAspect [55] - 请求：com.wchat.controller.WebSocketController.registerUserDecrypted paramete：{"email":"435928401","publicKey":"2","pw":"123456qwer","sessionId":"2","userName":"123456","uuid":"f4b7d1e1","verifiCode":"dpcw"}
[ INFO ] [2019-11-20 19:15:53] [http-nio-8080-exec-4] INFO :  com.wchat.aspect.WsAspect [57] - 请求：com.wchat.controller.WebSocketController.registerUserFilter the parameters after xss：{"email":"435928401","publicKey":"2","pw":"123456qwer","sessionId":"2","userName":"123456","uuid":"f4b7d1e1","verifiCode":"dpcw"}
[ INFO ] [2019-11-20 19:16:00] [http-nio-8080-exec-5] INFO :  com.wchat.aspect.WsAspect [45] - Raw parameter：{"msgType":1,"pageNo":1,"pageSize":10,"pdata":"eQiZKu/Cwy3GUStdKeZzx8hscoxfcTJSUlEIeAR8DlZJJhXGBQqcQta1MyzM3Vq2qnwy/eSIIzmGRkkSwMwNRev6rhkB227nTwmQ6GcCMxl0PgOXKfC/UKa1bKblQr+HGlKbgExCC8dLSKt5RTBs8qWiWrVtkLHWM1Mtj8izb+lhNVZJEFmDJQGmnCFxd8/Y","pkey":"lM5Fj/SSNKh0vrr7Z4v7lnDvUVQxUVUGrXc0a93lxkjO1bZyWm4ZxYcfx2dZsbR9UMhWpbq/I2j1P4bme9DeQe9xmdjCowBZ0JDyEP0mfT2CQ6FNGqjl+YXGT870ZBd8q6SVRNcMELuzEq3xxkT0GEDn/ab5TqXvW5xZUVGMLtQ="}
[ INFO ] [2019-11-20 19:16:00] [http-nio-8080-exec-5] INFO :  com.wchat.aspect.WsAspect [55] - 请求：com.wchat.controller.WebSocketController.registerUserDecrypted paramete：{"email":"435928401","publicKey":"2","pw":"123456qwer","sessionId":"2","userName":"123456","uuid":"f4b7d1e1","verifiCode":"dpcw"}
[ INFO ] [2019-11-20 19:16:00] [http-nio-8080-exec-5] INFO :  com.wchat.aspect.WsAspect [57] - 请求：com.wchat.controller.WebSocketController.registerUserFilter the parameters after xss：{"email":"435928401","publicKey":"2","pw":"123456qwer","sessionId":"2","userName":"123456","uuid":"f4b7d1e1","verifiCode":"dpcw"}
[ INFO ] [2019-11-20 19:16:41] [http-nio-8080-exec-7] INFO :  com.wchat.aspect.WsAspect [45] - Raw parameter：{"msgType":1,"pageNo":1,"pageSize":10,"pdata":"eQiZKu/Cwy3GUStdKeZzx8hscoxfcTJSUlEIeAR8DlYyXC+LPXogQMdLlpEsIxU1tC0KQ7/yGg7dz4OcFQxYjGbnfUAFwJBPjX2qpTwKtEx+CWiAbvtI+BHsevGCFMZDeYGqYi/Xz4WDJsbQa1PNFBk8Inqwvy+2xFoe/c25ozt9MWH6NLAmoiDspfW9ZM9A","pkey":"kBAr+P3ax0ivTglNPTo4FqNl4QZGjQYERpxSi313NM5yN5MlvYV76rxuQet58314ypQE/SLSfKr8xha88c7bAV1EJu1T8itzsuiLTy2NBUqpZMp7F7ummaNgV/AXFDIduf95vuwZbfaPCTKdCUD3lZUK8poN/N7dJUDtxYIdSsQ="}
[ INFO ] [2019-11-20 19:16:41] [http-nio-8080-exec-7] INFO :  com.wchat.aspect.WsAspect [55] - 请求：com.wchat.controller.WebSocketController.registerUserDecrypted paramete：{"email":"435928401","publicKey":"2","pw":"123abcABC","sessionId":"2","userName":"123456","uuid":"f4b7d1e1","verifiCode":"dpcw"}
[ INFO ] [2019-11-20 19:16:41] [http-nio-8080-exec-7] INFO :  com.wchat.aspect.WsAspect [57] - 请求：com.wchat.controller.WebSocketController.registerUserFilter the parameters after xss：{"email":"435928401","publicKey":"2","pw":"123abcABC","sessionId":"2","userName":"123456","uuid":"f4b7d1e1","verifiCode":"dpcw"}
[ INFO ] [2019-11-20 19:17:42] [http-nio-8080-exec-4] INFO :  com.wchat.aspect.WsAspect [45] - Raw parameter：{"msgType":1,"pageNo":1,"pageSize":10,"pdata":"2OJ0ludyFGPqk2ldHl5rnuQ53KnRcYBJi5fxmAlvaJ5w/6MPRwHD6uYo9gT4mMH5SSZcpz3LgE1ZKruoUhGyhfJ8pgRbNmLB1sCbGU3kt7lD9QZyUz/8Jdp+OSRCPmLxGGvM6pziND6gQ1fkOJEJsEKeoBRkL1d3ZXvCsXGindY=","pkey":"IVDLDIc/UR2R0eqCebreZM8B35AkhpLNQlDAQo1d3pv6xGuCNUZnfdT8miiNLVuQ0aQc3ndb5kQ3ZyWoBu5KxMMOo64Rs8dCiYktgBIPjfKaFdFbYDsMoyegQ1mqaAwlwdPmWKnKLtdS4gEJb6SwlLxyCKkwN+92L/E/pOoYE84="}
[ INFO ] [2019-11-20 19:17:42] [http-nio-8080-exec-4] INFO :  com.wchat.aspect.WsAspect [55] - 请求：com.wchat.controller.WebSocketController.registerUserDecrypted paramete：{"email":"111","publicKey":"2","pw":"123abcABC","sessionId":"2","userName":"123456","uuid":"4ecb8ee6","verifiCode":"jsm2"}
[ INFO ] [2019-11-20 19:17:42] [http-nio-8080-exec-4] INFO :  com.wchat.aspect.WsAspect [57] - 请求：com.wchat.controller.WebSocketController.registerUserFilter the parameters after xss：{"email":"111","publicKey":"2","pw":"123abcABC","sessionId":"2","userName":"123456","uuid":"4ecb8ee6","verifiCode":"jsm2"}
[ INFO ] [2019-11-20 19:17:47] [http-nio-8080-exec-5] INFO :  com.wchat.aspect.WsAspect [45] - Raw parameter：{"msgType":1,"pageNo":1,"pageSize":10,"pdata":"2OJ0ludyFGPqk2ldHl5rnuQ53KnRcYBJi5fxmAlvaJ5w/6MPRwHD6uYo9gT4mMH5SSZcpz3LgE1ZKruoUhGyhfJ8pgRbNmLB1sCbGU3kt7lD9QZyUz/8Jdp+OSRCPmLxGGvM6pziND6gQ1fkOJEJsEKeoBRkL1d3ZXvCsXGindY=","pkey":"a7zm2nEYJp7TWmu7TP1wt7mKK2Zt4zEhep4LVO34P87oyx3h4rhpLPDJtismQQg5wkgMOqFKK9IV6MeD8qAyYeFiQ9Q52SEL9EB/GJh04BfOsAlEKBhNOeHstbUCH3/5X/p0WVnFOBI5qcRacHJ7F8tXVnfwaJGiTbrcsqK5YV4="}
[ INFO ] [2019-11-20 19:17:47] [http-nio-8080-exec-5] INFO :  com.wchat.aspect.WsAspect [55] - 请求：com.wchat.controller.WebSocketController.registerUserDecrypted paramete：{"email":"111","publicKey":"2","pw":"123abcABC","sessionId":"2","userName":"123456","uuid":"4ecb8ee6","verifiCode":"jsm2"}
[ INFO ] [2019-11-20 19:17:47] [http-nio-8080-exec-5] INFO :  com.wchat.aspect.WsAspect [57] - 请求：com.wchat.controller.WebSocketController.registerUserFilter the parameters after xss：{"email":"111","publicKey":"2","pw":"123abcABC","sessionId":"2","userName":"123456","uuid":"4ecb8ee6","verifiCode":"jsm2"}
[ INFO ] [2019-11-20 19:17:58] [http-nio-8080-exec-7] INFO :  com.wchat.aspect.WsAspect [45] - Raw parameter：{"msgType":1,"pageNo":1,"pageSize":10,"pdata":"2OJ0ludyFGPqk2ldHl5rnuQ53KnRcYBJi5fxmAlvaJ5w/6MPRwHD6uYo9gT4mMH5SSZcpz3LgE1ZKruoUhGyhfJ8pgRbNmLB1sCbGU3kt7neTksNZgEIt5vh2lRLsvANOxBSDfOccI+ZbGAA5LPCqSRJIW5TInWA4l82mLIQxvQ=","pkey":"UmIZipwMeVd5gKLSQtXftYyXNGyXRl3ikVxF0hwlk8/7fYQDdqU4TxbP5MbNE5TYpWSMc3hHTq4k+Hdsa/SUpjVb539Xpk6kpoml5gqpZ31sXHo5NB/BuA/1iBqw0pBNHJyB7e+T2+R8gkRQCU3VhphthxXmL/OldaIF8WrQ7aY="}
[ INFO ] [2019-11-20 19:17:58] [http-nio-8080-exec-7] INFO :  com.wchat.aspect.WsAspect [55] - 请求：com.wchat.controller.WebSocketController.registerUserDecrypted paramete：{"email":"111","publicKey":"2","pw":"123abcABC","sessionId":"2","userName":"123456","uuid":"eceeafb6","verifiCode":"bhek"}
[ INFO ] [2019-11-20 19:17:58] [http-nio-8080-exec-7] INFO :  com.wchat.aspect.WsAspect [57] - 请求：com.wchat.controller.WebSocketController.registerUserFilter the parameters after xss：{"email":"111","publicKey":"2","pw":"123abcABC","sessionId":"2","userName":"123456","uuid":"eceeafb6","verifiCode":"bhek"}
[ INFO ] [2019-11-20 19:20:54] [SpringContextShutdownHook] INFO :  org.springframework.scheduling.concurrent.ThreadPoolTaskScheduler [208] - Shutting down ExecutorService 'taskScheduler'
[ INFO ] [2019-11-20 19:20:54] [SpringContextShutdownHook] INFO :  org.springframework.scheduling.concurrent.ThreadPoolTaskExecutor [208] - Shutting down ExecutorService 'applicationTaskExecutor'
[ INFO ] [2019-11-20 19:20:54] [SpringContextShutdownHook] INFO :  com.alibaba.druid.pool.DruidDataSource [1825] - {dataSource-1} closed
[ INFO ] [2019-11-20 19:26:12] [main] INFO :  com.wchat.boot.WchatApplication [55] - Starting WchatApplication on DESKTOP-OUEVNL0 with PID 2188 (C:\Users\Administrator\Desktop\wchat\target\classes started by Administrator in C:\Users\Administrator\Desktop\wchat)
[ INFO ] [2019-11-20 19:26:12] [main] INFO :  com.wchat.boot.WchatApplication [651] - No active profile set, falling back to default profiles: default
[ INFO ] [2019-11-20 19:26:14] [main] INFO :  org.springframework.boot.web.embedded.tomcat.TomcatWebServer [92] - Tomcat initialized with port(s): 8080 (http)
[ INFO ] [2019-11-20 19:26:14] [main] INFO :  org.apache.coyote.http11.Http11NioProtocol [173] - Initializing ProtocolHandler ["http-nio-8080"]
[ INFO ] [2019-11-20 19:26:14] [main] INFO :  org.apache.catalina.core.StandardService [173] - Starting service [Tomcat]
[ INFO ] [2019-11-20 19:26:14] [main] INFO :  org.apache.catalina.core.StandardEngine [173] - Starting Servlet engine: [Apache Tomcat/9.0.27]
[ INFO ] [2019-11-20 19:26:14] [main] INFO :  org.apache.catalina.core.ContainerBase.[Tomcat].[localhost].[/] [173] - Initializing Spring embedded WebApplicationContext
[ INFO ] [2019-11-20 19:26:14] [main] INFO :  org.springframework.web.context.ContextLoader [284] - Root WebApplicationContext: initialization completed in 2733 ms
[ INFO ] [2019-11-20 19:26:15] [main] INFO :  com.wchat.boot.KeyCache [28] - system init build SecurityKey
[ INFO ] [2019-11-20 19:26:15] [main] INFO :  com.alibaba.druid.pool.DruidDataSource [930] - {dataSource-1} inited
[ INFO ] [2019-11-20 19:26:16] [main] INFO :  org.springframework.scheduling.concurrent.ThreadPoolTaskExecutor [171] - Initializing ExecutorService 'applicationTaskExecutor'
[ WARN ] [2019-11-20 19:26:17] [main] WARN :  o.s.boot.autoconfigure.thymeleaf.ThymeleafAutoConfiguration$DefaultTemplateResolverConfiguration [106] - Cannot find template location: classpath:/templates/ (please add some templates or check your Thymeleaf configuration)
[ INFO ] [2019-11-20 19:26:17] [main] INFO :  org.springframework.scheduling.concurrent.ThreadPoolTaskScheduler [171] - Initializing ExecutorService 'taskScheduler'
[ INFO ] [2019-11-20 19:26:17] [main] INFO :  org.apache.coyote.http11.Http11NioProtocol [173] - Starting ProtocolHandler ["http-nio-8080"]
[ INFO ] [2019-11-20 19:26:17] [main] INFO :  org.springframework.boot.web.embedded.tomcat.TomcatWebServer [204] - Tomcat started on port(s): 8080 (http) with context path ''
[ INFO ] [2019-11-20 19:26:17] [main] INFO :  com.wchat.boot.WchatApplication [61] - Started WchatApplication in 6.983 seconds (JVM running for 19.655)
[ INFO ] [2019-11-20 19:27:31] [http-nio-8080-exec-1] INFO :  org.apache.catalina.core.ContainerBase.[Tomcat].[localhost].[/] [173] - Initializing Spring DispatcherServlet 'dispatcherServlet'
[ INFO ] [2019-11-20 19:27:31] [http-nio-8080-exec-1] INFO :  org.springframework.web.servlet.DispatcherServlet [525] - Initializing Servlet 'dispatcherServlet'
[ INFO ] [2019-11-20 19:27:31] [http-nio-8080-exec-1] INFO :  org.springframework.web.servlet.DispatcherServlet [547] - Completed initialization in 18 ms
[ INFO ] [2019-11-20 19:27:31] [http-nio-8080-exec-1] INFO :  com.wchat.aspect.WsAspect [45] - Raw parameter：{"msgType":1,"pageNo":1,"pageSize":10,"pdata":"2OJ0ludyFGPqk2ldHl5rnuQ53KnRcYBJi5fxmAlvaJ5w/6MPRwHD6uYo9gT4mMH5SSZcpz3LgE1ZKruoUhGyhfJ8pgRbNmLB1sCbGU3kt7nR25wT0K+tsI3WHRHpbgsihwp7A9WNXgeykOBoc4ggEW8ImPQZy9OttB+zul8FXnE=","pkey":"nrKcyT0mjSW9bCCmxcAASCVueNKpcs3UPATnM7gQ2WJOhPhD/yDqViEt5JFO2BKH4oM0XOgIfAcLuZxHLzLlJ5Wv5Z22XWZEiNMa0ZRhicJOHl4YycBNeFkTDJJ24w9ryWrzqf5KR3LO4QTKWNKu8xm/3FKv7RL4xjNAbQDYsC4="}
[ INFO ] [2019-11-20 19:28:31] [http-nio-8080-exec-7] INFO :  com.wchat.aspect.WsAspect [45] - Raw parameter：{"msgType":1,"pageNo":1,"pageSize":10,"pdata":"FjHz/B1SMtwuLTOT0eZYn8kg7citWaCp8ndskkYLfu5gCwairRuzdDQ7vIXFmc6S1H1BrKi4HOcc3ogmDomwrSLQ9+0LyXlqS2w2MpTMG1CrABJ2RxVEOq55na3Orh8C/pnJp1442ahRbC0weEN7ZosgKqroklrG5dnPtqLFwEg=","pkey":"LHdSTeeodu4dhd6cSBU5FwPoimxrvsvK2GK45SREOnNJUUUBWKPkZHmXQxJ3xKihNQ+vOLx33LsdbHS3bOkKonDmEWvwXwHaBUXWB+IZXfS3+3+VjZMM9WfT/YH9SXAcQDv+IY5XWUnWtBNmUraNciU3+X1QgfaaqQzzKG3LwPo="}
[ INFO ] [2019-11-20 19:28:31] [http-nio-8080-exec-7] INFO :  com.wchat.aspect.WsAspect [55] - 请求：com.wchat.controller.WebSocketController.registerUserDecrypted paramete：{"email":"1","publicKey":"2","pw":"123abcABC","sessionId":"2","userName":"123456","uuid":"01d102be","verifiCode":"mt4p"}
[ INFO ] [2019-11-20 19:28:31] [http-nio-8080-exec-7] INFO :  com.wchat.aspect.WsAspect [57] - 请求：com.wchat.controller.WebSocketController.registerUserFilter the parameters after xss：{"email":"1","publicKey":"2","pw":"123abcABC","sessionId":"2","userName":"123456","uuid":"01d102be","verifiCode":"mt4p"}
[ INFO ] [2019-11-20 19:30:07] [http-nio-8080-exec-1] INFO :  com.wchat.aspect.WsAspect [45] - Raw parameter：{"msgType":1,"pageNo":1,"pageSize":10,"pdata":"GhnmtCV2BDl/HxRVm0dFoerAvp0yJaOdS6WAss9pJjvOYDFpgZ5y5byyfVHv+CngQ2i0k0a9NPWQv18NcZN+xSebjf3miK4x5KvTiyHpRJo=","pkey":"qpVsvX1GUUJqyiAr7pncp5L94LhG8QRZgSc4ZO/FHFZLt8rFAH6f852KUCQ/BsbNoJIfQBxlPCSP1BPTnHZFeiVH9yicMuvQhQ/EWLUlMvYo3nAYJdOVKYUTKeEz7m4o3kuqnriBrvr+BslkEL15mBB8KR897Xl7FQulFPiNT0c="}
[ INFO ] [2019-11-20 19:30:07] [http-nio-8080-exec-1] INFO :  com.wchat.aspect.WsAspect [55] - 请求：com.wchat.controller.WebSocketController.userLoginDecrypted paramete：{"pw":"123456","userName":"nuoo","uuid":"80e3bde4","verifiCode":"mb4z"}
[ INFO ] [2019-11-20 19:30:07] [http-nio-8080-exec-1] INFO :  com.wchat.aspect.WsAspect [57] - 请求：com.wchat.controller.WebSocketController.userLoginFilter the parameters after xss：{"pw":"123456","userName":"nuoo","uuid":"80e3bde4","verifiCode":"mb4z"}
[ INFO ] [2019-11-20 19:30:17] [http-nio-8080-exec-4] INFO :  com.wchat.aspect.WsAspect [45] - Raw parameter：{"msgType":1,"pageNo":1,"pageSize":10,"pdata":"GhnmtCV2BDl/HxRVm0dFoerAvp0yJaOdS6WAss9pJjuxWRceMW3oQ/pi1kL/MwLP/dgbGp43ZIgH9SZv/XFs1rU2kq9AWeI0utxK0SiNLeM=","pkey":"hJPPstPRUI9vNunegO1suAB9eFanGxQtHX7My5gr1kuK+wMERTV2S4dwvy6p+0Nov1xyHTYBRGgNnJUZosn3X1QqIARBzAmvDF0f/VRAdnjtkR8zDhd/RALeyQ3HNI4Z5xFMWOfz+K1lQS8QKc6iWPsd9DHIBtRX+oSSihQgXLw="}
[ INFO ] [2019-11-20 19:30:17] [http-nio-8080-exec-4] INFO :  com.wchat.aspect.WsAspect [55] - 请求：com.wchat.controller.WebSocketController.userLoginDecrypted paramete：{"pw":"123456","userName":"nuoo","uuid":"54b8d56b","verifiCode":"yufy"}
[ INFO ] [2019-11-20 19:30:17] [http-nio-8080-exec-4] INFO :  com.wchat.aspect.WsAspect [57] - 请求：com.wchat.controller.WebSocketController.userLoginFilter the parameters after xss：{"pw":"123456","userName":"nuoo","uuid":"54b8d56b","verifiCode":"yufy"}
[ INFO ] [2019-11-20 19:30:18] [http-nio-8080-exec-3] INFO :  com.wchat.aspect.WsAspect [45] - Raw parameter：{"msgType":1,"pageNo":1,"pageSize":10,"pdata":"DTeaMw4DvpfZlqyLPl9+QeQ9ZEqg2ReTj6wtePRdkVH/yuMklcRu0aelacw1Dybkn/HgkoHGeMTtC2AlNPt94KZkm0AC/FQNFaspywQz+ti9zDmeyTXvIDyUxBQh0nHI","pkey":"r4B+4/mX9XWvbFLQI8Mx0pnOKLjJ75r5v61WFm055ysGLvyjutbAVl8ez7sEWEIcPJzgV7lTnkJcwSIhcvpDS+O36ozw1DrYD9ev3Gmg8eEmVawbeYTbQpoiUfDNaHRYBKBKXsbBeE3X0SNpc00GPvgy2Q4iBvnUyR/14VmNkNs="}
[ INFO ] [2019-11-20 19:30:18] [http-nio-8080-exec-3] INFO :  com.wchat.aspect.WsAspect [55] - 请求：com.wchat.controller.WebSocketController.getLineListDecrypted paramete：{"sessionId":0,"token":"ikNOXQhzwZBISxne9toxInInL1QXh/i8Hwkz2a++8K8OagYV2t+f3Bye0rqlZIyx"}
[ INFO ] [2019-11-20 19:30:18] [http-nio-8080-exec-3] INFO :  com.wchat.aspect.WsAspect [57] - 请求：com.wchat.controller.WebSocketController.getLineListFilter the parameters after xss：{"sessionId":0,"token":"ikNOXQhzwZBISxne9toxInInL1QXh/i8Hwkz2a++8K8OagYV2t+f3Bye0rqlZIyx"}
[ INFO ] [2019-11-20 19:30:18] [http-nio-8080-exec-5] INFO :  com.wchat.socket.WebSocketServer [38] - 有连接加入，当前连接数为：1
[ INFO ] [2019-11-20 19:30:18] [http-nio-8080-exec-6] INFO :  com.wchat.aspect.WsAspect [45] - Raw parameter：{"msgType":1,"pageNo":1,"pageSize":10,"pdata":"2BrbqJBz9VEqaDjKJyeXArcFSwno5+sA1S3UVF45v5ebC0HLUEPTGplYs+vUrd5cpPJ6uXAvzcN/oBLsmDFq0vDGfeQJfopgJxYem1SocpdqdmaAqnavzbp/Edx2Jkff","pkey":"xbuazoXtncXGMN4hAJRL/wJWb/pJOIkfpg6+JCE3Eiym/ehjwHpaB7NM8zzEqixsJLS1QYv1I8XZYc0ROLLAP0XAHZ6xNtoA+UJG4/5dQiDnjoBOxl2CFRcrgQpWSzor68iOLjaA2sk8Gg6VpCbDlzMC4ZsVnIOBIQB8fq1oinY="}
[ INFO ] [2019-11-20 19:30:18] [http-nio-8080-exec-6] INFO :  com.wchat.aspect.WsAspect [55] - 请求：com.wchat.controller.WebSocketController.update4SessionDecrypted paramete：{"sessionId":"0","token":"ikNOXQhzwZBISxne9toxInInL1QXh/i8Hwkz2a++8K8OagYV2t+f3Bye0rqlZIyx"}
[ INFO ] [2019-11-20 19:30:18] [http-nio-8080-exec-6] INFO :  com.wchat.aspect.WsAspect [57] - 请求：com.wchat.controller.WebSocketController.update4SessionFilter the parameters after xss：{"sessionId":"0","token":"ikNOXQhzwZBISxne9toxInInL1QXh/i8Hwkz2a++8K8OagYV2t+f3Bye0rqlZIyx"}
[ INFO ] [2019-11-20 19:30:21] [http-nio-8080-exec-8] INFO :  com.wchat.aspect.WsAspect [45] - Raw parameter：{"msgType":1,"pageNo":1,"pageSize":10,"pdata":"qajFUaH7xhjM6TR9AGDD6QULrwDVIwf2JBKHviux1YjctsOlsf/Qfryi9a7pLMUFf9Q/xeUnoX19W6ZSYMoYUzm+FjFd9yS6L/LEqlAUvwTkKLOe29KJ0ZchLEbuMWwO","pkey":"Kx5tE1fzSWaMqRh2ykqmhwEK0QNYc8/04LQlkls569cN1WEuZachkwNTJsu0Jt/QoKfua/uxe/bVC0YWYobAVWIDFf7CR0DU2Tf9Hwg+EdS4Tjxad3stqMT/QP/4wKr7GOb9BoTJPkEikQtk+KdcBjhUwFY4JAFAP1zbf7oO+hY="}
[ INFO ] [2019-11-20 19:30:21] [http-nio-8080-exec-8] INFO :  com.wchat.aspect.WsAspect [55] - 请求：com.wchat.controller.WebSocketController.autoLoginDecrypted paramete：{"sessionId":0,"token":"ikNOXQhzwZBISxne9toxInInL1QXh/i8Hwkz2a++8K8OagYV2t+f3Bye0rqlZIyx"}
[ INFO ] [2019-11-20 19:30:21] [http-nio-8080-exec-8] INFO :  com.wchat.aspect.WsAspect [57] - 请求：com.wchat.controller.WebSocketController.autoLoginFilter the parameters after xss：{"sessionId":0,"token":"ikNOXQhzwZBISxne9toxInInL1QXh/i8Hwkz2a++8K8OagYV2t+f3Bye0rqlZIyx"}
[ INFO ] [2019-11-20 19:30:21] [http-nio-8080-exec-9] INFO :  com.wchat.aspect.WsAspect [45] - Raw parameter：{"msgType":1,"pageNo":1,"pageSize":10,"pdata":"qajFUaH7xhjM6TR9AGDD6QULrwDVIwf2JBKHviux1YjctsOlsf/Qfryi9a7pLMUFf9Q/xeUnoX19W6ZSYMoYUzm+FjFd9yS6L/LEqlAUvwTkKLOe29KJ0ZchLEbuMWwO","pkey":"JDp6HC6UCWpiCTGSZm2ks4aCDSblPL054m/qK2jhBntfXtAl2+44aWHu5jidXWJPiNQVCB2R6eNu2onCHa9QJEqaitC+hciIpW7crx04JGGrfA76qO0a4vg8a1TRxkRQPctS4Q89FfHlglXVWZyUKw+8zSif+56cXYo1k5D/660="}
[ INFO ] [2019-11-20 19:30:21] [http-nio-8080-exec-9] INFO :  com.wchat.aspect.WsAspect [55] - 请求：com.wchat.controller.WebSocketController.getLineListDecrypted paramete：{"sessionId":0,"token":"ikNOXQhzwZBISxne9toxInInL1QXh/i8Hwkz2a++8K8OagYV2t+f3Bye0rqlZIyx"}
[ INFO ] [2019-11-20 19:30:21] [http-nio-8080-exec-9] INFO :  com.wchat.aspect.WsAspect [57] - 请求：com.wchat.controller.WebSocketController.getLineListFilter the parameters after xss：{"sessionId":0,"token":"ikNOXQhzwZBISxne9toxInInL1QXh/i8Hwkz2a++8K8OagYV2t+f3Bye0rqlZIyx"}
[ INFO ] [2019-11-20 19:30:21] [http-nio-8080-exec-10] INFO :  com.wchat.socket.WebSocketServer [38] - 有连接加入，当前连接数为：2
[ INFO ] [2019-11-20 19:30:21] [http-nio-8080-exec-1] INFO :  com.wchat.aspect.WsAspect [45] - Raw parameter：{"msgType":1,"pageNo":1,"pageSize":10,"pdata":"RpsrREHyi5WjJ+ZL79c/xPKfyjz1B3RsaHV9GU1S0x+t5e/iMCWOpLnLCK0SANTXMVdsS1T8eb7hnDA7R5soKXz5RgTghBUwwV7knGL/Yy7nQ8tPQrAtYScVV0JYgS6V","pkey":"K5akOj2FY7K67F6B1DihdiDJJeciGZ36UcX6KJiDforh/TYCy06iXzry2v62jhaI4Y+TnobqL80ILX7P9Kg7DFi2lGt1UfOutV78wgAqSIAgS4DDDo9PIzw9TZO1FktnntEbXyt0/gwywH657lmgWr6hVc9GOeVbj4qATV1tfbk="}
[ INFO ] [2019-11-20 19:30:21] [http-nio-8080-exec-1] INFO :  com.wchat.aspect.WsAspect [55] - 请求：com.wchat.controller.WebSocketController.update4SessionDecrypted paramete：{"sessionId":"1","token":"ikNOXQhzwZBISxne9toxInInL1QXh/i8Hwkz2a++8K8OagYV2t+f3Bye0rqlZIyx"}
[ INFO ] [2019-11-20 19:30:21] [http-nio-8080-exec-1] INFO :  com.wchat.aspect.WsAspect [57] - 请求：com.wchat.controller.WebSocketController.update4SessionFilter the parameters after xss：{"sessionId":"1","token":"ikNOXQhzwZBISxne9toxInInL1QXh/i8Hwkz2a++8K8OagYV2t+f3Bye0rqlZIyx"}
[ INFO ] [2019-11-20 19:30:24] [http-nio-8080-exec-2] INFO :  com.wchat.aspect.WsAspect [45] - Raw parameter：{"msgType":1,"pageNo":1,"pageSize":10,"pdata":"qajFUaH7xhjM6TR9AGDD6QULrwDVIwf2JBKHviux1YjctsOlsf/Qfryi9a7pLMUFf9Q/xeUnoX19W6ZSYMoYUzm+FjFd9yS6L/LEqlAUvwTkKLOe29KJ0ZchLEbuMWwO","pkey":"WA9UdUHCDynLghgiiMM6PuVnjTqYenXO8SyXxM35IHjD4lsyC7zExaNagHEKafP2qRe4BvyAQorjASb3mqPnAg9PJ6Gpopuoc9WjwO57zMnlWeBty1k9x/wLS67QRCxP2Pf7BGMOmO3BAELwyFkdOxAklCnBs4qHg3AaNVcdb3Q="}
[ INFO ] [2019-11-20 19:30:24] [http-nio-8080-exec-2] INFO :  com.wchat.aspect.WsAspect [55] - 请求：com.wchat.controller.WebSocketController.offlineDecrypted paramete：{"sessionId":0,"token":"ikNOXQhzwZBISxne9toxInInL1QXh/i8Hwkz2a++8K8OagYV2t+f3Bye0rqlZIyx"}
[ INFO ] [2019-11-20 19:30:24] [http-nio-8080-exec-2] INFO :  com.wchat.aspect.WsAspect [57] - 请求：com.wchat.controller.WebSocketController.offlineFilter the parameters after xss：{"sessionId":0,"token":"ikNOXQhzwZBISxne9toxInInL1QXh/i8Hwkz2a++8K8OagYV2t+f3Bye0rqlZIyx"}
[ INFO ] [2019-11-20 19:31:09] [http-nio-8080-exec-7] INFO :  com.wchat.aspect.WsAspect [45] - Raw parameter：{"msgType":1,"pageNo":1,"pageSize":10,"pdata":"QLMQ5dxhel00akt5uQfx1BxZecRf5SgPg+rwFFIbDl6WEcwmgYQipefO6maBy0+sGd4V7/SgTrVNGI/KnjWrSo+W0HkPjurBq59i/3z4m0yoQEjxgDOe3NFsWD56Jwe0","pkey":"pnl0uwgNpXmyOi67ST34r8BZdwFcwxKMOTIMpo2kizs7rDoeCXuEGdeMsmh8/kkPEa/xXwlW8IHwLK0VPKRuxNfkFnjvJugqVHf2I0Sb/+8lNfh6QzV/dh8BFrNeVricOrPES96H7ieWHCuU4H+IRjesbdK8ljc7Whl5vdEtpRU="}
[ INFO ] [2019-11-20 19:31:09] [http-nio-8080-exec-7] INFO :  com.wchat.aspect.WsAspect [55] - 请求：com.wchat.controller.WebSocketController.autoLoginDecrypted paramete：{"sessionId":0,"token":"PUCBJblHve0d83FnuH3i2RwgLIBlvXCaHtyfTmV3PdXn1c89nml4x9bP9cMB8pim"}
[ INFO ] [2019-11-20 19:31:09] [http-nio-8080-exec-7] INFO :  com.wchat.aspect.WsAspect [57] - 请求：com.wchat.controller.WebSocketController.autoLoginFilter the parameters after xss：{"sessionId":0,"token":"PUCBJblHve0d83FnuH3i2RwgLIBlvXCaHtyfTmV3PdXn1c89nml4x9bP9cMB8pim"}
[ INFO ] [2019-11-20 19:31:44] [http-nio-8080-exec-3] INFO :  com.wchat.aspect.WsAspect [45] - Raw parameter：{"msgType":1,"pageNo":1,"pageSize":10,"pdata":"P9WAevVa1t9gKDM4ofn8mumRaejdE/hwO+2/tQ5I4omAidnhmpCorNuDLx3nkS+suXw0VSvaeAWCMRkvJRQkUdQDEhDRkfxXKf8sfALIJa9gPK5BBcBjIe54bhDXDKaKTVjLEZOhRZbaG/07LPJr1w==","pkey":"sNDwm6m+Yn5ISMJMjXsJIuW6chtSFKxrw3URN93jDnnpcJGRhJp3xI3++uZoq565DylcMRQmQFVPJ0QqGnOouRgPcbJLTqo+y5PWLWhEwSBX09O8mcaWmsKrrOXKFpSMdpBez3l6CtDxIKnHb86gWVo1d4s2XyfVbrPOEpBCu2s="}
[ INFO ] [2019-11-20 19:31:44] [http-nio-8080-exec-3] INFO :  com.wchat.aspect.WsAspect [55] - 请求：com.wchat.controller.WebSocketController.registerUserDecrypted paramete：{"publicKey":"2","pw":"11111111aA","sessionId":"2","userName":"9999","uuid":"ec4a57b9","verifiCode":"hdy6"}
[ INFO ] [2019-11-20 19:31:44] [http-nio-8080-exec-3] INFO :  com.wchat.aspect.WsAspect [57] - 请求：com.wchat.controller.WebSocketController.registerUserFilter the parameters after xss：{"publicKey":"2","pw":"11111111aA","sessionId":"2","userName":"9999","uuid":"ec4a57b9","verifiCode":"hdy6"}
[ INFO ] [2019-11-20 19:35:58] [http-nio-8080-exec-7] INFO :  com.wchat.aspect.WsAspect [45] - Raw parameter：{"msgType":1,"pageNo":1,"pageSize":10,"pdata":"EKtns4Pk85r7OOskvG5sB61MztcLecLkPdnm4TnShpl4zoFv4g26n4ubRzg3NiH0xOQMVgE98BZiPqRuZOjlFCqGgPfXE1TbIWJhCEVEvIwZ75PXWp7ITgaWu/ZtXwVzXiPxodA4quqNp7Up11sd3YELx2xKkapfHhUXIBSLyEI=","pkey":"jW8mvJhJel+scQfdrcn0y7e2gQ0gPlHWrhUNqat6HNOyiCU2hAkF7T5lyNLV9wnA/WBabFNwatPw0uzzJ4Ld+Gr0XwMewFoC93cMBIipIrzQD6mD97U80yDlDtGcGE3+2YVADCW/kY2T4bVy/aaf46ERfZrA8s58MBWaMfvZnEw="}
[ INFO ] [2019-11-20 19:36:10] [http-nio-8080-exec-7] INFO :  com.wchat.aspect.WsAspect [55] - 请求：com.wchat.controller.WebSocketController.registerUserDecrypted paramete：{"email":"1","publicKey":"2","pw":"123abcABC","sessionId":"2","userName":"123456","uuid":"85ad728b","verifiCode":"mz6f"}
[ INFO ] [2019-11-20 19:36:11] [http-nio-8080-exec-7] INFO :  com.wchat.aspect.WsAspect [57] - 请求：com.wchat.controller.WebSocketController.registerUserFilter the parameters after xss：{"email":"1","publicKey":"2","pw":"123abcABC","sessionId":"2","userName":"123456","uuid":"85ad728b","verifiCode":"mz6f"}
[ INFO ] [2019-11-20 19:37:27] [SpringContextShutdownHook] INFO :  org.springframework.scheduling.concurrent.ThreadPoolTaskScheduler [208] - Shutting down ExecutorService 'taskScheduler'
[ INFO ] [2019-11-20 19:37:27] [SpringContextShutdownHook] INFO :  org.springframework.scheduling.concurrent.ThreadPoolTaskExecutor [208] - Shutting down ExecutorService 'applicationTaskExecutor'
[ INFO ] [2019-11-20 19:37:27] [SpringContextShutdownHook] INFO :  com.alibaba.druid.pool.DruidDataSource [1825] - {dataSource-1} closed
[ INFO ] [2019-11-20 19:37:28] [SpringContextShutdownHook] INFO :  com.wchat.socket.WebSocketServer [50] - 有连接关闭，当前连接数为：1
[ INFO ] [2019-11-20 19:37:28] [SpringContextShutdownHook] INFO :  com.wchat.socket.WebSocketServer [50] - 有连接关闭，当前连接数为：0
[ INFO ] [2019-11-20 19:37:39] [main] INFO :  com.wchat.boot.WchatApplication [55] - Starting WchatApplication on DESKTOP-OUEVNL0 with PID 14500 (C:\Users\Administrator\Desktop\wchat\target\classes started by Administrator in C:\Users\Administrator\Desktop\wchat)
[ INFO ] [2019-11-20 19:37:39] [main] INFO :  com.wchat.boot.WchatApplication [651] - No active profile set, falling back to default profiles: default
[ INFO ] [2019-11-20 19:37:42] [main] INFO :  org.springframework.boot.web.embedded.tomcat.TomcatWebServer [92] - Tomcat initialized with port(s): 8080 (http)
[ INFO ] [2019-11-20 19:37:42] [main] INFO :  org.apache.coyote.http11.Http11NioProtocol [173] - Initializing ProtocolHandler ["http-nio-8080"]
[ INFO ] [2019-11-20 19:37:42] [main] INFO :  org.apache.catalina.core.StandardService [173] - Starting service [Tomcat]
[ INFO ] [2019-11-20 19:37:42] [main] INFO :  org.apache.catalina.core.StandardEngine [173] - Starting Servlet engine: [Apache Tomcat/9.0.27]
[ INFO ] [2019-11-20 19:37:42] [main] INFO :  org.apache.catalina.core.ContainerBase.[Tomcat].[localhost].[/] [173] - Initializing Spring embedded WebApplicationContext
[ INFO ] [2019-11-20 19:37:42] [main] INFO :  org.springframework.web.context.ContextLoader [284] - Root WebApplicationContext: initialization completed in 2273 ms
[ INFO ] [2019-11-20 19:37:42] [main] INFO :  com.wchat.boot.KeyCache [28] - system init build SecurityKey
[ INFO ] [2019-11-20 19:37:43] [main] INFO :  com.alibaba.druid.pool.DruidDataSource [930] - {dataSource-1} inited
[ INFO ] [2019-11-20 19:37:44] [main] INFO :  org.springframework.scheduling.concurrent.ThreadPoolTaskExecutor [171] - Initializing ExecutorService 'applicationTaskExecutor'
[ WARN ] [2019-11-20 19:37:44] [main] WARN :  o.s.boot.autoconfigure.thymeleaf.ThymeleafAutoConfiguration$DefaultTemplateResolverConfiguration [106] - Cannot find template location: classpath:/templates/ (please add some templates or check your Thymeleaf configuration)
[ INFO ] [2019-11-20 19:37:44] [main] INFO :  org.springframework.scheduling.concurrent.ThreadPoolTaskScheduler [171] - Initializing ExecutorService 'taskScheduler'
[ INFO ] [2019-11-20 19:37:44] [main] INFO :  org.apache.coyote.http11.Http11NioProtocol [173] - Starting ProtocolHandler ["http-nio-8080"]
[ INFO ] [2019-11-20 19:37:44] [main] INFO :  org.springframework.boot.web.embedded.tomcat.TomcatWebServer [204] - Tomcat started on port(s): 8080 (http) with context path ''
[ INFO ] [2019-11-20 19:37:44] [main] INFO :  com.wchat.boot.WchatApplication [61] - Started WchatApplication in 5.725 seconds (JVM running for 12.823)
[ INFO ] [2019-11-20 19:37:54] [http-nio-8080-exec-1] INFO :  org.apache.catalina.core.ContainerBase.[Tomcat].[localhost].[/] [173] - Initializing Spring DispatcherServlet 'dispatcherServlet'
[ INFO ] [2019-11-20 19:37:54] [http-nio-8080-exec-1] INFO :  org.springframework.web.servlet.DispatcherServlet [525] - Initializing Servlet 'dispatcherServlet'
[ INFO ] [2019-11-20 19:37:54] [http-nio-8080-exec-1] INFO :  org.springframework.web.servlet.DispatcherServlet [547] - Completed initialization in 10 ms
[ INFO ] [2019-11-20 19:37:59] [http-nio-8080-exec-3] INFO :  com.wchat.socket.WebSocketServer [38] - 有连接加入，当前连接数为：1
[ INFO ] [2019-11-20 19:38:44] [http-nio-8080-exec-4] INFO :  com.wchat.aspect.WsAspect [45] - Raw parameter：{"msgType":1,"pageNo":1,"pageSize":10,"pdata":"EKtns4Pk85r7OOskvG5sB61MztcLecLkPdnm4TnShpl4zoFv4g26n4ubRzg3NiH0xOQMVgE98BZiPqRuZOjlFCqGgPfXE1TbIWJhCEVEvIzRN7zRFOZ6sPvRcmRikIcuGraTrXFmZhiHJfMXgOVEPNbTdyxcVom3tvUzF7Riqz8=","pkey":"qOPJ7/gSMtSuzxkcOX0KUqZpcKT0rkA1FfoElVCKvwSEP/afSiOsqNHjPTVjZIK3P1aJCwlIPUrcT5TzU96/zTP1MFaoIT2focKFuzpw8ZAgiNGfXGZnoDe7CCvca3LJh3IWvT06FtnX/Du1TMSJYKRSDEMT3C82HlkL9aPc8c4="}
[ ERROR] [2019-11-20 19:38:59] [http-nio-8080-exec-5] ERROR:  com.wchat.socket.WebSocketServer [73] - 发生错误：null，Session ID： 0
[ INFO ] [2019-11-20 19:38:59] [http-nio-8080-exec-5] INFO :  com.wchat.socket.WebSocketServer [50] - 有连接关闭，当前连接数为：0
[ INFO ] [2019-11-20 19:39:08] [http-nio-8080-exec-7] INFO :  com.wchat.socket.WebSocketServer [38] - 有连接加入，当前连接数为：1
[ INFO ] [2019-11-20 19:40:11] [http-nio-8080-exec-4] INFO :  com.wchat.aspect.WsAspect [45] - Raw parameter：{"msgType":1,"pageNo":1,"pageSize":10,"pdata":"EKtns4Pk85r7OOskvG5sB61MztcLecLkPdnm4TnShpl4zoFv4g26n4ubRzg3NiH0xOQMVgE98BZiPqRuZOjlFCqGgPfXE1TbIWJhCEVEvIzXhU/t1GvtYUd1yEPLJUnDUafFDYuDsFNgDAQxtalcMG6lkgybsO67jFXBRkmyXCo=","pkey":"TkoqVdLF7iVQoiYjm8rn74FpwKfuu4Lt9E3tHoeO5M/slWY0H4tb9VHV9Q5UXeGk73tfM2cVr0icVmSJmYhPhwX7QyjzhYr9ZsXEd/5iTFCUQXmDof3s81Z5iAzl9i3K/IJ1FqJfh7p62tmg5/pyfGmIoQJEmEJx9d/bT7a/TYA="}
[ INFO ] [2019-11-20 19:40:11] [http-nio-8080-exec-4] INFO :  com.wchat.aspect.WsAspect [55] - 请求：com.wchat.controller.WebSocketController.registerUserDecrypted paramete：{"email":"1","publicKey":"2","pw":"123abcABC","sessionId":"2","userName":"123456","uuid":"e118c35c","verifiCode":"nbky"}
[ INFO ] [2019-11-20 19:40:11] [http-nio-8080-exec-4] INFO :  com.wchat.aspect.WsAspect [57] - 请求：com.wchat.controller.WebSocketController.registerUserFilter the parameters after xss：{"email":"1","publicKey":"2","pw":"123abcABC","sessionId":"2","userName":"123456","uuid":"e118c35c","verifiCode":"nbky"}
[ INFO ] [2019-11-20 19:42:50] [http-nio-8080-exec-10] INFO :  com.wchat.aspect.WsAspect [45] - Raw parameter：{"msgType":1,"pageNo":1,"pageSize":10,"pdata":"mexOnU9xcsgod+0ybVAptRAVqQBfz0u7xtcS9ijKsFD6hbXJPgbaZm1zt5JcvPTq1QrGiyn3qEDPIOVTuCRhhEvEVXSLnZwJR2ov3yyZt7U=","pkey":"VC2PEqj6FhXUTCv46BdC3trGMKtCgz6hqb/7kOR1lBfb2mEnoGzYOSWygELLKmrHsuQaXl6HpkCj/x3gBLJ0HPiixXlCfUoWsxzdtOxZ5VSWy1hK7FFQ6btnvusPIE8M0y7bRvY4DtT6v7P0+m14sxa+ryCxiFWiXEKHZeaqZ2w="}
[ INFO ] [2019-11-20 19:42:50] [http-nio-8080-exec-10] INFO :  com.wchat.aspect.WsAspect [55] - 请求：com.wchat.controller.WebSocketController.userLoginDecrypted paramete：{"pw":"123abcABC","userName":"123456","uuid":"237b0248","verifiCode":"wyhr"}
[ INFO ] [2019-11-20 19:42:50] [http-nio-8080-exec-10] INFO :  com.wchat.aspect.WsAspect [57] - 请求：com.wchat.controller.WebSocketController.userLoginFilter the parameters after xss：{"pw":"123abcABC","userName":"123456","uuid":"237b0248","verifiCode":"wyhr"}
[ INFO ] [2019-11-20 19:42:51] [http-nio-8080-exec-1] INFO :  com.wchat.aspect.WsAspect [45] - Raw parameter：{"msgType":1,"pageNo":1,"pageSize":10,"pdata":"qajFUaH7xhjM6TR9AGDD6ahkwpntJKSETQe9G3FAgJu/pXVxotq1AlGApOfQHzPjdwCe73djTXKV/qN21BMslNe3qrXUbZHjL5oxX6CVezJD+3gbzswbNw6Xe1gBRFcQ","pkey":"EYk6CeLS/+qDkU5BcsCGCkW5qYD01UlWcD2W1xGVoL6lad+E67rtbSTacFr/l5PaP2y+QyY0+DYYe+7deA5VgBTpJo0Uzal/Yh8AFKK5LUCsuDy7Pl8Y+N2knYrJQzADDQ2ijrfk1IdyqN/CYNZTlE+4MyYbFImlaNV//TCvCa4="}
[ INFO ] [2019-11-20 19:42:51] [http-nio-8080-exec-1] INFO :  com.wchat.aspect.WsAspect [55] - 请求：com.wchat.controller.WebSocketController.getLineListDecrypted paramete：{"sessionId":0,"token":"2vxJE17mdFcH2CeguTg7wiTOtYTyPdmjK0uqmfQUnB//jrCwfG4os44RddYMD8hl"}
[ INFO ] [2019-11-20 19:42:51] [http-nio-8080-exec-1] INFO :  com.wchat.aspect.WsAspect [57] - 请求：com.wchat.controller.WebSocketController.getLineListFilter the parameters after xss：{"sessionId":0,"token":"2vxJE17mdFcH2CeguTg7wiTOtYTyPdmjK0uqmfQUnB//jrCwfG4os44RddYMD8hl"}
[ INFO ] [2019-11-20 19:42:51] [http-nio-8080-exec-2] INFO :  com.wchat.socket.WebSocketServer [38] - 有连接加入，当前连接数为：2
[ INFO ] [2019-11-20 19:42:51] [http-nio-8080-exec-3] INFO :  com.wchat.aspect.WsAspect [45] - Raw parameter：{"msgType":1,"pageNo":1,"pageSize":10,"pdata":"EZESIH0RiDBLdOl23/FHX6to34R0tvqvzPWv+8hsSPbzjreIFNdJGqHwhXqd/0yeCELWr+o/mCYll+7FF9mIyTqmZP+vgN0TxPKiB75P31cuYiIEqezuJoW0f24i/mql","pkey":"G0m6JfpovFZK0fbIJUhowHd1333hL4BoVWzJV4gNjFGy8jEEOXcSxK8NU5NbPYamvgy5anLFPaB4GS6g9jxqmT6UqujhwL1e26ZoTf9VuER3iglQqevdLLF5wBAKWpLPdceYK8wvWQMH7RHSznnDe0/OhNhYoCP/fms+cfBUeAI="}
[ INFO ] [2019-11-20 19:42:51] [http-nio-8080-exec-3] INFO :  com.wchat.aspect.WsAspect [55] - 请求：com.wchat.controller.WebSocketController.update4SessionDecrypted paramete：{"sessionId":"2","token":"2vxJE17mdFcH2CeguTg7wiTOtYTyPdmjK0uqmfQUnB//jrCwfG4os44RddYMD8hl"}
[ INFO ] [2019-11-20 19:42:51] [http-nio-8080-exec-3] INFO :  com.wchat.aspect.WsAspect [57] - 请求：com.wchat.controller.WebSocketController.update4SessionFilter the parameters after xss：{"sessionId":"2","token":"2vxJE17mdFcH2CeguTg7wiTOtYTyPdmjK0uqmfQUnB//jrCwfG4os44RddYMD8hl"}
[ ERROR] [2019-11-20 19:43:31] [http-nio-8080-exec-5] ERROR:  com.wchat.socket.WebSocketServer [73] - 发生错误：null，Session ID： 1
[ INFO ] [2019-11-20 19:43:31] [http-nio-8080-exec-5] INFO :  com.wchat.socket.WebSocketServer [50] - 有连接关闭，当前连接数为：1
[ ERROR] [2019-11-20 19:43:31] [http-nio-8080-exec-7] ERROR:  com.wchat.socket.WebSocketServer [73] - 发生错误：null，Session ID： 2
[ INFO ] [2019-11-20 19:43:31] [http-nio-8080-exec-7] INFO :  com.wchat.socket.WebSocketServer [50] - 有连接关闭，当前连接数为：0
[ INFO ] [2019-11-20 19:43:42] [http-nio-8080-exec-10] INFO :  com.wchat.aspect.WsAspect [45] - Raw parameter：{"msgType":1,"pageNo":1,"pageSize":10,"pdata":"8+qKPorwP9xJd4rDK8KeeW5N+FATAObl1sxwoHY41659yOAe5IbUr4zCIW3jezCzvBuiiyhh8mDHT0LPUn/c4B6fzx3kjclhFRJWDFER4uczRq6/n42SuBao6f5xj5mZ","pkey":"R6yHxJV7DYLiHw/putz4yvELJIuWOo7xKa4YuCzsQdzkMuwKLeS/Su7XGgV0UZt4+redmCcEnrGpVlHN/XrmlnLUl8iYbGL0tABJuojyVUcwCoajYTyDlhGmC7cFWQEzy09FgcUah4kyaSruMwM0wJWznan9UKgAOKtY7jSvvR8="}
[ INFO ] [2019-11-20 19:43:42] [http-nio-8080-exec-10] INFO :  com.wchat.aspect.WsAspect [55] - 请求：com.wchat.controller.WebSocketController.autoLoginDecrypted paramete：{"sessionId":0,"token":"2vxJE17mdFcH2CeguTg7wiTOtYTyPdmjK0uqmfQUnB//jrCwfG4os44RddYMD8hl"}
[ INFO ] [2019-11-20 19:43:42] [http-nio-8080-exec-10] INFO :  com.wchat.aspect.WsAspect [57] - 请求：com.wchat.controller.WebSocketController.autoLoginFilter the parameters after xss：{"sessionId":0,"token":"2vxJE17mdFcH2CeguTg7wiTOtYTyPdmjK0uqmfQUnB//jrCwfG4os44RddYMD8hl"}
[ INFO ] [2019-11-20 19:43:42] [http-nio-8080-exec-2] INFO :  com.wchat.aspect.WsAspect [45] - Raw parameter：{"msgType":1,"pageNo":1,"pageSize":10,"pdata":"8+qKPorwP9xJd4rDK8KeeW5N+FATAObl1sxwoHY41659yOAe5IbUr4zCIW3jezCzvBuiiyhh8mDHT0LPUn/c4B6fzx3kjclhFRJWDFER4uczRq6/n42SuBao6f5xj5mZ","pkey":"Av5EvUPQWLRdq2VsDAoQRAgzPdv8ixowkQh2R9pWWzmSEihp+TrWpkgMbKNhigyIvY3uV9dgV4VynrrqmQ/VTYl2K8CKPZsQvPz0Jq6vp9FlynADzELO08J6ahcX6pHgUrW8Fz+HVy+C73JX+Y4HPbg3/i6Vz87iK3vc6I08fog="}
[ INFO ] [2019-11-20 19:43:42] [http-nio-8080-exec-2] INFO :  com.wchat.aspect.WsAspect [55] - 请求：com.wchat.controller.WebSocketController.getLineListDecrypted paramete：{"sessionId":0,"token":"2vxJE17mdFcH2CeguTg7wiTOtYTyPdmjK0uqmfQUnB//jrCwfG4os44RddYMD8hl"}
[ INFO ] [2019-11-20 19:43:42] [http-nio-8080-exec-2] INFO :  com.wchat.aspect.WsAspect [57] - 请求：com.wchat.controller.WebSocketController.getLineListFilter the parameters after xss：{"sessionId":0,"token":"2vxJE17mdFcH2CeguTg7wiTOtYTyPdmjK0uqmfQUnB//jrCwfG4os44RddYMD8hl"}
[ INFO ] [2019-11-20 19:43:42] [http-nio-8080-exec-3] INFO :  com.wchat.socket.WebSocketServer [38] - 有连接加入，当前连接数为：1
[ INFO ] [2019-11-20 19:43:42] [http-nio-8080-exec-1] INFO :  com.wchat.aspect.WsAspect [45] - Raw parameter：{"msgType":1,"pageNo":1,"pageSize":10,"pdata":"mnZb8AeLDKPSs+FhmrsrSkM39W9DhkZzLg8ghS6QLM8T3BAu40yo/WbtHAiO7sTe6ZRqL5m3kxoKt9dPU0lyKVG21G23oKjr/JgbnvLHw3XTmUvklZHseJQ50VoDh+R1","pkey":"T1TKXjTiKY7pi6pmYUuefMBhaTBGYcucaH5YS8szrFgB4KJS5eCn/zaMyod4yWuiigm28VmcTYvJDWv4QPjPXjhQc7AduIy6KnIB7UvPqCEJIhoW6gYN5DHyBtUfF2kwjuhfaz/PUIjozfaSvGYu+2/LKBLpZS3aGIKOX9UZ+w8="}
[ INFO ] [2019-11-20 19:43:42] [http-nio-8080-exec-1] INFO :  com.wchat.aspect.WsAspect [55] - 请求：com.wchat.controller.WebSocketController.update4SessionDecrypted paramete：{"sessionId":"3","token":"2vxJE17mdFcH2CeguTg7wiTOtYTyPdmjK0uqmfQUnB//jrCwfG4os44RddYMD8hl"}
[ INFO ] [2019-11-20 19:43:42] [http-nio-8080-exec-1] INFO :  com.wchat.aspect.WsAspect [57] - 请求：com.wchat.controller.WebSocketController.update4SessionFilter the parameters after xss：{"sessionId":"3","token":"2vxJE17mdFcH2CeguTg7wiTOtYTyPdmjK0uqmfQUnB//jrCwfG4os44RddYMD8hl"}
[ INFO ] [2019-11-20 19:45:01] [http-nio-8080-exec-9] INFO :  com.wchat.aspect.WsAspect [45] - Raw parameter：{"msgType":1,"pageNo":1,"pageSize":10,"pdata":"MhuSQJPGv3BTSm28kHCrnoR3gK2BK3XvSI+5mFSxn71VXs++j3S84vBfyjg7rCZrxAOv1GcJ4JDCLmHXlxlL6cvdA/hI+RpWQgpINmnKRLybPnUGPDlKrG6JDpIX+zbzxp5e604xJIM+lfZv7j0XO6Zw+dsqgz8y7CbjUicR+/Uh4oGkI5O+Zd1NRuPyB1YdwNQwyeUXuUiYXPyY93euFg==","pkey":"PetgKyorweljLerlmtv9MxG8nO04KXq/ytaBCSHnazZ7mmC4vAYU2NTkViaDSamWxTSplrOwZwFySLUoZNhCJCef08VCm5x7WTOO7Iqd3aLwpoTXMIuo1z/UcZMzXGVnnXJ3bo3KSOhVKfWInKe/Oo2nBXAw0d6eGXMaI5rSYyI="}
[ INFO ] [2019-11-20 19:45:01] [http-nio-8080-exec-9] INFO :  com.wchat.aspect.WsAspect [55] - 请求：com.wchat.controller.WebSocketController.registerUserDecrypted paramete：{"newPw":"123456Aa","pw":"123abcABC","token":"2vxJE17mdFcH2CeguTg7wiTOtYTyPdmjK0uqmfQUnB//jrCwfG4os44RddYMD8hl","uuid":"1cb83239","verifiCode":"dqhx"}
[ INFO ] [2019-11-20 19:45:01] [http-nio-8080-exec-9] INFO :  com.wchat.aspect.WsAspect [57] - 请求：com.wchat.controller.WebSocketController.registerUserFilter the parameters after xss：{"newPw":"123456Aa","pw":"123abcABC","token":"2vxJE17mdFcH2CeguTg7wiTOtYTyPdmjK0uqmfQUnB//jrCwfG4os44RddYMD8hl","uuid":"1cb83239","verifiCode":"dqhx"}
[ ERROR] [2019-11-20 19:47:52] [http-nio-8080-exec-4] ERROR:  com.wchat.socket.WebSocketServer [73] - 发生错误：null，Session ID： 3
[ INFO ] [2019-11-20 19:47:52] [http-nio-8080-exec-4] INFO :  com.wchat.socket.WebSocketServer [50] - 有连接关闭，当前连接数为：0
[ INFO ] [2019-11-20 19:48:02] [http-nio-8080-exec-6] INFO :  com.wchat.aspect.WsAspect [45] - Raw parameter：{"msgType":1,"pageNo":1,"pageSize":10,"pdata":"NE9+9eol+Ap0WLcKPMYxSchqfItUUunAk6+CKhk1Yx7dYXgjEN5MIQ6X14KxTNEpEAzx0cC0aVrrtjpZTUAoFU61r1KO48M3hxViwTN8XqYSRuiZPcq98XcxKtpqJrXq","pkey":"jtRYLhdJVnrT7tQAfdafMwUlUzagvPw0z2mywk5JhOJ3urj7DrwSrGCZicKlAbloV6Jpb6XAbL7+fKP7HQpjYc1ZJvRYToapO+3Ka0Fv6F8WKkcFUWLlNSlpe1sjKsHieW4ICHZN4bnXIGnQ2aZbsZRND8mV4qRWNhnU5zmUEXw="}
[ INFO ] [2019-11-20 19:48:02] [http-nio-8080-exec-6] INFO :  com.wchat.aspect.WsAspect [55] - 请求：com.wchat.controller.WebSocketController.autoLoginDecrypted paramete：{"sessionId":0,"token":"2vxJE17mdFcH2CeguTg7wiTOtYTyPdmjK0uqmfQUnB//jrCwfG4os44RddYMD8hl"}
[ INFO ] [2019-11-20 19:48:02] [http-nio-8080-exec-6] INFO :  com.wchat.aspect.WsAspect [57] - 请求：com.wchat.controller.WebSocketController.autoLoginFilter the parameters after xss：{"sessionId":0,"token":"2vxJE17mdFcH2CeguTg7wiTOtYTyPdmjK0uqmfQUnB//jrCwfG4os44RddYMD8hl"}
[ INFO ] [2019-11-20 19:48:02] [http-nio-8080-exec-8] INFO :  com.wchat.aspect.WsAspect [45] - Raw parameter：{"msgType":1,"pageNo":1,"pageSize":10,"pdata":"NE9+9eol+Ap0WLcKPMYxSchqfItUUunAk6+CKhk1Yx7dYXgjEN5MIQ6X14KxTNEpEAzx0cC0aVrrtjpZTUAoFU61r1KO48M3hxViwTN8XqYSRuiZPcq98XcxKtpqJrXq","pkey":"npNAwPGdebI6lc1NAhbnz4+c2hZC8F0Dqe11WIwNWP//NmOfnoKS9fFbLQJVDDzaQmuyziLZSxbInw7Yqkq94w80IP8p+ZI0Kdspy4zDziFmGUW0cxNwzVajg1h4i818Aya553+MVlVTNuYpZPk4yPtZ6p/mO/uLzyDUaxLEIAA="}
[ INFO ] [2019-11-20 19:48:02] [http-nio-8080-exec-8] INFO :  com.wchat.aspect.WsAspect [55] - 请求：com.wchat.controller.WebSocketController.getLineListDecrypted paramete：{"sessionId":0,"token":"2vxJE17mdFcH2CeguTg7wiTOtYTyPdmjK0uqmfQUnB//jrCwfG4os44RddYMD8hl"}
[ INFO ] [2019-11-20 19:48:02] [http-nio-8080-exec-8] INFO :  com.wchat.aspect.WsAspect [57] - 请求：com.wchat.controller.WebSocketController.getLineListFilter the parameters after xss：{"sessionId":0,"token":"2vxJE17mdFcH2CeguTg7wiTOtYTyPdmjK0uqmfQUnB//jrCwfG4os44RddYMD8hl"}
[ INFO ] [2019-11-20 19:48:02] [http-nio-8080-exec-7] INFO :  com.wchat.socket.WebSocketServer [38] - 有连接加入，当前连接数为：1
[ INFO ] [2019-11-20 19:48:02] [http-nio-8080-exec-9] INFO :  com.wchat.aspect.WsAspect [45] - Raw parameter：{"msgType":1,"pageNo":1,"pageSize":10,"pdata":"aQqZLp1QZ8pZjQwrEUNY3r0/P59Au1tklGD4MRP+C/ESjksboqNuARs86/Z4gqzBUTVegLKUvq+sydyDMtBSjKij3RHgHTlIiN+tYPGKUBmeTnqXrcjMHRX2ZHtd0pSH","pkey":"Gax7R4O0mnAw16oaYK3SH5BNVBX6cgvMmWVYDxAkdeUf4oXxtR8cj1ek+hufNgN4WyNz0HpJlkp4dYvR9KAw/MRAzL0aZ7OOBxBMYxrBPZQcjZC54lo7zsAIBrYmgGVz5qlD1frO3o+iyn9pOCV7rZGm8ClICWtzpXTHKtJ9eRc="}
[ INFO ] [2019-11-20 19:48:02] [http-nio-8080-exec-9] INFO :  com.wchat.aspect.WsAspect [55] - 请求：com.wchat.controller.WebSocketController.update4SessionDecrypted paramete：{"sessionId":"4","token":"2vxJE17mdFcH2CeguTg7wiTOtYTyPdmjK0uqmfQUnB//jrCwfG4os44RddYMD8hl"}
[ INFO ] [2019-11-20 19:48:02] [http-nio-8080-exec-9] INFO :  com.wchat.aspect.WsAspect [57] - 请求：com.wchat.controller.WebSocketController.update4SessionFilter the parameters after xss：{"sessionId":"4","token":"2vxJE17mdFcH2CeguTg7wiTOtYTyPdmjK0uqmfQUnB//jrCwfG4os44RddYMD8hl"}
[ INFO ] [2019-11-20 19:48:49] [http-nio-8080-exec-3] INFO :  com.wchat.aspect.WsAspect [45] - Raw parameter：{"msgType":1,"pageNo":1,"pageSize":10,"pdata":"S4U5MZNMjF1vsJCkPffJuTcqIS3k93dyyEKXfEzr+ZsT62l8SfOIfr4tanj76diJ9NykQvbWmASSLCkXQ+VJqvNAn+x3Qk0sRHDHct6LOtL6Sb8O50OEPGnWcJ6IcBA20G5+SLFKIUERWvT/07SY6iu6G75GOPs8yJdB5faCRjkHT/XuvnJwU1nnUQ3Wh3MKOJ1KeJDLNv9CqsXs+El4LQ==","pkey":"SEzzlVv7ZZm62fV91RXTkAikbx1jhnOhxMfDT9qnX1xQgflXhhlIQPkcQ4nGVR/gAHZeJkPchz6wg6AftTRJtYx9BOfbeQlOd8jnxjPjYFYycEr4QaGPH+jXX9zNeD6+j8HTpqnqODIGUE0ftxzxZo4MJQp/184njKHytNRR1Mk="}
[ INFO ] [2019-11-20 19:48:49] [http-nio-8080-exec-3] INFO :  com.wchat.aspect.WsAspect [55] - 请求：com.wchat.controller.WebSocketController.update4passwordDecrypted paramete：{"newPw":"123123ABC","pw":"123abcABC","token":"2vxJE17mdFcH2CeguTg7wiTOtYTyPdmjK0uqmfQUnB//jrCwfG4os44RddYMD8hl","uuid":"2e6e330c","verifiCode":"bfte"}
[ INFO ] [2019-11-20 19:48:49] [http-nio-8080-exec-3] INFO :  com.wchat.aspect.WsAspect [57] - 请求：com.wchat.controller.WebSocketController.update4passwordFilter the parameters after xss：{"newPw":"123123ABC","pw":"123abcABC","token":"2vxJE17mdFcH2CeguTg7wiTOtYTyPdmjK0uqmfQUnB//jrCwfG4os44RddYMD8hl","uuid":"2e6e330c","verifiCode":"bfte"}
[ INFO ] [2019-11-20 19:49:25] [http-nio-8080-exec-6] INFO :  com.wchat.aspect.WsAspect [45] - Raw parameter：{"msgType":1,"pageNo":1,"pageSize":10,"pdata":"ClE0Bp/oL87fR3u4/z8WefXkvRYQyv8eGSwcrfICzYqI6VodBf7/FzYXqnZbwAo0RO2S21/ccoak9ezIQLEiW9LWTNNq3rh7SZ/sxbSorgdEw5qFVM/v/UfNyfClbiDRyVnSstq2b7LbQMxcUI6G5jNEIBZNNh7ooBlY0bDigN6HaHWdR5//H7xIz+TkfqpRTZj0Rk8LCjh4Eyw2yQENDw==","pkey":"enFRYPH6OhyHpj9Y11ZLD9lJA9uLa1ksEG+HlBnfzmJlWVHZZ6T81IEwxmH7ArqfiAoC/V1jtUt3pC+e0j6xmBlgICYTbRREAAQkFxzJiZfAMp2AcPnGzV2ahYDXpyPwFiGRpgqE+GNgCLMgoKmJyOMJfp5Zc6gB680/1JH1Slw="}
[ INFO ] [2019-11-20 19:49:25] [http-nio-8080-exec-6] INFO :  com.wchat.aspect.WsAspect [55] - 请求：com.wchat.controller.WebSocketController.update4passwordDecrypted paramete：{"newPw":"123qweASD","pw":"123abcABC","token":"2vxJE17mdFcH2CeguTg7wiTOtYTyPdmjK0uqmfQUnB//jrCwfG4os44RddYMD8hl","uuid":"060be338","verifiCode":"asgx"}
[ INFO ] [2019-11-20 19:49:25] [http-nio-8080-exec-6] INFO :  com.wchat.aspect.WsAspect [57] - 请求：com.wchat.controller.WebSocketController.update4passwordFilter the parameters after xss：{"newPw":"123qweASD","pw":"123abcABC","token":"2vxJE17mdFcH2CeguTg7wiTOtYTyPdmjK0uqmfQUnB//jrCwfG4os44RddYMD8hl","uuid":"060be338","verifiCode":"asgx"}
[ INFO ] [2019-11-20 19:50:01] [http-nio-8080-exec-8] INFO :  com.wchat.aspect.WsAspect [45] - Raw parameter：{"msgType":1,"pageNo":1,"pageSize":10,"pdata":"ClE0Bp/oL87fR3u4/z8WefXkvRYQyv8eGSwcrfICzYqI6VodBf7/FzYXqnZbwAo0RO2S21/ccoak9ezIQLEiW9LWTNNq3rh7SZ/sxbSorgdEw5qFVM/v/UfNyfClbiDRyVnSstq2b7LbQMxcUI6G5rVvTLmoHuv1GG3A9EacePkUUm0yBIDMwk7rnDq1ebGQb8am9TvrGCps0r3fo6XPMg==","pkey":"Gu5GJ7AXLmz3Wk3a259JD7g4FbKAe3fDOH5qt37ghKgg840mv1/pcScn2s11cTPDYs/5RaGqJ8DbLyA5z3TmsM3vCjYdRi532U9PFoCNMl4Ol/wGOWGqClEj4F4y8NIfIZ1UIeotMp9X52LS3RXuiryCveaZRV+dqdUS42tpd2c="}
[ INFO ] [2019-11-20 19:50:01] [http-nio-8080-exec-8] INFO :  com.wchat.aspect.WsAspect [55] - 请求：com.wchat.controller.WebSocketController.update4passwordDecrypted paramete：{"newPw":"123qweASD","pw":"123abcABC","token":"2vxJE17mdFcH2CeguTg7wiTOtYTyPdmjK0uqmfQUnB//jrCwfG4os44RddYMD8hl","uuid":"f7af6b28","verifiCode":"Dapn"}
[ INFO ] [2019-11-20 19:50:01] [http-nio-8080-exec-8] INFO :  com.wchat.aspect.WsAspect [57] - 请求：com.wchat.controller.WebSocketController.update4passwordFilter the parameters after xss：{"newPw":"123qweASD","pw":"123abcABC","token":"2vxJE17mdFcH2CeguTg7wiTOtYTyPdmjK0uqmfQUnB//jrCwfG4os44RddYMD8hl","uuid":"f7af6b28","verifiCode":"Dapn"}
[ INFO ] [2019-11-20 19:50:13] [http-nio-8080-exec-3] INFO :  com.wchat.aspect.WsAspect [45] - Raw parameter：{"msgType":1,"pageNo":1,"pageSize":10,"pdata":"ClE0Bp/oL87fR3u4/z8WefXkvRYQyv8eGSwcrfICzYqI6VodBf7/FzYXqnZbwAo0RO2S21/ccoak9ezIQLEiW9LWTNNq3rh7SZ/sxbSorgdEw5qFVM/v/UfNyfClbiDRyVnSstq2b7LbQMxcUI6G5pnNlNiPOaLbQkPTzKCUqZLmrbzSonOcsI73ha7jPkkOdwNgaxe/2Jm0C5bkDrkIvw==","pkey":"jpnHF4Ir7CFZJXemQDHAbNYYdS5dYO76HJYhpWaoxKOFN4E7x48+WDSTnwMiq1MeHm3TeLrbCD67Vs7JRO7QMycyzSe5w1AF0eVj9S0N8dsRnJ7DRgc0fmb6MvKTpXaGV2qcoBaCWoigIit6tXOyu1p3/qErxO0Ok6vriVCnvIw="}
[ INFO ] [2019-11-20 19:50:13] [http-nio-8080-exec-3] INFO :  com.wchat.aspect.WsAspect [55] - 请求：com.wchat.controller.WebSocketController.update4passwordDecrypted paramete：{"newPw":"123qweASD","pw":"123abcABC","token":"2vxJE17mdFcH2CeguTg7wiTOtYTyPdmjK0uqmfQUnB//jrCwfG4os44RddYMD8hl","uuid":"50c023ae","verifiCode":"fvvv"}
[ INFO ] [2019-11-20 19:50:13] [http-nio-8080-exec-3] INFO :  com.wchat.aspect.WsAspect [57] - 请求：com.wchat.controller.WebSocketController.update4passwordFilter the parameters after xss：{"newPw":"123qweASD","pw":"123abcABC","token":"2vxJE17mdFcH2CeguTg7wiTOtYTyPdmjK0uqmfQUnB//jrCwfG4os44RddYMD8hl","uuid":"50c023ae","verifiCode":"fvvv"}
[ ERROR] [2019-11-20 19:52:03] [http-nio-8080-exec-7] ERROR:  com.wchat.socket.WebSocketServer [73] - 发生错误：null，Session ID： 4
[ INFO ] [2019-11-20 19:52:03] [http-nio-8080-exec-7] INFO :  com.wchat.socket.WebSocketServer [50] - 有连接关闭，当前连接数为：0
[ INFO ] [2019-11-20 19:52:13] [http-nio-8080-exec-10] INFO :  com.wchat.aspect.WsAspect [45] - Raw parameter：{"msgType":1,"pageNo":1,"pageSize":10,"pdata":"9bo48mujALZ//YK71rDVjlL2Yfxedmy00l6ehxiM6RXQGauZ4PcMBQIei1Z+NAT8WJ1Cy05Y26JAW+QkyaijZcF0OYJ3kVFmxqqZMoxJGunVJjVeSlpmFqG3ThaWxU1m","pkey":"it5fvgXMZ7KvfNT2kfHHe3OVxdx2kvCA/pl9EL8UlgBxMLD/B7Xzba2BcxzLISPXMZTpeu2iXTKOWaehOQf2HZmbP5V/UI+YKcIKkUU+kqq+GCYfB/tXz8LbAnDyf6wKEo83cmdF/Ng+nn06DhoGlhGRlKZb9F3J6Np07iJp59o="}
[ INFO ] [2019-11-20 19:52:13] [http-nio-8080-exec-10] INFO :  com.wchat.aspect.WsAspect [55] - 请求：com.wchat.controller.WebSocketController.autoLoginDecrypted paramete：{"sessionId":0,"token":"2vxJE17mdFcH2CeguTg7wiTOtYTyPdmjK0uqmfQUnB//jrCwfG4os44RddYMD8hl"}
[ INFO ] [2019-11-20 19:52:13] [http-nio-8080-exec-10] INFO :  com.wchat.aspect.WsAspect [57] - 请求：com.wchat.controller.WebSocketController.autoLoginFilter the parameters after xss：{"sessionId":0,"token":"2vxJE17mdFcH2CeguTg7wiTOtYTyPdmjK0uqmfQUnB//jrCwfG4os44RddYMD8hl"}
[ INFO ] [2019-11-20 19:52:13] [http-nio-8080-exec-3] INFO :  com.wchat.aspect.WsAspect [45] - Raw parameter：{"msgType":1,"pageNo":1,"pageSize":10,"pdata":"9bo48mujALZ//YK71rDVjlL2Yfxedmy00l6ehxiM6RXQGauZ4PcMBQIei1Z+NAT8WJ1Cy05Y26JAW+QkyaijZcF0OYJ3kVFmxqqZMoxJGunVJjVeSlpmFqG3ThaWxU1m","pkey":"P2vhdnXprniINmXl+zDYIFsGxal1yYWM3a0TQYp7dZraYAULLEjQYny8QrwoOffEQ/Ut5B27duNzHiJ85drJdB9CPQUUZNZFKrGisjAqpU9yVich09uxh3L6RtM5RXwnInXYJo3gaKmEe4wOmVdpsNul5X4CNa+Bvf5em/GFnt8="}
[ INFO ] [2019-11-20 19:52:13] [http-nio-8080-exec-3] INFO :  com.wchat.aspect.WsAspect [55] - 请求：com.wchat.controller.WebSocketController.getLineListDecrypted paramete：{"sessionId":0,"token":"2vxJE17mdFcH2CeguTg7wiTOtYTyPdmjK0uqmfQUnB//jrCwfG4os44RddYMD8hl"}
[ INFO ] [2019-11-20 19:52:13] [http-nio-8080-exec-3] INFO :  com.wchat.aspect.WsAspect [57] - 请求：com.wchat.controller.WebSocketController.getLineListFilter the parameters after xss：{"sessionId":0,"token":"2vxJE17mdFcH2CeguTg7wiTOtYTyPdmjK0uqmfQUnB//jrCwfG4os44RddYMD8hl"}
[ INFO ] [2019-11-20 19:52:13] [http-nio-8080-exec-2] INFO :  com.wchat.socket.WebSocketServer [38] - 有连接加入，当前连接数为：1
[ INFO ] [2019-11-20 19:52:13] [http-nio-8080-exec-1] INFO :  com.wchat.aspect.WsAspect [45] - Raw parameter：{"msgType":1,"pageNo":1,"pageSize":10,"pdata":"r/P169f7Nuw9iu+Q38dt8LL8utWzuOZ2FmnaGJw59VN32UtuWGcH+xNYm9wlvvFChsR+YNdvB1BhIYmTb05Q+vXRnzQBYxCjTmo72yGvj9faT1h3qJ4rYsTewMqZW5mg","pkey":"EU6sORmQJvMvwY8MgY+1VLTpobmwfK+a11dO01t6ufkQoBH/fCBstjisPTHnxpFnLIWFBg9BLX3QnqobhB1iS2ZtYgPq/LE0EsdRPZrlwKBQFZ1cNzgBCcswYrvxsiFTjl2NkJ3htU4OTezfCba0XfsiIRcEayBBVeuZYJs5M4k="}
[ INFO ] [2019-11-20 19:52:13] [http-nio-8080-exec-1] INFO :  com.wchat.aspect.WsAspect [55] - 请求：com.wchat.controller.WebSocketController.update4SessionDecrypted paramete：{"sessionId":"5","token":"2vxJE17mdFcH2CeguTg7wiTOtYTyPdmjK0uqmfQUnB//jrCwfG4os44RddYMD8hl"}
[ INFO ] [2019-11-20 19:52:13] [http-nio-8080-exec-1] INFO :  com.wchat.aspect.WsAspect [57] - 请求：com.wchat.controller.WebSocketController.update4SessionFilter the parameters after xss：{"sessionId":"5","token":"2vxJE17mdFcH2CeguTg7wiTOtYTyPdmjK0uqmfQUnB//jrCwfG4os44RddYMD8hl"}
[ INFO ] [2019-11-20 19:52:31] [http-nio-8080-exec-4] INFO :  com.wchat.aspect.WsAspect [45] - Raw parameter：{"msgType":1,"pageNo":1,"pageSize":10,"pdata":"9bo48mujALZ//YK71rDVjlL2Yfxedmy00l6ehxiM6RXQGauZ4PcMBQIei1Z+NAT8WJ1Cy05Y26JAW+QkyaijZcF0OYJ3kVFmxqqZMoxJGunVJjVeSlpmFqG3ThaWxU1m","pkey":"dRiqvuaUrHrNAz89BaZLX8QUnnIZ1HvZ3azxU8MTaOC5vYx12f7e82wUJgmBPE07WgD5nhoqT3L8dRW2B4EP+XkRVJNsGd2ENAyi7xxdzwppobKf9e+/cK0mkyNBE6l75fME0Le2UV6pQuex7bwjvRKj42oeORr9JD9HReTic2c="}
[ INFO ] [2019-11-20 19:52:31] [http-nio-8080-exec-4] INFO :  com.wchat.aspect.WsAspect [55] - 请求：com.wchat.controller.WebSocketController.offlineDecrypted paramete：{"sessionId":0,"token":"2vxJE17mdFcH2CeguTg7wiTOtYTyPdmjK0uqmfQUnB//jrCwfG4os44RddYMD8hl"}
[ INFO ] [2019-11-20 19:52:31] [http-nio-8080-exec-4] INFO :  com.wchat.aspect.WsAspect [57] - 请求：com.wchat.controller.WebSocketController.offlineFilter the parameters after xss：{"sessionId":0,"token":"2vxJE17mdFcH2CeguTg7wiTOtYTyPdmjK0uqmfQUnB//jrCwfG4os44RddYMD8hl"}
[ INFO ] [2019-11-20 19:52:57] [http-nio-8080-exec-6] INFO :  com.wchat.aspect.WsAspect [45] - Raw parameter：{"msgType":1,"pageNo":1,"pageSize":10,"pdata":"Gfm4QQb5ebVSWyPMayT3T+kmOmSh7Oj2GghqFTZMi26YCJdbcZPHsJPOT1pauoKHZqrMp5YqAujcZGtP3DAiYKWJSFQqGMHEdIPp1RS4Jt0=","pkey":"moBKLQa+0WQbCCMsYAGp3rahoESfovqFPHD0xW/Wg3jIjRhFyCHgPhJgKsjaEA7ZnovqvoklC57gUPIa7n48rXnqBpiJMF3ZBct3mAoRlP3P2Hw47NZqt35Xy/MPQjImMKb7KaeELXdJ/upV8JMriEJRmimzaAuByWjT/hi34JY="}
[ INFO ] [2019-11-20 19:52:57] [http-nio-8080-exec-6] INFO :  com.wchat.aspect.WsAspect [55] - 请求：com.wchat.controller.WebSocketController.userLoginDecrypted paramete：{"pw":"123abcABC","userName":"123456","uuid":"d05dcec6","verifiCode":"msuw"}
[ INFO ] [2019-11-20 19:52:57] [http-nio-8080-exec-6] INFO :  com.wchat.aspect.WsAspect [57] - 请求：com.wchat.controller.WebSocketController.userLoginFilter the parameters after xss：{"pw":"123abcABC","userName":"123456","uuid":"d05dcec6","verifiCode":"msuw"}
[ INFO ] [2019-11-20 19:52:57] [http-nio-8080-exec-7] INFO :  com.wchat.aspect.WsAspect [45] - Raw parameter：{"msgType":1,"pageNo":1,"pageSize":10,"pdata":"9bo48mujALZ//YK71rDVjlL2Yfxedmy00l6ehxiM6RXQGauZ4PcMBQIei1Z+NAT8WJ1Cy05Y26JAW+QkyaijZZehVrr4EuDYnKY73gsHAdrQSRzFgqawRHEA2cXfJw9q","pkey":"EcCG5KdBIsblxla6kA19EPWieJgtiXNmtxm2G2Q78D2TqJen3zCbuqUBon3fyIhQaYlXLAHk/bMgXCNlfRU9fqRTQtgNc63z/QroIc0IY4RNqu8h+UFlbCbbI+nSAQxXxppJFONRov8qJMEKtARBNXQo+/G6syOoq5ty/EFhzaI="}
[ INFO ] [2019-11-20 19:52:57] [http-nio-8080-exec-7] INFO :  com.wchat.aspect.WsAspect [55] - 请求：com.wchat.controller.WebSocketController.getLineListDecrypted paramete：{"sessionId":0,"token":"2vxJE17mdFcH2CeguTg7wiTOtYTyPdmjK0uqmfQUnB8F8uCtdSBnvRNDFdz1Lip5"}
[ INFO ] [2019-11-20 19:52:57] [http-nio-8080-exec-7] INFO :  com.wchat.aspect.WsAspect [57] - 请求：com.wchat.controller.WebSocketController.getLineListFilter the parameters after xss：{"sessionId":0,"token":"2vxJE17mdFcH2CeguTg7wiTOtYTyPdmjK0uqmfQUnB8F8uCtdSBnvRNDFdz1Lip5"}
[ INFO ] [2019-11-20 19:52:57] [http-nio-8080-exec-8] INFO :  com.wchat.socket.WebSocketServer [38] - 有连接加入，当前连接数为：2
[ INFO ] [2019-11-20 19:52:57] [http-nio-8080-exec-9] INFO :  com.wchat.aspect.WsAspect [45] - Raw parameter：{"msgType":1,"pageNo":1,"pageSize":10,"pdata":"+AtJG2CvssBGUz/LANkJBRpok93z4Bi0LAsNG/I69+gQDVuNqTA6c0hDwDnPlQ+6ngIMU9WOJCv9UgVp9KxUVOiiHdalNoDGHYU34+B/7lgT1XtzfuH4HBXXBaCNVxzn","pkey":"iUGjPM3XrPLuKjKaFFZqU6u0VyWfvyn6Txn7N+/ERFNguv7E25NOgqu2uMvzZg/n5pN3/HapVufJbOLInZnRIpJHHrQxhXisil7yW24AJ4PCl0FXp7bNDQiTLwmytupUaJhmdYXB/sgZTvyURGWNSlnsCkRlRgSDdMZYedltmck="}
[ INFO ] [2019-11-20 19:52:57] [http-nio-8080-exec-9] INFO :  com.wchat.aspect.WsAspect [55] - 请求：com.wchat.controller.WebSocketController.update4SessionDecrypted paramete：{"sessionId":"6","token":"2vxJE17mdFcH2CeguTg7wiTOtYTyPdmjK0uqmfQUnB8F8uCtdSBnvRNDFdz1Lip5"}
[ INFO ] [2019-11-20 19:52:57] [http-nio-8080-exec-9] INFO :  com.wchat.aspect.WsAspect [57] - 请求：com.wchat.controller.WebSocketController.update4SessionFilter the parameters after xss：{"sessionId":"6","token":"2vxJE17mdFcH2CeguTg7wiTOtYTyPdmjK0uqmfQUnB8F8uCtdSBnvRNDFdz1Lip5"}
[ INFO ] [2019-11-20 19:53:28] [http-nio-8080-exec-3] INFO :  com.wchat.aspect.WsAspect [45] - Raw parameter：{"msgType":1,"pageNo":1,"pageSize":10,"pdata":"EJYf7Mjtuf0F6Yahw3csoTVfycIr6+4KqxZTyZllYeWJW/XKsADt+4TcZptZABBs3+wtTZSxfJkTHshKmk1T3AAjtqe7OgfO3f+paNwNoXfKQBDU2ZFCE7LygcXqMavclA20aT0VDqXuN7QCZYNJZgJoNyI7xgHisE552Afe++EO3uLmDi5q5s/ntQMfAKGg+OqEYcMvdCvNHMpeMCSUsA==","pkey":"jar1YYcm5yfDnPRaOmQig+87OdfjbR+/abNeFs64SuBFUY728NpL+v8K2otbPkhDsNKAyXA85AQIV7bHMk1PczGy5l9wvZnhgTzKB1oMVpQvjvd8nW0gxiNkkGgOYJcajJ3l89Pvqh1TNn9N8IV8phn1eDSuX7bvPxfrcLaG0r4="}
[ INFO ] [2019-11-20 19:53:28] [http-nio-8080-exec-3] INFO :  com.wchat.aspect.WsAspect [55] - 请求：com.wchat.controller.WebSocketController.update4passwordDecrypted paramete：{"newPw":"123qweASD","pw":"123abcABC","token":"2vxJE17mdFcH2CeguTg7wiTOtYTyPdmjK0uqmfQUnB8F8uCtdSBnvRNDFdz1Lip5","uuid":"24b720e1","verifiCode":"rbkj"}
[ INFO ] [2019-11-20 19:53:28] [http-nio-8080-exec-3] INFO :  com.wchat.aspect.WsAspect [57] - 请求：com.wchat.controller.WebSocketController.update4passwordFilter the parameters after xss：{"newPw":"123qweASD","pw":"123abcABC","token":"2vxJE17mdFcH2CeguTg7wiTOtYTyPdmjK0uqmfQUnB8F8uCtdSBnvRNDFdz1Lip5","uuid":"24b720e1","verifiCode":"rbkj"}
[ INFO ] [2019-11-20 19:55:26] [SpringContextShutdownHook] INFO :  org.springframework.scheduling.concurrent.ThreadPoolTaskScheduler [208] - Shutting down ExecutorService 'taskScheduler'
[ INFO ] [2019-11-20 19:55:26] [SpringContextShutdownHook] INFO :  org.springframework.scheduling.concurrent.ThreadPoolTaskExecutor [208] - Shutting down ExecutorService 'applicationTaskExecutor'
[ INFO ] [2019-11-20 19:55:26] [SpringContextShutdownHook] INFO :  com.alibaba.druid.pool.DruidDataSource [1825] - {dataSource-1} closed
[ INFO ] [2019-11-20 19:55:26] [SpringContextShutdownHook] INFO :  com.wchat.socket.WebSocketServer [50] - 有连接关闭，当前连接数为：1
[ INFO ] [2019-11-20 19:55:26] [SpringContextShutdownHook] INFO :  com.wchat.socket.WebSocketServer [50] - 有连接关闭，当前连接数为：0
[ INFO ] [2019-11-20 19:55:41] [main] INFO :  com.wchat.boot.WchatApplication [55] - Starting WchatApplication on DESKTOP-OUEVNL0 with PID 8696 (C:\Users\Administrator\Desktop\wchat\target\classes started by Administrator in C:\Users\Administrator\Desktop\wchat)
[ INFO ] [2019-11-20 19:55:41] [main] INFO :  com.wchat.boot.WchatApplication [651] - No active profile set, falling back to default profiles: default
[ INFO ] [2019-11-20 19:55:43] [main] INFO :  org.springframework.boot.web.embedded.tomcat.TomcatWebServer [92] - Tomcat initialized with port(s): 8080 (http)
[ INFO ] [2019-11-20 19:55:43] [main] INFO :  org.apache.coyote.http11.Http11NioProtocol [173] - Initializing ProtocolHandler ["http-nio-8080"]
[ INFO ] [2019-11-20 19:55:43] [main] INFO :  org.apache.catalina.core.StandardService [173] - Starting service [Tomcat]
[ INFO ] [2019-11-20 19:55:43] [main] INFO :  org.apache.catalina.core.StandardEngine [173] - Starting Servlet engine: [Apache Tomcat/9.0.27]
[ INFO ] [2019-11-20 19:55:43] [main] INFO :  org.apache.catalina.core.ContainerBase.[Tomcat].[localhost].[/] [173] - Initializing Spring embedded WebApplicationContext
[ INFO ] [2019-11-20 19:55:43] [main] INFO :  org.springframework.web.context.ContextLoader [284] - Root WebApplicationContext: initialization completed in 2156 ms
[ INFO ] [2019-11-20 19:55:44] [main] INFO :  com.wchat.boot.KeyCache [28] - system init build SecurityKey
[ INFO ] [2019-11-20 19:55:44] [main] INFO :  com.alibaba.druid.pool.DruidDataSource [930] - {dataSource-1} inited
[ INFO ] [2019-11-20 19:55:45] [main] INFO :  org.springframework.scheduling.concurrent.ThreadPoolTaskExecutor [171] - Initializing ExecutorService 'applicationTaskExecutor'
[ WARN ] [2019-11-20 19:55:45] [main] WARN :  o.s.boot.autoconfigure.thymeleaf.ThymeleafAutoConfiguration$DefaultTemplateResolverConfiguration [106] - Cannot find template location: classpath:/templates/ (please add some templates or check your Thymeleaf configuration)
[ INFO ] [2019-11-20 19:55:46] [main] INFO :  org.springframework.scheduling.concurrent.ThreadPoolTaskScheduler [171] - Initializing ExecutorService 'taskScheduler'
[ INFO ] [2019-11-20 19:55:46] [main] INFO :  org.apache.coyote.http11.Http11NioProtocol [173] - Starting ProtocolHandler ["http-nio-8080"]
[ INFO ] [2019-11-20 19:55:46] [main] INFO :  org.springframework.boot.web.embedded.tomcat.TomcatWebServer [204] - Tomcat started on port(s): 8080 (http) with context path ''
[ INFO ] [2019-11-20 19:55:46] [main] INFO :  com.wchat.boot.WchatApplication [61] - Started WchatApplication in 5.777 seconds (JVM running for 11.935)
[ INFO ] [2019-11-20 19:55:58] [http-nio-8080-exec-2] INFO :  org.apache.catalina.core.ContainerBase.[Tomcat].[localhost].[/] [173] - Initializing Spring DispatcherServlet 'dispatcherServlet'
[ INFO ] [2019-11-20 19:55:58] [http-nio-8080-exec-2] INFO :  org.springframework.web.servlet.DispatcherServlet [525] - Initializing Servlet 'dispatcherServlet'
[ INFO ] [2019-11-20 19:55:58] [http-nio-8080-exec-2] INFO :  org.springframework.web.servlet.DispatcherServlet [547] - Completed initialization in 33 ms
[ INFO ] [2019-11-20 19:55:58] [http-nio-8080-exec-2] INFO :  com.wchat.socket.WebSocketServer [38] - 有连接加入，当前连接数为：1
[ INFO ] [2019-11-20 19:56:02] [http-nio-8080-exec-1] INFO :  com.wchat.aspect.WsAspect [45] - Raw parameter：{"msgType":1,"pageNo":1,"pageSize":10,"pdata":"9bo48mujALZ//YK71rDVjlL2Yfxedmy00l6ehxiM6RXQGauZ4PcMBQIei1Z+NAT8WJ1Cy05Y26JAW+QkyaijZZehVrr4EuDYnKY73gsHAdrQSRzFgqawRHEA2cXfJw9q","pkey":"BSWeGmHKRW6BcRH9PZfhWcLzLdsudhV0I9DWxbmZrSmrEUXE3+8Snw3LSbz7tNgpKSMPRyA/OZ9PEc7nMjpOOspW6bfkIhFjtRPh0UsAaEthEcrii5mIl/gnu/rbnR81aIMj2WX3yhLKZQ3rj7VWqry8bJEZ6ELmwvLcosNZxvo="}
[ INFO ] [2019-11-20 19:56:05] [http-nio-8080-exec-4] INFO :  com.wchat.aspect.WsAspect [45] - Raw parameter：{"msgType":1,"pageNo":1,"pageSize":10,"pdata":"9bo48mujALZ//YK71rDVjlL2Yfxedmy00l6ehxiM6RXQGauZ4PcMBQIei1Z+NAT8WJ1Cy05Y26JAW+QkyaijZZehVrr4EuDYnKY73gsHAdrQSRzFgqawRHEA2cXfJw9q","pkey":"U/tG+9wXXVB774sXa1MDAWKVdyjZCSUTSMkvTxIIBsxpJ30fFbmCKtM6y2hiDH1NWPgcCroK7Q25CHX10cmgQI7TrTqYmTgkySGWOT2KQY6gy6JANq7xV14iu9JXh2poG40/RsbMGmMto5oVdlhr9qXJUuQl8UW2acUGaoAcQbQ="}
[ ERROR] [2019-11-20 19:56:14] [http-nio-8080-exec-5] ERROR:  com.wchat.socket.WebSocketServer [73] - 发生错误：null，Session ID： 0
[ INFO ] [2019-11-20 19:56:14] [http-nio-8080-exec-5] INFO :  com.wchat.socket.WebSocketServer [50] - 有连接关闭，当前连接数为：0
[ INFO ] [2019-11-20 19:57:02] [http-nio-8080-exec-1] INFO :  com.wchat.aspect.WsAspect [45] - Raw parameter：{"msgType":1,"pageNo":1,"pageSize":10,"pdata":"vmwR+qnTcFJpb0nJdiF3Q6HSzby66UrzGkGW4L0x2hkOP4NQjqi08OJz7sasurjcAchxxn58wuLBkrydYkPOrzQnnzdQTJvRZAdiNzEqOnM=","pkey":"ETl2AGMUF7myDb9mIBOBPXQsHGgJ7wlsarjeWUtZ4YCobC2kwKAyc12ZnnzC5bKiXX2GORPRk9DkDjKJH/EQF5NlagNXOW9qR/Ws18QN72ASgNxMEuZ5BIlC3/GL6dM1+qUrtiX5dbRcYgcD5G7pHWtPCTU4zHG1x4ObAVmbIvM="}
[ INFO ] [2019-11-20 19:57:03] [http-nio-8080-exec-1] INFO :  com.wchat.aspect.WsAspect [55] - 请求：com.wchat.controller.WebSocketController.userLoginDecrypted paramete：{"pw":"123abcABC","userName":"123456","uuid":"d5da0d20","verifiCode":"kfvb"}
[ INFO ] [2019-11-20 19:57:03] [http-nio-8080-exec-1] INFO :  com.wchat.aspect.WsAspect [57] - 请求：com.wchat.controller.WebSocketController.userLoginFilter the parameters after xss：{"pw":"123abcABC","userName":"123456","uuid":"d5da0d20","verifiCode":"kfvb"}
[ INFO ] [2019-11-20 19:57:03] [http-nio-8080-exec-4] INFO :  com.wchat.aspect.WsAspect [45] - Raw parameter：{"msgType":1,"pageNo":1,"pageSize":10,"pdata":"iUb/p0eRq7j9Ri2UCfodG/YvFpN00Za7HsuhrSG098n6IMN9TY644/5EfPn82HpMNA5ncAoWFC3FuoneN/kuTMhMqjjDf4j1p4weutR2yJTmxbIJrdE0gi2DGYpaMWLp","pkey":"CdWR3R9VE/LG9rIhIqT6CcDtla0gaarme65hWLLR4+Uhh+gLR/3jjGNgEoxyqTcTISWosOFwdDM1R16o2ld6eHruJT2tvofzj+3xYlAz/LqTIAZ76NbpfW4cHQSCJ/54GiQ5nadKsh1XjK/xyqiemxhYeIM+QfKRciwpe2ZEhIg="}
[ INFO ] [2019-11-20 19:57:03] [http-nio-8080-exec-4] INFO :  com.wchat.aspect.WsAspect [55] - 请求：com.wchat.controller.WebSocketController.getLineListDecrypted paramete：{"sessionId":0,"token":"2vxJE17mdFcH2CeguTg7wiTOtYTyPdmjK0uqmfQUnB9eYskcDfOdAsJQvbuFuXRa"}
[ INFO ] [2019-11-20 19:57:03] [http-nio-8080-exec-4] INFO :  com.wchat.aspect.WsAspect [57] - 请求：com.wchat.controller.WebSocketController.getLineListFilter the parameters after xss：{"sessionId":0,"token":"2vxJE17mdFcH2CeguTg7wiTOtYTyPdmjK0uqmfQUnB9eYskcDfOdAsJQvbuFuXRa"}
[ INFO ] [2019-11-20 19:57:03] [http-nio-8080-exec-3] INFO :  com.wchat.socket.WebSocketServer [38] - 有连接加入，当前连接数为：1
[ INFO ] [2019-11-20 19:57:03] [http-nio-8080-exec-5] INFO :  com.wchat.aspect.WsAspect [45] - Raw parameter：{"msgType":1,"pageNo":1,"pageSize":10,"pdata":"h0az6Voz3u64hf4IJjpG1oLEex5OTLY7Ls+Ewqs4Vfdn5FfqWGWd9hPVXIM+kueO7U6yPtLd3CYjx13ulyA5EHGBz44KMqDPDBKKBQY7tWe1ApaE37Fm+pcQVLvw6Rc4","pkey":"bjGnlsOtdhpRQ3c4FOhiFS/qAKIakUuBYnNwTM1VAZnew2ID4kl+lo7eyvXwdRIfT7T9aAr213WKEVTLOtTEhS63xlcom3eFmBzwLjzgsRrpiPxQ+Ieg1KqK3tcnzc/Y7ZCYpOPlExss6p+oJp9aoZb11KQGs+Hm3PVSH5Zm/n8="}
[ INFO ] [2019-11-20 19:57:03] [http-nio-8080-exec-5] INFO :  com.wchat.aspect.WsAspect [55] - 请求：com.wchat.controller.WebSocketController.update4SessionDecrypted paramete：{"sessionId":"1","token":"2vxJE17mdFcH2CeguTg7wiTOtYTyPdmjK0uqmfQUnB9eYskcDfOdAsJQvbuFuXRa"}
[ INFO ] [2019-11-20 19:57:03] [http-nio-8080-exec-5] INFO :  com.wchat.aspect.WsAspect [57] - 请求：com.wchat.controller.WebSocketController.update4SessionFilter the parameters after xss：{"sessionId":"1","token":"2vxJE17mdFcH2CeguTg7wiTOtYTyPdmjK0uqmfQUnB9eYskcDfOdAsJQvbuFuXRa"}
[ INFO ] [2019-11-20 19:57:34] [http-nio-8080-exec-7] INFO :  com.wchat.aspect.WsAspect [45] - Raw parameter：{"msgType":1,"pageNo":1,"pageSize":10,"pdata":"EytZwBkW1ekNQxJHKlqYUe2YpWihc8NfbfmcC+AKljnWZXgt2vn5U6rTTJNd0/NihVqf6fGm5TtaYQqOmcUVkOQH9weNeAtFSvN0EkQuybeyXbGLdw8lnfbpY/W179mnr23K3T7sxIxEZrhxbOboRBk/C9zVUZXfohdFtYGwDCilCzTC6Ob6VLt6WybECs1ihUkQxRPUJgK9NGgE12OSUw==","pkey":"Nal6D2VrIOHNFm9Ni3t8pEVON83OpDTWkK5eAMflgbcacbj4tERgsGDu+sny3zo2Ot4nbedWWxFTDIbWZG4TPULvHqx3hKxAiN5gneDEDE0MFrIiUpcOr6go4OrzInM8+4Y33Kvk9bBwCUMdbnpEdM+JsoaiPQu1lCrvYDZWqaY="}
[ INFO ] [2019-11-20 19:57:34] [http-nio-8080-exec-7] INFO :  com.wchat.aspect.WsAspect [55] - 请求：com.wchat.controller.WebSocketController.update4passwordDecrypted paramete：{"newPw":"123qweASD","pw":"123abcABC","token":"2vxJE17mdFcH2CeguTg7wiTOtYTyPdmjK0uqmfQUnB9eYskcDfOdAsJQvbuFuXRa","uuid":"ed140f1f","verifiCode":"q3ht"}
[ INFO ] [2019-11-20 19:57:34] [http-nio-8080-exec-7] INFO :  com.wchat.aspect.WsAspect [57] - 请求：com.wchat.controller.WebSocketController.update4passwordFilter the parameters after xss：{"newPw":"123qweASD","pw":"123abcABC","token":"2vxJE17mdFcH2CeguTg7wiTOtYTyPdmjK0uqmfQUnB9eYskcDfOdAsJQvbuFuXRa","uuid":"ed140f1f","verifiCode":"q3ht"}
[ ERROR] [2019-11-20 20:06:50] [http-nio-8080-exec-2] ERROR:  com.wchat.socket.WebSocketServer [73] - 发生错误：null，Session ID： 1
[ INFO ] [2019-11-20 20:06:50] [http-nio-8080-exec-2] INFO :  com.wchat.socket.WebSocketServer [50] - 有连接关闭，当前连接数为：0
