[ INFO ] [2019-11-15 09:38:14] [http-nio-8080-exec-1] INFO :  com.wchat.aspect.WsAspect [45] - 原始参数：{"msgType":1,"pageNo":1,"pageSize":10,"pdata":"wpaKLno7esIbpEGJGljFE04Yehwp9nybMjc6JiwBZOzBG2MWnxOs0NNuurVNX9UdpStaKNMNhMYRrr5RHDqm+7zj9LnX5poOsdgBCyXAsxI=","pkey":"ozy20U+ys4nhH3Q2iQAIfbTTMT5/l9k85cR1ftE8ZchYvWz8ll0shBYNwooq+ZLUtdtSrYHocEIawuk3XOnyUFxWBxa5b9yhPsfbyxp/Ab/oswCFkvnfjRAsv4luRKQeIQxGizlxCp6d58RoLan2nZUIDqDrl5PUor2inkv0Zck="}
[ INFO ] [2019-11-15 09:38:14] [http-nio-8080-exec-1] INFO :  com.wchat.aspect.WsAspect [55] - 请求：com.wchat.controller.WebSocketController.userLogin解密后参数：{"pw":"123456","userName":"nuoo","uuid":"b976c94c","verifiCode":"9wyx"}
[ INFO ] [2019-11-15 09:38:14] [http-nio-8080-exec-1] INFO :  com.wchat.aspect.WsAspect [57] - 请求：com.wchat.controller.WebSocketController.userLogin过滤xss后参数：{"pw":"123456","userName":"nuoo","uuid":"b976c94c","verifiCode":"9wyx"}
[ INFO ] [2019-11-15 09:38:16] [http-nio-8080-exec-3] INFO :  com.wchat.aspect.WsAspect [45] - 原始参数：{"msgType":1,"pageNo":1,"pageSize":10,"pdata":"6gUPNr+nwbcWrv4hbOUfqa7HadGXuQM/8NTsny5uCWMw/JA5y9mNtWBRSD36o71VwP5k1Occfb4Pkr6JdEBy8shc1WlmTwx//zuGir8yu8caOi07hs37if1AUwVDXcHN","pkey":"k6QkekYo28w1bN9rzUQbDEctc0cBWxzEE++LwipB78YmC31DlPfXYocBDLfeQBxgMKFyjoNCSEnpouf+f22aJ+YKOFLhL79tyN7FU7j24TyQBXpaCqRXINxJzFlCsL52ZGqP9C9+bX7RpXdZhji0rrC2T2kEm/RLg0DITfmAzss="}
[ INFO ] [2019-11-15 09:38:16] [http-nio-8080-exec-3] INFO :  com.wchat.aspect.WsAspect [55] - 请求：com.wchat.controller.WebSocketController.getLineList解密后参数：{"sessionId":0,"token":"Wxn/VQ4G1ZB33e8hR3DVITsGwH4a1lo1NXlqlNmCBhLQHkGqkBCbpZw+TrQO513i"}
[ INFO ] [2019-11-15 09:38:16] [http-nio-8080-exec-3] INFO :  com.wchat.aspect.WsAspect [57] - 请求：com.wchat.controller.WebSocketController.getLineList过滤xss后参数：{"sessionId":0,"token":"Wxn/VQ4G1ZB33e8hR3DVITsGwH4a1lo1NXlqlNmCBhLQHkGqkBCbpZw+TrQO513i"}
[ INFO ] [2019-11-15 09:38:17] [http-nio-8080-exec-4] INFO :  com.wchat.socket.WebSocketServer [38] - 有连接加入，当前连接数为：1
[ INFO ] [2019-11-15 09:38:17] [http-nio-8080-exec-5] INFO :  com.wchat.aspect.WsAspect [45] - 原始参数：{"msgType":1,"pageNo":1,"pageSize":10,"pdata":"87+ffrIE5yKqKbZL/CLMdAW6UXK/FU7RL2M0tdgGkhZir14FdvLxJvh/BPlgnw6he+6/te0AEPPc2b19IXgXQmlQedFJ8NVrdpRGE6a5UQnPPfq3JdfJxWPsryJNo4Le","pkey":"CAnz2FFgpmezzDpojSybTR6zAoOIY9DPZAepq2ureQkqrIiFHCFDc05wrZL4FBRFYh59QKqEzZgXfaluu6WPab/t8/rSiUSrJB72Y17fj3ENn1EP+Z+SK4Lckb1MXnbmbB1xxhbmZkzRKA1m+hyxPM/q21sjohmwHjVh7YUd6HI="}
[ INFO ] [2019-11-15 09:38:17] [http-nio-8080-exec-5] INFO :  com.wchat.aspect.WsAspect [55] - 请求：com.wchat.controller.WebSocketController.update4Session解密后参数：{"sessionId":"0","token":"Wxn/VQ4G1ZB33e8hR3DVITsGwH4a1lo1NXlqlNmCBhLQHkGqkBCbpZw+TrQO513i"}
[ INFO ] [2019-11-15 09:38:17] [http-nio-8080-exec-5] INFO :  com.wchat.aspect.WsAspect [57] - 请求：com.wchat.controller.WebSocketController.update4Session过滤xss后参数：{"sessionId":"0","token":"Wxn/VQ4G1ZB33e8hR3DVITsGwH4a1lo1NXlqlNmCBhLQHkGqkBCbpZw+TrQO513i"}
[ INFO ] [2019-11-15 09:38:21] [http-nio-8080-exec-6] INFO :  com.wchat.aspect.WsAspect [45] - 原始参数：{"msgType":1,"pageNo":1,"pageSize":10,"pdata":"6gUPNr+nwbcWrv4hbOUfqa7HadGXuQM/8NTsny5uCWMw/JA5y9mNtWBRSD36o71VwP5k1Occfb4Pkr6JdEBy8shc1WlmTwx//zuGir8yu8caOi07hs37if1AUwVDXcHN","pkey":"MWm9fP3fiShjr+f3zI0MUKc+47n5my1HSRJ5myh/VRl3WpLDnUFvVj+wiY+VGiSCeRWMoyN80MJg7qY1DrHTa+xG3cmeEyaMj0zgEmVTZHcVinIhX8MS/iUVAMdqCDbsAgz0WsK2HGiKK+bVp6zbC+SXvNUrg1gvb4SDndPkwBs="}
[ INFO ] [2019-11-15 09:38:21] [http-nio-8080-exec-6] INFO :  com.wchat.aspect.WsAspect [55] - 请求：com.wchat.controller.WebSocketController.getLineList解密后参数：{"sessionId":0,"token":"Wxn/VQ4G1ZB33e8hR3DVITsGwH4a1lo1NXlqlNmCBhLQHkGqkBCbpZw+TrQO513i"}
[ INFO ] [2019-11-15 09:38:21] [http-nio-8080-exec-6] INFO :  com.wchat.aspect.WsAspect [57] - 请求：com.wchat.controller.WebSocketController.getLineList过滤xss后参数：{"sessionId":0,"token":"Wxn/VQ4G1ZB33e8hR3DVITsGwH4a1lo1NXlqlNmCBhLQHkGqkBCbpZw+TrQO513i"}
[ INFO ] [2019-11-15 09:38:26] [http-nio-8080-exec-7] INFO :  com.wchat.aspect.WsAspect [45] - 原始参数：{"msgType":1,"pageNo":1,"pageSize":10,"pdata":"6gUPNr+nwbcWrv4hbOUfqa7HadGXuQM/8NTsny5uCWMw/JA5y9mNtWBRSD36o71VwP5k1Occfb4Pkr6JdEBy8shc1WlmTwx//zuGir8yu8caOi07hs37if1AUwVDXcHN","pkey":"F5Osz5LmCZat5o8BcTnqs+i4ZekRaNSyWEM9cgOhZRWM/WiX1lZkvJX7lIpAKCXVC5Ghl2xkJhLqj2zxrSWIF9dgKTyY91vf7e5UWI5XkpDo2XZu8QkBNwEMuC4ma1xkGm2DNPvpZeWwW8mhrI2HSQwsEgkbQZ661s+GkOwedKA="}
[ INFO ] [2019-11-15 09:38:26] [http-nio-8080-exec-7] INFO :  com.wchat.aspect.WsAspect [55] - 请求：com.wchat.controller.WebSocketController.offline解密后参数：{"sessionId":0,"token":"Wxn/VQ4G1ZB33e8hR3DVITsGwH4a1lo1NXlqlNmCBhLQHkGqkBCbpZw+TrQO513i"}
[ INFO ] [2019-11-15 09:38:26] [http-nio-8080-exec-7] INFO :  com.wchat.aspect.WsAspect [57] - 请求：com.wchat.controller.WebSocketController.offline过滤xss后参数：{"sessionId":0,"token":"Wxn/VQ4G1ZB33e8hR3DVITsGwH4a1lo1NXlqlNmCBhLQHkGqkBCbpZw+TrQO513i"}
[ ERROR] [2019-11-15 09:38:49] [http-nio-8080-exec-8] ERROR:  com.wchat.socket.WebSocketServer [73] - 发生错误：null，Session ID： 0
[ INFO ] [2019-11-15 09:38:49] [http-nio-8080-exec-8] INFO :  com.wchat.socket.WebSocketServer [50] - 有连接关闭，当前连接数为：0
[ INFO ] [2019-11-15 16:54:49] [http-nio-8080-exec-10] INFO :  com.wchat.aspect.WsAspect [45] - 原始参数：{"msgType":1,"pageNo":1,"pageSize":10,"pdata":"MzQYmA1VPKcVMlHhgi0LkO8niSqiTQ3u00nyRjtzGUTnpo04XPBopsgWLg9Q5H0Ne2F/KE0ita/TFjXDUENLS3yHQT2a6JxsRoBqy6Ir4LN0VMZuirvS9KVnaPYMC6cJ","pkey":"eliKbSKrKNmjexkJI8Qn/vsOYWVS7vHXVbxZT9MqWVwnm924T2lzHW5zp2oqQDt1KIyodIJk20NF7AqQwzVx/auCZUw9625PK/XlM/vIk6OcjqGXlv0qbWRoEw2dAM8THRYs7/hXG3+6y1j+YoNSwaJXKmqSOix9WZgnGxPiay8="}
[ INFO ] [2019-11-15 16:54:49] [http-nio-8080-exec-10] INFO :  com.wchat.aspect.WsAspect [55] - 请求：com.wchat.controller.WebSocketController.autoLogin解密后参数：{"sessionId":0,"token":"Wxn/VQ4G1ZB33e8hR3DVITsGwH4a1lo1NXlqlNmCBhLQHkGqkBCbpZw+TrQO513i"}
[ INFO ] [2019-11-15 16:54:49] [http-nio-8080-exec-10] INFO :  com.wchat.aspect.WsAspect [57] - 请求：com.wchat.controller.WebSocketController.autoLogin过滤xss后参数：{"sessionId":0,"token":"Wxn/VQ4G1ZB33e8hR3DVITsGwH4a1lo1NXlqlNmCBhLQHkGqkBCbpZw+TrQO513i"}
[ INFO ] [2019-11-15 17:10:47] [http-nio-8080-exec-6] INFO :  com.wchat.aspect.WsAspect [45] - 原始参数：{"msgType":1,"pageNo":1,"pageSize":10,"pdata":"d/rcQjfZJPsDInS3YagnZKxDLCJgZk2WLlgye0sanp5YPugNTd6DVk31rBSze1GjbeKNBi3Qp1umrwDQEe51E9B+2fyS5B2ZgDbB79yEqBy7NrEF4vdUBqr1lz+sWzfP","pkey":"knLt1aJKt9P6UgoPE4Mby+53zMjNwr1pr8faB77nOLX7/OuE7aKqNiWqkNsiSedbZ1xnwfM9D6KHaVKCW7SeFPxD246hXKSLpChrZ2LeWALqjwoKYjGBO+V0FatV/d+2i8XH9UVZjgunJAo7D+7uUn5u4iXrjJ+dr335skd+9fY="}
[ INFO ] [2019-11-15 17:10:47] [http-nio-8080-exec-6] INFO :  com.wchat.aspect.WsAspect [55] - 请求：com.wchat.controller.WebSocketController.autoLogin解密后参数：{"sessionId":0,"token":"Wxn/VQ4G1ZB33e8hR3DVITsGwH4a1lo1NXlqlNmCBhLQHkGqkBCbpZw+TrQO513i"}
[ INFO ] [2019-11-15 17:10:47] [http-nio-8080-exec-6] INFO :  com.wchat.aspect.WsAspect [57] - 请求：com.wchat.controller.WebSocketController.autoLogin过滤xss后参数：{"sessionId":0,"token":"Wxn/VQ4G1ZB33e8hR3DVITsGwH4a1lo1NXlqlNmCBhLQHkGqkBCbpZw+TrQO513i"}
