[ INFO ] [2019-11-14 17:11:08] [main] INFO :  com.wchat.boot.WchatApplication [55] - Starting WchatApplication on DESKTOP-OUEVNL0 with PID 2032 (C:\Users\Administrator\Desktop\wchat\target\classes started by Administrator in C:\Users\Administrator\Desktop\wchat)
[ INFO ] [2019-11-14 17:11:08] [main] INFO :  com.wchat.boot.WchatApplication [651] - No active profile set, falling back to default profiles: default
[ INFO ] [2019-11-14 17:11:11] [main] INFO :  org.springframework.boot.web.embedded.tomcat.TomcatWebServer [92] - Tomcat initialized with port(s): 8080 (http)
[ INFO ] [2019-11-14 17:11:11] [main] INFO :  org.apache.coyote.http11.Http11NioProtocol [173] - Initializing ProtocolHandler ["http-nio-8080"]
[ INFO ] [2019-11-14 17:11:11] [main] INFO :  org.apache.catalina.core.StandardService [173] - Starting service [Tomcat]
[ INFO ] [2019-11-14 17:11:11] [main] INFO :  org.apache.catalina.core.StandardEngine [173] - Starting Servlet engine: [Apache Tomcat/9.0.27]
[ INFO ] [2019-11-14 17:11:12] [main] INFO :  org.apache.catalina.core.ContainerBase.[Tomcat].[localhost].[/] [173] - Initializing Spring embedded WebApplicationContext
[ INFO ] [2019-11-14 17:11:12] [main] INFO :  org.springframework.web.context.ContextLoader [284] - Root WebApplicationContext: initialization completed in 3719 ms
[ INFO ] [2019-11-14 17:11:12] [main] INFO :  com.wchat.boot.KeyCache [28] - system init build SecurityKey
[ INFO ] [2019-11-14 17:11:13] [main] INFO :  com.wchat.boot.KeyCache [33] - public key:MIGfMA0GCSqGSIb3DQEBAQUAA4GNADCBiQKBgQCfSQNJVyirzpxTVPpj35G0glFQEka0Mr4Q0SPcd6pWfwFpB4E7UVSkNZBDsWSHwIZI9hYWNWaRbuwMOxpZbpiqqkCty84RQlPIxpM9ch+yk9qSJoIk1zXpD6YZy4RoetTl4fYfe7ZHv12HQhqWGchfbK1049cK8d2eUaVSsrQLCwIDAQAB
[ INFO ] [2019-11-14 17:11:13] [main] INFO :  com.wchat.boot.KeyCache [34] - private key:MIICdQIBADANBgkqhkiG9w0BAQEFAASCAl8wggJbAgEAAoGBAJ9JA0lXKKvOnFNU+mPfkbSCUVASRrQyvhDRI9x3qlZ/AWkHgTtRVKQ1kEOxZIfAhkj2FhY1ZpFu7Aw7GllumKqqQK3LzhFCU8jGkz1yH7KT2pImgiTXNekPphnLhGh61OXh9h97tke/XYdCGpYZyF9srXTj1wrx3Z5RpVKytAsLAgMBAAECgYBb0CokzCiVX7KcFg9+IhBKjBNypBY9KEKGTwbsvc1hrjOR5tGG74pqXLWbT1UzKrY8uBxjEMTeb6GAK1E025sDWoWc5jrHynWT8HHaaZKm/saKZYKz8BhTc5ONc3+3ijw51rMvOB8puqr3+UT53qcRAAkFNHZngrumsUbkc+u+AQJBAOGZ9TNufbN9gOxcCYFR9GMcA268xtrCVLTn5mJd3X3uZpS7BATh5hh9svU6a5yYDaNv/GAlh7cc+xL/rS/FsfsCQQC0v4A9kQiEVliCdSaGx8aHnMYm0lCFo5bgR5Kr9jelsr/MAQ7PUX7cZ/9tGYDhzd5esf77pS3VkTDD0FQd384xAkAZSnwtlt5qp9AzLyI1qC1givxrhqg4T/7VBQZT0rgI7Rf85nZN4dE8v6K3USRNOtKUlvJRCQQM6CfRem4848nPAkBkzaBxtZ8wXw+BwmA4LtZz72U7ZXPu9CtC7efI68phKO16kuR1jxfXSFDVwbF1PWFVIqP4KEkFoLG3o0omVxkhAkBdqPBc111AhxS5VKYFe8sdQ3eNXjYQpKsVXuLcTszeubVVppMQww2W81WXvyxPQ/bi2xj6WIUlejdWXqZjkCXN
[ INFO ] [2019-11-14 17:11:13] [main] INFO :  org.springframework.scheduling.concurrent.ThreadPoolTaskExecutor [171] - Initializing ExecutorService 'applicationTaskExecutor'
[ WARN ] [2019-11-14 17:11:13] [main] WARN :  o.s.boot.autoconfigure.thymeleaf.ThymeleafAutoConfiguration$DefaultTemplateResolverConfiguration [106] - Cannot find template location: classpath:/templates/ (please add some templates or check your Thymeleaf configuration)
[ INFO ] [2019-11-14 17:11:14] [main] INFO :  org.springframework.scheduling.concurrent.ThreadPoolTaskScheduler [171] - Initializing ExecutorService 'taskScheduler'
[ INFO ] [2019-11-14 17:11:14] [main] INFO :  org.apache.coyote.http11.Http11NioProtocol [173] - Starting ProtocolHandler ["http-nio-8080"]
[ INFO ] [2019-11-14 17:11:14] [main] INFO :  org.springframework.boot.web.embedded.tomcat.TomcatWebServer [204] - Tomcat started on port(s): 8080 (http) with context path ''
[ INFO ] [2019-11-14 17:11:14] [main] INFO :  com.wchat.boot.WchatApplication [61] - Started WchatApplication in 8.09 seconds (JVM running for 22.234)
[ INFO ] [2019-11-14 17:12:13] [http-nio-8080-exec-1] INFO :  org.apache.catalina.core.ContainerBase.[Tomcat].[localhost].[/] [173] - Initializing Spring DispatcherServlet 'dispatcherServlet'
[ INFO ] [2019-11-14 17:12:13] [http-nio-8080-exec-1] INFO :  org.springframework.web.servlet.DispatcherServlet [525] - Initializing Servlet 'dispatcherServlet'
[ INFO ] [2019-11-14 17:12:13] [http-nio-8080-exec-1] INFO :  org.springframework.web.servlet.DispatcherServlet [547] - Completed initialization in 21 ms
[ INFO ] [2019-11-14 17:15:29] [http-nio-8080-exec-7] INFO :  com.wchat.aspect.WsAspect [45] - 原始参数：{"msgType":1,"pageNo":1,"pageSize":10,"pdata":"n4ld5wdRqeUbG1+BcXvi46B8lc0M49Qk0VqRDUNUUchHVtndZB0nmphEnyUlftNQWyJ7buWMGi30bdW3KWL0jRQK/7pTMEBXouxc/h6eUQIq0dgOrwoFVIACvF/ubWWvlXdDv/mnDz9ze4TPWFVWpw==","pkey":"HHdZHHR7OJLsyoWzirl4/avgbxENe7xl0TwYyS/BTl912TsGRXcxJsHl9A8MwFnAwtyCSx/9OiZVVWFNRm8N8oEnMyrAmT2ste0Aw3HeQeLC32WryiXEhFHC1gMZNajjEtWqJA/j33mNjghQtLf5R/b0y+08qccHAgyCXr96f2M="}
[ INFO ] [2019-11-14 17:15:29] [http-nio-8080-exec-7] INFO :  com.wchat.aspect.WsAspect [55] - 请求：com.wchat.controller.WebSocketController.registerUser解密后参数：{"publicKey":"2","pw":"123456","sessionId":"2","userName":"1","uuid":"e9bee92a","verifiCode":"k5wp"}
[ INFO ] [2019-11-14 17:15:29] [http-nio-8080-exec-7] INFO :  com.wchat.aspect.WsAspect [57] - 请求：com.wchat.controller.WebSocketController.registerUser过滤xss后参数：{"publicKey":"2","pw":"123456","sessionId":"2","userName":"1","uuid":"e9bee92a","verifiCode":"k5wp"}
[ INFO ] [2019-11-14 17:15:29] [http-nio-8080-exec-7] INFO :  com.alibaba.druid.pool.DruidDataSource [930] - {dataSource-1} inited
[ INFO ] [2019-11-14 17:15:30] [http-nio-8080-exec-9] INFO :  com.wchat.aspect.WsAspect [45] - 原始参数：{"msgType":1,"pageNo":1,"pageSize":10,"pdata":"n4ld5wdRqeUbG1+BcXvi46B8lc0M49Qk0VqRDUNUUchHVtndZB0nmphEnyUlftNQWyJ7buWMGi30bdW3KWL0jRQK/7pTMEBXouxc/h6eUQIq0dgOrwoFVIACvF/ubWWvlXdDv/mnDz9ze4TPWFVWpw==","pkey":"G/ecnDBfwiVVTQfRY0NxF0axDNi7rmQr5cTM+44iGqtLvH72bmaqaZophRaBwYKt5sy59fvee2qHXGGZ+Eq9DTC1fXjlxN0Mplbx2G0XH5p3/pPx8cPBz+8CLSqr44VK2sbZFr3aZVN7+qTRDBtkfe5Gpmu2B/WWESxNI6qZrJk="}
[ INFO ] [2019-11-14 17:15:30] [http-nio-8080-exec-9] INFO :  com.wchat.aspect.WsAspect [55] - 请求：com.wchat.controller.WebSocketController.registerUser解密后参数：{"publicKey":"2","pw":"123456","sessionId":"2","userName":"1","uuid":"e9bee92a","verifiCode":"k5wp"}
[ INFO ] [2019-11-14 17:15:30] [http-nio-8080-exec-9] INFO :  com.wchat.aspect.WsAspect [57] - 请求：com.wchat.controller.WebSocketController.registerUser过滤xss后参数：{"publicKey":"2","pw":"123456","sessionId":"2","userName":"1","uuid":"e9bee92a","verifiCode":"k5wp"}
[ INFO ] [2019-11-14 17:16:13] [http-nio-8080-exec-10] INFO :  com.wchat.aspect.WsAspect [45] - 原始参数：{"msgType":1,"pageNo":1,"pageSize":10,"pdata":"n4ld5wdRqeUbG1+BcXvi46B8lc0M49Qk0VqRDUNUUchHVtndZB0nmphEnyUlftNQWyJ7buWMGi30bdW3KWL0jR8QcjvIroFVfooqzLAo1Y8DX63WPF3GdmXz0ToPL7MXwre39ginAX9DpHAyVa3DPg==","pkey":"Amp1qBf8lvS2amq0vqFW2NBOwKjH8D2wvEKpTmCJypTSM33A6Xq1rzjCcxIjAvUGWLdT4Dj3VjqJBHSyuptqoqgNX0Kv2PuC591u2mlB7cWozHwuJvmcEF2afXXwWhk4z3YjCiZqlnkpkz9+9Y7D8BCCjF+dwWg5tw03WCwAt3A="}
[ INFO ] [2019-11-14 17:16:13] [http-nio-8080-exec-10] INFO :  com.wchat.aspect.WsAspect [55] - 请求：com.wchat.controller.WebSocketController.registerUser解密后参数：{"publicKey":"2","pw":"123456","sessionId":"2","userName":"1","uuid":"a36f1ac0","verifiCode":""}
[ INFO ] [2019-11-14 17:16:13] [http-nio-8080-exec-10] INFO :  com.wchat.aspect.WsAspect [57] - 请求：com.wchat.controller.WebSocketController.registerUser过滤xss后参数：{"publicKey":"2","pw":"123456","sessionId":"2","userName":"1","uuid":"a36f1ac0","verifiCode":""}
[ INFO ] [2019-11-14 17:16:40] [http-nio-8080-exec-2] INFO :  com.wchat.aspect.WsAspect [45] - 原始参数：{"msgType":1,"pageNo":1,"pageSize":10,"pdata":"n4ld5wdRqeUbG1+BcXvi46B8lc0M49Qk0VqRDUNUUchHVtndZB0nmphEnyUlftNQT674wL8CI7nWi8uMzzLYVg+y0YD/r5s+Xb4AspX9HEmryLy7By45cGk668N0619ioTkSqIZZBo1uL47QsnT8MA==","pkey":"dLdwN8msp49Edgg/W/eJnVdMiKp+roItktTi1NzHNOFk9eRbm6iIZFrW4hBbqDmCcxCgZTJUeF0qneImgBBK7LcEjpKLZr4obTvmn3Kj3PqD3BoU6hNbhPzCDLM4NaV7DMDBKL3zAZDaOH6C+hYDxeoMw7ziepE7bePqWlQu70I="}
[ INFO ] [2019-11-14 17:16:40] [http-nio-8080-exec-2] INFO :  com.wchat.aspect.WsAspect [55] - 请求：com.wchat.controller.WebSocketController.registerUser解密后参数：{"publicKey":"2","pw":"123456","sessionId":"2","userName":"123","uuid":"f90755e4","verifiCode":"22c3"}
[ INFO ] [2019-11-14 17:16:40] [http-nio-8080-exec-2] INFO :  com.wchat.aspect.WsAspect [57] - 请求：com.wchat.controller.WebSocketController.registerUser过滤xss后参数：{"publicKey":"2","pw":"123456","sessionId":"2","userName":"123","uuid":"f90755e4","verifiCode":"22c3"}
[ WARN ] [2019-11-14 17:17:30] [scheduling-1] WARN :  org.springframework.context.annotation.ClassPathScanningCandidateComponentProvider [166] - No MyBatis mapper was found in '[com.wchat.dao]' package. Please check your configuration.
[ INFO ] [2019-11-14 17:17:30] [scheduling-1] INFO :  com.wchat.boot.KeyCache [28] - system init build SecurityKey
[ INFO ] [2019-11-14 17:17:30] [scheduling-1] INFO :  com.wchat.boot.KeyCache [33] - public key:MIGfMA0GCSqGSIb3DQEBAQUAA4GNADCBiQKBgQCOy4SuQ7AMWTLCFVttJ3XSwHD7V7qZAP1HghC6SGNX47mNE6kYjrBoXSt5r94Zra7ZrbeZIZOG/axHy+nO7kGt3fuDEEzvQvPYWSFziklySekaoKDCljqSF12b/PYjhBu/KRw9qYT7h2r3GD4U1uLg1eGZsP2Dd7iPX9VJY3G9fQIDAQAB
[ INFO ] [2019-11-14 17:17:30] [scheduling-1] INFO :  com.wchat.boot.KeyCache [34] - private key:MIICdQIBADANBgkqhkiG9w0BAQEFAASCAl8wggJbAgEAAoGBAI7LhK5DsAxZMsIVW20nddLAcPtXupkA/UeCELpIY1fjuY0TqRiOsGhdK3mv3hmtrtmtt5khk4b9rEfL6c7uQa3d+4MQTO9C89hZIXOKSXJJ6RqgoMKWOpIXXZv89iOEG78pHD2phPuHavcYPhTW4uDV4Zmw/YN3uI9f1Uljcb19AgMBAAECgYBtiX8pMrE8d7wxF7L/g5KlbYv9smlob1LbZNGyJE9Yn066AsfnF6YJGNd9zEPijNIhF1pMdG430iYzGSAs5aWpNKngs7mYoP6Q5R65vI5ruC+OecuMWggplL68hVGhaBxVPY6vzTJWvXV3o5KqXMxNPM87Zk1Dc8LYbxDozpD3fQJBANEbEfMdfoMZWszdFC/mDoexLcsxQAwrypOxeNGGbv14zj6Z1r4ZsUPvugk6TIFZfi6zZPU6i4WcZ5QLKRmCoAMCQQCu0X6QhFc/8lpfZDhE33b5ORPjm2dmZ5bX9kDBSziSr5qEbnwQIMa7sml2X+fjWyXlwZAa5+nmviCGXF1OYXR/AkBoN1yn1WBTSJS3m8vO35MIT+bp6V7pcf3hxEbZ7m1syQPJsXSUhEuT92u546NzqD26WtCLZCVbbws0fqd6Pl8vAkB7EGDvbSpaisoRsuRln4YKRaL5rDFrBmtK1kCZkdFeeZ3lsj1FwT0FbsANI9CC3WxdRBikyDOBSsBstWK9xZ8TAkAn5pE045wWcojPuRBR3sE2cWLOC+D4gQ9HdLkP7SGcZLgFci61vyjcSfvmgkIo71oJkQs+rSGMPRojS1stM6FB
[ INFO ] [2019-11-14 17:17:31] [SpringContextShutdownHook] INFO :  org.springframework.scheduling.concurrent.ThreadPoolTaskScheduler [208] - Shutting down ExecutorService 'taskScheduler'
[ INFO ] [2019-11-14 17:17:31] [SpringContextShutdownHook] INFO :  org.springframework.scheduling.concurrent.ThreadPoolTaskExecutor [208] - Shutting down ExecutorService 'applicationTaskExecutor'
[ INFO ] [2019-11-14 17:17:31] [SpringContextShutdownHook] INFO :  com.alibaba.druid.pool.DruidDataSource [1825] - {dataSource-1} closed
[ INFO ] [2019-11-14 17:17:45] [main] INFO :  com.wchat.boot.WchatApplication [55] - Starting WchatApplication on DESKTOP-OUEVNL0 with PID 12816 (C:\Users\Administrator\Desktop\wchat\target\classes started by Administrator in C:\Users\Administrator\Desktop\wchat)
[ INFO ] [2019-11-14 17:17:45] [main] INFO :  com.wchat.boot.WchatApplication [651] - No active profile set, falling back to default profiles: default
[ INFO ] [2019-11-14 17:17:47] [main] INFO :  org.springframework.boot.web.embedded.tomcat.TomcatWebServer [92] - Tomcat initialized with port(s): 8080 (http)
[ INFO ] [2019-11-14 17:17:47] [main] INFO :  org.apache.coyote.http11.Http11NioProtocol [173] - Initializing ProtocolHandler ["http-nio-8080"]
[ INFO ] [2019-11-14 17:17:47] [main] INFO :  org.apache.catalina.core.StandardService [173] - Starting service [Tomcat]
[ INFO ] [2019-11-14 17:17:47] [main] INFO :  org.apache.catalina.core.StandardEngine [173] - Starting Servlet engine: [Apache Tomcat/9.0.27]
[ INFO ] [2019-11-14 17:17:47] [main] INFO :  org.apache.catalina.core.ContainerBase.[Tomcat].[localhost].[/] [173] - Initializing Spring embedded WebApplicationContext
[ INFO ] [2019-11-14 17:17:47] [main] INFO :  org.springframework.web.context.ContextLoader [284] - Root WebApplicationContext: initialization completed in 2495 ms
[ INFO ] [2019-11-14 17:17:48] [main] INFO :  com.wchat.boot.KeyCache [28] - system init build SecurityKey
[ INFO ] [2019-11-14 17:17:48] [main] INFO :  com.wchat.boot.KeyCache [33] - public key:MIGfMA0GCSqGSIb3DQEBAQUAA4GNADCBiQKBgQDa1VjSsxEIuJGrgIX8Y1paXtJLDBTfrX9bugFNE+H9l0TYMbTD+dP3l9nv9aHWck19iDISeVZ8teSSA9pN+P937EGvX77I4P6lVelQ2iA4//ym/amxanK4MkWCnjyU4iUV4r2U8ysEhTjHaEi2F++os8Aw/wsnoPYgfpbwf4/y0wIDAQAB
[ INFO ] [2019-11-14 17:17:48] [main] INFO :  com.wchat.boot.KeyCache [34] - private key:MIICdwIBADANBgkqhkiG9w0BAQEFAASCAmEwggJdAgEAAoGBANrVWNKzEQi4kauAhfxjWlpe0ksMFN+tf1u6AU0T4f2XRNgxtMP50/eX2e/1odZyTX2IMhJ5Vny15JID2k34/3fsQa9fvsjg/qVV6VDaIDj//Kb9qbFqcrgyRYKePJTiJRXivZTzKwSFOMdoSLYX76izwDD/Cyeg9iB+lvB/j/LTAgMBAAECgYEAsq8sVPdEPHPA9mH+hcR2fX4Zho/5516atMJf15kZmeDPpRyJNtCjBPOoT+io2hsBLTRtdmo/dZtsZNHiinJ73eQTbFd+vJv1d9/QKGzwNXNpXT/u2gExd1Nj9neWZaOWUOWX8wpJAXbw5YoK6SWpQwYQaTQmqcJ8N1HQqDF8IaECQQD6gPM6/tSdPBagAa69lxgTMgISjwRj8OZqg3O/l8ic/c8gMBijOQ6xtbDbvKgzhEdt2pBRfaUIURlYQ5bAxwrjAkEA36KCI6xOZjkETUf3Fk8M5sUBcSrTmjn2iRtefXNBQ88yr+4EPY5BeCDqawAWIw7D9oe/Vwb83LDTb46x0hdLUQJBAOk5FTtf9eNOBmKCLoYlHi0A6h0NOjEyH9Qa/rDqR8SiKSz2mnmcramWV0q9onwUM8x7KNI2AGh12PrsMnbY2bECQFEEEF1YCLbjpPlSPuMoFCZt7E3RFANlSDj3X03XOSeVomk1sveR14nrcsD8sQhWSwu+tcSTVXul25MogKb5pWECQCcHnkrDaleVcdAA1FNw4B/6HSLs9xUc/MogFrrrYJdGhUHrOZzHQ5zbupn5pLd4sN1djqyf6rXKA+C0YVMUqMo=
[ INFO ] [2019-11-14 17:17:48] [main] INFO :  com.alibaba.druid.pool.DruidDataSource [930] - {dataSource-1} inited
[ INFO ] [2019-11-14 17:17:49] [main] INFO :  org.springframework.scheduling.concurrent.ThreadPoolTaskExecutor [171] - Initializing ExecutorService 'applicationTaskExecutor'
[ WARN ] [2019-11-14 17:17:49] [main] WARN :  o.s.boot.autoconfigure.thymeleaf.ThymeleafAutoConfiguration$DefaultTemplateResolverConfiguration [106] - Cannot find template location: classpath:/templates/ (please add some templates or check your Thymeleaf configuration)
[ INFO ] [2019-11-14 17:17:49] [main] INFO :  org.springframework.scheduling.concurrent.ThreadPoolTaskScheduler [171] - Initializing ExecutorService 'taskScheduler'
[ INFO ] [2019-11-14 17:17:50] [main] INFO :  org.apache.coyote.http11.Http11NioProtocol [173] - Starting ProtocolHandler ["http-nio-8080"]
[ INFO ] [2019-11-14 17:17:50] [main] INFO :  org.springframework.boot.web.embedded.tomcat.TomcatWebServer [204] - Tomcat started on port(s): 8080 (http) with context path ''
[ INFO ] [2019-11-14 17:17:50] [main] INFO :  com.wchat.boot.WchatApplication [61] - Started WchatApplication in 6.969 seconds (JVM running for 16.648)
[ INFO ] [2019-11-14 17:18:17] [http-nio-8080-exec-2] INFO :  org.apache.catalina.core.ContainerBase.[Tomcat].[localhost].[/] [173] - Initializing Spring DispatcherServlet 'dispatcherServlet'
[ INFO ] [2019-11-14 17:18:17] [http-nio-8080-exec-2] INFO :  org.springframework.web.servlet.DispatcherServlet [525] - Initializing Servlet 'dispatcherServlet'
[ INFO ] [2019-11-14 17:18:17] [http-nio-8080-exec-2] INFO :  org.springframework.web.servlet.DispatcherServlet [547] - Completed initialization in 12 ms
[ INFO ] [2019-11-14 17:18:30] [http-nio-8080-exec-1] INFO :  com.wchat.aspect.WsAspect [45] - 原始参数：{"msgType":1,"pageNo":1,"pageSize":10,"pdata":"cc2bbWegYW/rl1k6MlLx//lXhqvyskEMF/zMCdcC5S8pCXy91EPjAp8lQ/xCTE2ZBAZSz74Lvy7kV16zHSpJysgjvUBRH28mTvP5V8fTHOM=","pkey":"S5Jh80cNRwym6ViSZUJj1/JFh/USb9bVAATF2H/5AcEBX+5Etb3LVVxtST5QXvKfKyqcdeaGrMlebgVKR60OMdharQds+NAcymOL347KGN+t7BQQbeL0NPXpXR/BWIgDA+094hMdxe+WtAb5VEX9P7vSWmnvKDO2l4+2biDtNj0="}
[ INFO ] [2019-11-14 17:18:30] [http-nio-8080-exec-1] INFO :  com.wchat.aspect.WsAspect [55] - 请求：com.wchat.controller.WebSocketController.userLogin解密后参数：{"pw":"123456","userName":"123","uuid":"8dc401f7","verifiCode":""}
[ INFO ] [2019-11-14 17:18:30] [http-nio-8080-exec-1] INFO :  com.wchat.aspect.WsAspect [57] - 请求：com.wchat.controller.WebSocketController.userLogin过滤xss后参数：{"pw":"123456","userName":"123","uuid":"8dc401f7","verifiCode":""}
[ INFO ] [2019-11-14 17:18:34] [http-nio-8080-exec-3] INFO :  com.wchat.aspect.WsAspect [45] - 原始参数：{"msgType":1,"pageNo":1,"pageSize":10,"pdata":"cc2bbWegYW/rl1k6MlLx//lXhqvyskEMF/zMCdcC5S8pCXy91EPjAp8lQ/xCTE2ZBAZSz74Lvy7kV16zHSpJysgjvUBRH28mTvP5V8fTHOM=","pkey":"Aj1PpP+gx2XqB6O3fX3Nb0A0PBk3WxKNaTb3W+3RoBCom1leNGgz9rPkUW1ru4uN94wOOmqKqsXF3FWlql/5LrTUe0/YVS3ID16v7OEFkcAUDCVAazNh4i9CPZeXCyVEf9KmbxvmIMbe/5FDFWQ0pQ0higaS/9Qpz9BMDnioasw="}
[ INFO ] [2019-11-14 17:18:34] [http-nio-8080-exec-3] INFO :  com.wchat.aspect.WsAspect [55] - 请求：com.wchat.controller.WebSocketController.userLogin解密后参数：{"pw":"123456","userName":"123","uuid":"8dc401f7","verifiCode":""}
[ INFO ] [2019-11-14 17:18:34] [http-nio-8080-exec-3] INFO :  com.wchat.aspect.WsAspect [57] - 请求：com.wchat.controller.WebSocketController.userLogin过滤xss后参数：{"pw":"123456","userName":"123","uuid":"8dc401f7","verifiCode":""}
[ INFO ] [2019-11-14 17:19:16] [http-nio-8080-exec-4] INFO :  com.wchat.aspect.WsAspect [45] - 原始参数：{"msgType":1,"pageNo":1,"pageSize":10,"pdata":"cc2bbWegYW/rl1k6MlLx//lXhqvyskEMF/zMCdcC5S9N4UcthZArRAdg6qPiel2TEUGyfyBv1zw/DjA/VenVmLTSVDd2cXqoA+EHEFZQzDc=","pkey":"YImY38r+R2GlhaGu7ef6CfyrE7J5ueK18l009SYnPzDeFTbdf4UEvQtO1ankRmL0/7cSQF2CWCjJz/h7lvXyvAing/qgekevgfaaKreu31ZD19bgY7LZC5z+TeqD+G9KW9xgAxoUG6yTnYZH0ikQ33DN7IZTU0aMKWKHoayd9Zg="}
[ INFO ] [2019-11-14 17:19:16] [http-nio-8080-exec-4] INFO :  com.wchat.aspect.WsAspect [55] - 请求：com.wchat.controller.WebSocketController.userLogin解密后参数：{"pw":"123456","userName":"123","uuid":"020c923a","verifiCode":""}
[ INFO ] [2019-11-14 17:19:16] [http-nio-8080-exec-4] INFO :  com.wchat.aspect.WsAspect [57] - 请求：com.wchat.controller.WebSocketController.userLogin过滤xss后参数：{"pw":"123456","userName":"123","uuid":"020c923a","verifiCode":""}
[ INFO ] [2019-11-14 17:19:41] [http-nio-8080-exec-5] INFO :  com.wchat.aspect.WsAspect [45] - 原始参数：{"msgType":1,"pageNo":1,"pageSize":10,"pdata":"cc2bbWegYW/rl1k6MlLx//lXhqvyskEMF/zMCdcC5S9N4UcthZArRAdg6qPiel2TEUGyfyBv1zw/DjA/VenVmLTSVDd2cXqoA+EHEFZQzDc=","pkey":"S93rx8VGLNMt57Gt7PvrSLHTSqBXVX3xp6DmcAbJsCb7fznOAJyL3ricO+/JXW+Miot0/lXquu2qItzkfCJQ/xb6j3ku0tftTq4t6Mhhtia9TXjOP/XrHw2fvyGRfD0hgjk5hOOdvdrGPxItcBI5W8SauHRYLUFoffElB7jxMYE="}
[ INFO ] [2019-11-14 17:19:41] [http-nio-8080-exec-5] INFO :  com.wchat.aspect.WsAspect [55] - 请求：com.wchat.controller.WebSocketController.userLogin解密后参数：{"pw":"123456","userName":"123","uuid":"020c923a","verifiCode":""}
[ INFO ] [2019-11-14 17:19:41] [http-nio-8080-exec-5] INFO :  com.wchat.aspect.WsAspect [57] - 请求：com.wchat.controller.WebSocketController.userLogin过滤xss后参数：{"pw":"123456","userName":"123","uuid":"020c923a","verifiCode":""}
[ INFO ] [2019-11-14 17:19:48] [http-nio-8080-exec-6] INFO :  com.wchat.aspect.WsAspect [45] - 原始参数：{"msgType":1,"pageNo":1,"pageSize":10,"pdata":"cc2bbWegYW/rl1k6MlLx//lXhqvyskEMF/zMCdcC5S9N4UcthZArRAdg6qPiel2TEUGyfyBv1zw/DjA/VenVmLTSVDd2cXqoA+EHEFZQzDc=","pkey":"rdoAnZ1qdNZFYrTOwV2JcVGodemK3GI/6LgLG502tiVAxDBRdEK8mMqkU+L8ptECNddSWznWA9+inH4ims640x34JLAOZunlrLReqLzve1JoSD6sli8Uur62mu7fkJfOi+jGWebfUcJgGZa4TxOgqZMMdmGYvme9ZuoDNTwyCSw="}
[ INFO ] [2019-11-14 17:19:48] [http-nio-8080-exec-6] INFO :  com.wchat.aspect.WsAspect [55] - 请求：com.wchat.controller.WebSocketController.userLogin解密后参数：{"pw":"123456","userName":"123","uuid":"020c923a","verifiCode":""}
[ INFO ] [2019-11-14 17:19:48] [http-nio-8080-exec-6] INFO :  com.wchat.aspect.WsAspect [57] - 请求：com.wchat.controller.WebSocketController.userLogin过滤xss后参数：{"pw":"123456","userName":"123","uuid":"020c923a","verifiCode":""}
[ INFO ] [2019-11-14 17:19:52] [http-nio-8080-exec-7] INFO :  com.wchat.aspect.WsAspect [45] - 原始参数：{"msgType":1,"pageNo":1,"pageSize":10,"pdata":"cc2bbWegYW/rl1k6MlLx//lXhqvyskEMF/zMCdcC5S8S1+unpyYaui9tPP49LKaZBjFJe1VlJ6LiVG80Pn/wWQYlPDysJMiJUoMps42SvxU=","pkey":"ilWGTtKSF+X5aSY3C53D76LQHBopx7YegQZeZ7BceIVQGqV0BTXMhkqBTUC5ILUp71PS7EIRGe11H8xYjEukpNGC8646WooItAjCV9thFNTIBC7gzN6No+KXtvWdjqhJUTSQmv23zWz84I2aLgIjlAhpnrA6djWIQBkX9njWe/E="}
[ INFO ] [2019-11-14 17:19:52] [http-nio-8080-exec-7] INFO :  com.wchat.aspect.WsAspect [55] - 请求：com.wchat.controller.WebSocketController.userLogin解密后参数：{"pw":"123456","userName":"123","uuid":"103e6f43","verifiCode":""}
[ INFO ] [2019-11-14 17:19:52] [http-nio-8080-exec-7] INFO :  com.wchat.aspect.WsAspect [57] - 请求：com.wchat.controller.WebSocketController.userLogin过滤xss后参数：{"pw":"123456","userName":"123","uuid":"103e6f43","verifiCode":""}
