[ INFO ] [2019-11-21 11:19:36] [http-nio-8080-exec-3] INFO :  com.wchat.aspect.WsAspect [45] - Raw parameter：{"msgType":1,"pageNo":1,"pageSize":10,"pdata":"CSPUIZ7nFNew9DPryi6Cb6qiv6FOx1i+5kMxURhcEik1tfKGem+sGkglJSt7FQsu9zdlHbG5SuabONSeBKK+kL8IATwdanlLr60jX4sI5oJC+9CmPwZSXRoLhUCb8cOe","pkey":"UckypeexGGLM/m8FIhz864QfUN4LIamQ6sI6jrW9kfEGg9psiLH++eD6HtfsA1LUCB1oAJrAR9zLzRP+tRtfhaWRDMh9e+RHOu4aANrF27pyUwYVdSpMTEhC9IAueFW5cH2os019t7y+KpqyP3eUC21igcpFDTJQhrZt6Q9gTFQ="}
[ INFO ] [2019-11-21 11:19:36] [http-nio-8080-exec-3] INFO :  com.wchat.aspect.WsAspect [55] - 请求：com.wchat.controller.WebSocketController.autoLoginDecrypted paramete：{"sessionId":0,"token":"2vxJE17mdFcH2CeguTg7wiTOtYTyPdmjK0uqmfQUnB9eYskcDfOdAsJQvbuFuXRa"}
[ INFO ] [2019-11-21 11:19:36] [http-nio-8080-exec-3] INFO :  com.wchat.aspect.WsAspect [57] - 请求：com.wchat.controller.WebSocketController.autoLoginFilter the parameters after xss：{"sessionId":0,"token":"2vxJE17mdFcH2CeguTg7wiTOtYTyPdmjK0uqmfQUnB9eYskcDfOdAsJQvbuFuXRa"}
[ INFO ] [2019-11-21 11:19:40] [http-nio-8080-exec-4] INFO :  com.wchat.aspect.WsAspect [45] - Raw parameter：{"msgType":1,"pageNo":1,"pageSize":10,"pdata":"CSPUIZ7nFNew9DPryi6Cb6qiv6FOx1i+5kMxURhcEik1tfKGem+sGkglJSt7FQsu9zdlHbG5SuabONSeBKK+kL8IATwdanlLr60jX4sI5oJC+9CmPwZSXRoLhUCb8cOe","pkey":"ZibAynSy5BQXYt8p8MNGYEML6hUGapfTDnxmr/ikfTON4xDXtSM+6HGS2/rZgAWZUTb6PURl6vnWchxhSONX0AiWQwXL5VLtiGhm6UuJcZsKXa43X+8jQu9YKiQNJrJVgs+5GPPTM+1kBtKFtWfq+FDKAtNjW0vk1bb0g2+NcpQ="}
[ INFO ] [2019-11-21 11:19:41] [http-nio-8080-exec-4] INFO :  com.wchat.aspect.WsAspect [55] - 请求：com.wchat.controller.WebSocketController.getLineListDecrypted paramete：{"sessionId":0,"token":"2vxJE17mdFcH2CeguTg7wiTOtYTyPdmjK0uqmfQUnB9eYskcDfOdAsJQvbuFuXRa"}
[ INFO ] [2019-11-21 11:19:41] [http-nio-8080-exec-4] INFO :  com.wchat.aspect.WsAspect [57] - 请求：com.wchat.controller.WebSocketController.getLineListFilter the parameters after xss：{"sessionId":0,"token":"2vxJE17mdFcH2CeguTg7wiTOtYTyPdmjK0uqmfQUnB9eYskcDfOdAsJQvbuFuXRa"}
[ INFO ] [2019-11-21 11:19:41] [http-nio-8080-exec-5] INFO :  com.wchat.socket.WebSocketServer [38] - 有连接加入，当前连接数为：1
[ INFO ] [2019-11-21 11:19:41] [http-nio-8080-exec-6] INFO :  com.wchat.aspect.WsAspect [45] - Raw parameter：{"msgType":1,"pageNo":1,"pageSize":10,"pdata":"55IvNJBy0OD1McDahhk9x3DWK/a85hTlLIULMz+RpLr1mE1dKS+KNe3dH2opNgraNf3OdgmJiiF7Dv5YbftgT0wgMJXG4JIhnjHF7JXRhRHr3dZrUFNuqvi42LgKaS/B","pkey":"KYFbCoiJVbqZpZHnyKGat2eLHTn/iARH4egiNv8WQjVPZLaC7I8KeQzGN2EgRbZ+wz1QUz60tJOdSOaqvV3ccigwX6gI3LPqTGNjZKiOC2ZtZ/02oTKkzGSpLHJfaRnt5bBkHwHJq5nhi0Hx4Xz6WrmgmkOumNcOipq5WwNXdZE="}
[ INFO ] [2019-11-21 11:19:41] [http-nio-8080-exec-6] INFO :  com.wchat.aspect.WsAspect [55] - 请求：com.wchat.controller.WebSocketController.update4SessionDecrypted paramete：{"sessionId":"2","token":"2vxJE17mdFcH2CeguTg7wiTOtYTyPdmjK0uqmfQUnB9eYskcDfOdAsJQvbuFuXRa"}
[ INFO ] [2019-11-21 11:19:41] [http-nio-8080-exec-6] INFO :  com.wchat.aspect.WsAspect [57] - 请求：com.wchat.controller.WebSocketController.update4SessionFilter the parameters after xss：{"sessionId":"2","token":"2vxJE17mdFcH2CeguTg7wiTOtYTyPdmjK0uqmfQUnB9eYskcDfOdAsJQvbuFuXRa"}
[ INFO ] [2019-11-21 11:20:16] [http-nio-8080-exec-7] INFO :  com.wchat.aspect.WsAspect [45] - Raw parameter：{"msgType":1,"pageNo":1,"pageSize":10,"pdata":"CSPUIZ7nFNew9DPryi6Cb6qiv6FOx1i+5kMxURhcEik1tfKGem+sGkglJSt7FQsu9zdlHbG5SuabONSeBKK+kL8IATwdanlLr60jX4sI5oJC+9CmPwZSXRoLhUCb8cOe","pkey":"EDa8kq1Dae1arWUU7BBn6XOSIFAhWj5gzQ+KLWsEcVhG+ZU3RtxF+s2v5Jgpz6TkTp2e20ZfDv3WNDp3YSzICOif6p9knMUNoV6cLQGIjv1kssYTFi0ETv2+EbsCerixJNLsfmewe9QoMDtYXuEgZFS/MZItlA2ZUz7ufKoqQaY="}
[ INFO ] [2019-11-21 11:20:16] [http-nio-8080-exec-7] INFO :  com.wchat.aspect.WsAspect [55] - 请求：com.wchat.controller.WebSocketController.offlineDecrypted paramete：{"sessionId":0,"token":"2vxJE17mdFcH2CeguTg7wiTOtYTyPdmjK0uqmfQUnB9eYskcDfOdAsJQvbuFuXRa"}
[ INFO ] [2019-11-21 11:20:16] [http-nio-8080-exec-7] INFO :  com.wchat.aspect.WsAspect [57] - 请求：com.wchat.controller.WebSocketController.offlineFilter the parameters after xss：{"sessionId":0,"token":"2vxJE17mdFcH2CeguTg7wiTOtYTyPdmjK0uqmfQUnB9eYskcDfOdAsJQvbuFuXRa"}
[ INFO ] [2019-11-21 11:20:54] [http-nio-8080-exec-5] INFO :  com.wchat.aspect.WsAspect [45] - Raw parameter：{"msgType":1,"pageNo":1,"pageSize":10,"pdata":"jbJkwUkBWQ/tvblUXntguC7arW+muxlnhTysa9nx6VE=","pkey":"H2+ZkaNsqfDbq/rLXjWvmCw5UrcH4bCIui5Mi4gjl8heZLBv9pVzSeexrVHOyqhwqGabF8m+q/vZ9nPnYcVVar9uC3S/Xdkd5hl9JQrm8C8QPNTs6Y+f7hSlG01eCiOZXCiuML4atuCd9TaJ/9Lh+uvCvrpSV9CyMmxxqknv3zI="}
[ INFO ] [2019-11-21 11:20:54] [http-nio-8080-exec-5] INFO :  com.wchat.aspect.WsAspect [55] - 请求：com.wchat.controller.WebSocketController.registerUserDecrypted paramete：{"userName":"123456"}
[ INFO ] [2019-11-21 11:20:54] [http-nio-8080-exec-5] INFO :  com.wchat.aspect.WsAspect [57] - 请求：com.wchat.controller.WebSocketController.registerUserFilter the parameters after xss：{"userName":"123456"}
[ INFO ] [2019-11-21 11:20:58] [http-nio-8080-exec-4] INFO :  com.wchat.aspect.WsAspect [45] - Raw parameter：{"msgType":1,"pageNo":1,"pageSize":10,"pdata":"jbJkwUkBWQ/tvblUXntguC7arW+muxlnhTysa9nx6VE=","pkey":"BK9Iw3t95VKcF51Kn7NFN2owjhzQ9JfjdsTbgHGStSLXapzXGhHW32yhEaTlK6C7z/+OwxbMniyWqdo2MUbUUidaxCTKZs970OkK5lI6ZZKr6fhjEEVd1LyiUJ8U5+g3S6pJJXey65nf9EgM9AsOXSK95QndJIA4WCo1f+qPzn8="}
[ INFO ] [2019-11-21 11:20:58] [http-nio-8080-exec-4] INFO :  com.wchat.aspect.WsAspect [55] - 请求：com.wchat.controller.WebSocketController.registerUserDecrypted paramete：{"userName":"123456"}
[ INFO ] [2019-11-21 11:20:58] [http-nio-8080-exec-4] INFO :  com.wchat.aspect.WsAspect [57] - 请求：com.wchat.controller.WebSocketController.registerUserFilter the parameters after xss：{"userName":"123456"}
[ INFO ] [2019-11-21 11:22:13] [http-nio-8080-exec-1] INFO :  com.wchat.aspect.WsAspect [45] - Raw parameter：{"msgType":1,"pageNo":1,"pageSize":10,"pdata":"gOlgHwVslQT6j5LjxvZMwxmRtu1z1eiq5FrkJJJ4LwOQ/j0tY0p73RdH4SV4V7r7TKpX38WgDJSwKCPe7zE9KMCFTfwDg07yoo/mfc9aCypAmDc4vssFJffg3Nm5Il5GOayZ9ebKEqHyi4IzVo3POz0bpoAqhJII0kohV9G+cWa060oYS18sQ2QPkyZjDEnT","pkey":"vIaKXUW/pM9YBGXVK8sSToNvE2gGrcNriez5GMQeKAR/ocIcd4KaqpHshVcJevf6Y17nHGy7/PjZx/J1wxpjqiK8I/OhybaTeZXIRefKBJVfGBieaYdeHr5eibMoF43kkdqgpamJdiNlnT6R3E5tRL63ZEGiqJwyZrlGIjEyOyw="}
[ INFO ] [2019-11-21 11:22:13] [http-nio-8080-exec-1] INFO :  com.wchat.aspect.WsAspect [55] - 请求：com.wchat.controller.WebSocketController.registerUserDecrypted paramete：{"email":"435928431@qq.com","publicKey":"2","pw":"123qweASD","sessionId":"2","userName":"qwer","uuid":"5c75b8d5","verifiCode":"3wqw"}
[ INFO ] [2019-11-21 11:22:13] [http-nio-8080-exec-1] INFO :  com.wchat.aspect.WsAspect [57] - 请求：com.wchat.controller.WebSocketController.registerUserFilter the parameters after xss：{"email":"435928431@qq.com","publicKey":"2","pw":"123qweASD","sessionId":"2","userName":"qwer","uuid":"5c75b8d5","verifiCode":"3wqw"}
[ INFO ] [2019-11-21 11:22:23] [http-nio-8080-exec-5] INFO :  com.wchat.aspect.WsAspect [45] - Raw parameter：{"msgType":1,"pageNo":1,"pageSize":10,"pdata":"dS+XF1rGMen/v6HtSTZyL7Ugx5ChmlZA0fcg74mGs1g=","pkey":"g+8n/KEquRYy89YDP2CS3PxmSK8DV9VIBMf3YwXgS/9agAYJRKH6I8qcwmomcR+WPd6gTey0vfukVJW3wqk5m6qH5Kp9iUZwtD3HvVfzz5o8pSiyRmv2kzSXFG+oZkblKoOHEbyvTZoY+ERp3092P0Z2LpfQDFFp1jLfN/s/bCs="}
[ INFO ] [2019-11-21 11:22:23] [http-nio-8080-exec-5] INFO :  com.wchat.aspect.WsAspect [55] - 请求：com.wchat.controller.WebSocketController.registerUserDecrypted paramete：{"userName":"qwer"}
[ INFO ] [2019-11-21 11:22:23] [http-nio-8080-exec-5] INFO :  com.wchat.aspect.WsAspect [57] - 请求：com.wchat.controller.WebSocketController.registerUserFilter the parameters after xss：{"userName":"qwer"}
[ INFO ] [2019-11-21 11:22:25] [http-nio-8080-exec-4] INFO :  com.wchat.aspect.WsAspect [45] - Raw parameter：{"msgType":1,"pageNo":1,"pageSize":10,"pdata":"dS+XF1rGMen/v6HtSTZyL7Ugx5ChmlZA0fcg74mGs1g=","pkey":"p0j2uOtcSyRCBUBqFnm2571HlQKr/Dia+AofiZgYUE7pPK1v3/pg23PZ2w3c9l59vefxF31+nFKDJXumw3H8yelJvLTy7IRWOReWk5y2oyGfOlQuwE0brBw7mge+I/H5I0l1902Q6hXZdXBLA9fXtN6cEfzqpLrTAJBMKjTxExE="}
[ INFO ] [2019-11-21 11:22:25] [http-nio-8080-exec-4] INFO :  com.wchat.aspect.WsAspect [55] - 请求：com.wchat.controller.WebSocketController.registerUserDecrypted paramete：{"userName":"qwer"}
[ INFO ] [2019-11-21 11:22:25] [http-nio-8080-exec-4] INFO :  com.wchat.aspect.WsAspect [57] - 请求：com.wchat.controller.WebSocketController.registerUserFilter the parameters after xss：{"userName":"qwer"}
[ INFO ] [2019-11-21 11:32:09] [http-nio-8080-exec-8] INFO :  com.wchat.aspect.WsAspect [45] - Raw parameter：{"msgType":1,"pageNo":1,"pageSize":10,"pdata":"dS+XF1rGMen/v6HtSTZyL7Ugx5ChmlZA0fcg74mGs1g=","pkey":"HXJ4MpF9lj84yPonVrM5+W/cQWcw7Ru03nTRT2yw9A3bjmRHsGRFhI7yGFqOH7THzSB57nrkvVEkWW/ZAfLx6h7zFhaJxKKg+bBhhtNpFmZWlAiZb3nyZtHPIX4mwj7yl1BPAueg3mNW4h8REZtDyX2NPg/mjK1f7ZBPQTNpI5U="}
[ INFO ] [2019-11-21 11:32:09] [http-nio-8080-exec-8] INFO :  com.wchat.aspect.WsAspect [55] - 请求：com.wchat.controller.WebSocketController.registerUserDecrypted paramete：{"userName":"qwer"}
[ INFO ] [2019-11-21 11:32:09] [http-nio-8080-exec-8] INFO :  com.wchat.aspect.WsAspect [57] - 请求：com.wchat.controller.WebSocketController.registerUserFilter the parameters after xss：{"userName":"qwer"}
[ ERROR] [2019-11-21 11:50:14] [http-nio-8080-exec-10] ERROR:  com.wchat.socket.WebSocketServer [73] - 发生错误：null，Session ID： 2
[ INFO ] [2019-11-21 11:50:14] [http-nio-8080-exec-10] INFO :  com.wchat.socket.WebSocketServer [50] - 有连接关闭，当前连接数为：0
[ INFO ] [2019-11-21 11:50:27] [http-nio-8080-exec-1] INFO :  com.wchat.aspect.WsAspect [45] - Raw parameter：{"msgType":1,"pageNo":1,"pageSize":10,"pdata":"o8oh1XRCpBzPfsyzIVtDQeOm3Fj/hqj6FQS1YewsnbpsLaFuBtDcYUSFcg5/nvE+b+KEvShpKGD+8+h/HZc8SBpsVHfq6Di23KrWvATfKUU2MmhCc1ov/dPXikC51Gn0","pkey":"lSNmZF3X/igkuHGhsgw0ZP/6aliojdOuSCMedQ3MHTewGpu8uVERkTPEfKrDX54iZO1Wkb0j0IzmWELsJbFC62KdkZXXoxYYuCG1ftdAOfuQ5XYLqMdPqN68vaPYy4GgVhjvh0EBvNP2l1hDtXHxkyZw6TntI6+WukmcjZTQ4M0="}
[ INFO ] [2019-11-21 11:50:27] [http-nio-8080-exec-1] INFO :  com.wchat.aspect.WsAspect [55] - 请求：com.wchat.controller.WebSocketController.autoLoginDecrypted paramete：{"sessionId":0,"token":"2vxJE17mdFcH2CeguTg7wiTOtYTyPdmjK0uqmfQUnB9eYskcDfOdAsJQvbuFuXRa"}
[ INFO ] [2019-11-21 11:50:27] [http-nio-8080-exec-1] INFO :  com.wchat.aspect.WsAspect [57] - 请求：com.wchat.controller.WebSocketController.autoLoginFilter the parameters after xss：{"sessionId":0,"token":"2vxJE17mdFcH2CeguTg7wiTOtYTyPdmjK0uqmfQUnB9eYskcDfOdAsJQvbuFuXRa"}
[ INFO ] [2019-11-21 11:50:59] [http-nio-8080-exec-7] INFO :  com.wchat.aspect.WsAspect [45] - Raw parameter：{"msgType":1,"pageNo":1,"pageSize":10,"pdata":"akDIYxNr+Z3lY7CH0QrJrCFi8t3TG6ktrfVfHcFy+Bc=","pkey":"l6YGL4Vpp8R4gUqGsmrztlaNWoYqPCCptV9+HKC+8GkaLHKxDDGun8EPuouiTBzLUlUOTggZP7RuCCw1ZXuRjWGxJfDjq6fDTuw4sOCLicx2roXuPs+csK9HH+T436Oimn0gp6VQER4yBkzbs7ptbXyRGq5A1tf3bw+9dky0C4w="}
[ INFO ] [2019-11-21 11:50:59] [http-nio-8080-exec-7] INFO :  com.wchat.aspect.WsAspect [55] - 请求：com.wchat.controller.WebSocketController.getEmailByUserNameDecrypted paramete：{"userName":"qwer"}
[ INFO ] [2019-11-21 11:50:59] [http-nio-8080-exec-7] INFO :  com.wchat.aspect.WsAspect [57] - 请求：com.wchat.controller.WebSocketController.getEmailByUserNameFilter the parameters after xss：{"userName":"qwer"}
[ INFO ] [2019-11-21 11:53:51] [http-nio-8080-exec-2] INFO :  com.wchat.aspect.WsAspect [45] - Raw parameter：{"msgType":1,"pageNo":1,"pageSize":10,"pdata":"mybbhrpdWD6y6f8BFQkpp00SCVq3yeBwDTzoZCXhtTJN/xRIOQn/Fs6ySmTOmn15KqKU7+oY4JkWPpF9oF+I5DxjQjz8irDNdRJuVxGRYlJTyT2iJbIzFLnU/6Fuqrfz","pkey":"jaxKEo/ddqQS9cVipa0KGPWu14X3+ayl7DnhzhjCB/keH3mbmvTSVIXoXYVyGGSvR5OtS+FdINFIvtTzVw2Xg+OaiyFmCz1GD/uht/VYVSlEem1HkWAuYKG0gLz+8mg7rgyYVQp+3AAN9M7O6tMmcdGkVaC+Hr9CM7OyQGww5PU="}
[ INFO ] [2019-11-21 11:53:51] [http-nio-8080-exec-2] INFO :  com.wchat.aspect.WsAspect [55] - 请求：com.wchat.controller.WebSocketController.autoLoginDecrypted paramete：{"sessionId":0,"token":"2vxJE17mdFcH2CeguTg7wiTOtYTyPdmjK0uqmfQUnB9eYskcDfOdAsJQvbuFuXRa"}
[ INFO ] [2019-11-21 11:53:51] [http-nio-8080-exec-2] INFO :  com.wchat.aspect.WsAspect [57] - 请求：com.wchat.controller.WebSocketController.autoLoginFilter the parameters after xss：{"sessionId":0,"token":"2vxJE17mdFcH2CeguTg7wiTOtYTyPdmjK0uqmfQUnB9eYskcDfOdAsJQvbuFuXRa"}
[ INFO ] [2019-11-21 11:54:04] [http-nio-8080-exec-3] INFO :  com.wchat.aspect.WsAspect [45] - Raw parameter：{"msgType":1,"pageNo":1,"pageSize":10,"pdata":"lPKaBGL3OdS3OZAs7liCBYiC3lS3LbijrIUjb3qNB7c=","pkey":"YzafJlItozvYdp9m/VqnEGz/vY//Np7MuTeNpS+K/hkCVXk37GH+UD0bShLB2BbBFazucmWmyRWvdMo6Uol1c/F1isPs9FFIe7sX6IWK3ixgK88XLDf1iMpkKoZ0WRq/3Kn0WI04786Yc2k1P36pabqHkeihwt/AhZaVFZ2ADz8="}
[ INFO ] [2019-11-21 11:54:04] [http-nio-8080-exec-3] INFO :  com.wchat.aspect.WsAspect [55] - 请求：com.wchat.controller.WebSocketController.getEmailByUserNameDecrypted paramete：{"userName":"qwer"}
[ INFO ] [2019-11-21 11:54:04] [http-nio-8080-exec-3] INFO :  com.wchat.aspect.WsAspect [57] - 请求：com.wchat.controller.WebSocketController.getEmailByUserNameFilter the parameters after xss：{"userName":"qwer"}
[ INFO ] [2019-11-21 11:54:41] [http-nio-8080-exec-7] INFO :  com.wchat.aspect.WsAspect [45] - Raw parameter：{"msgType":1,"pageNo":1,"pageSize":10,"pdata":"EUyXr0/S0q58fHXdVxWgthRes8CQWbzQW5w78/VIhG9tDSXS4qqUp014xy18vRvpHwhx/ivASn45aSR4eOQDn4MPpFlmrNg28Fz0wZcmKcXCZCZ+pqO3ohDFnjumkT9n","pkey":"Naf2HmVQjgAsKhmJiBgzQ4R4Yd/urmFNL77B2m8qiBrziXpi4f6+v7S2TWTIn8xrvx/bAHrYPcqnJ1o0WhSFEoRrVF+T/X29xs1hsRCc2xujejSXnHqqgytBNSkz9oletVaDFD0yuT1T6w5LsZ2c8+VqG1abmOir+k/+z1xEzn8="}
[ INFO ] [2019-11-21 11:54:41] [http-nio-8080-exec-7] INFO :  com.wchat.aspect.WsAspect [55] - 请求：com.wchat.controller.WebSocketController.autoLoginDecrypted paramete：{"sessionId":0,"token":"2vxJE17mdFcH2CeguTg7wiTOtYTyPdmjK0uqmfQUnB9eYskcDfOdAsJQvbuFuXRa"}
[ INFO ] [2019-11-21 11:54:41] [http-nio-8080-exec-7] INFO :  com.wchat.aspect.WsAspect [57] - 请求：com.wchat.controller.WebSocketController.autoLoginFilter the parameters after xss：{"sessionId":0,"token":"2vxJE17mdFcH2CeguTg7wiTOtYTyPdmjK0uqmfQUnB9eYskcDfOdAsJQvbuFuXRa"}
[ INFO ] [2019-11-21 11:54:50] [http-nio-8080-exec-9] INFO :  com.wchat.aspect.WsAspect [45] - Raw parameter：{"msgType":1,"pageNo":1,"pageSize":10,"pdata":"E0oqcGcIYEEnzC0LTNxmMuLc9Zw1DmWBCOT8sMjLbIU=","pkey":"NJhu1StKP2qvdXLUryxXyyh51qcuHgJVqdPxTdGATuT5g/MpbVZuuPEGrGjmZTCy2mF62nLWK+pW7FesKJCznRx/Myknd0zMLmE4UBe4/6PLTuTPvIfOEEn2Mggpb5W/xR+RIfzDp71kTXBaujqLYd2N8p1aJHnM7C3scfI4GBM="}
[ INFO ] [2019-11-21 11:54:50] [http-nio-8080-exec-9] INFO :  com.wchat.aspect.WsAspect [55] - 请求：com.wchat.controller.WebSocketController.getEmailByUserNameDecrypted paramete：{"userName":"qwer"}
[ INFO ] [2019-11-21 11:54:50] [http-nio-8080-exec-9] INFO :  com.wchat.aspect.WsAspect [57] - 请求：com.wchat.controller.WebSocketController.getEmailByUserNameFilter the parameters after xss：{"userName":"qwer"}
[ INFO ] [2019-11-21 11:55:38] [http-nio-8080-exec-2] INFO :  com.wchat.aspect.WsAspect [45] - Raw parameter：{"msgType":1,"pageNo":1,"pageSize":10,"pdata":"LjmzaKOjL7cAeMW+zj4nWRqXwrfRkt9HYzoipqXq3OLxQZV7uuANHK544wGvnEuvVE4/BkYZv6tQSllOtNJmthwyQyeh0MvnOa/WxKwQlBA=","pkey":"akZzOiH/6HiIVo3K6RGbGPCL5n46nVelTaMyEH9JJERU4305AZEyy/peG7j0J07Nu9yKfnQpdAeC/+TqUngXsH+oI07nJFQsLK40uOsxHQEoREJb5I9559yznvz6GYd2jygciH7YXeBWU8n5L9iYt5axCBv1Q/cPmNUUXJ115M0="}
[ INFO ] [2019-11-21 11:55:38] [http-nio-8080-exec-2] INFO :  com.wchat.aspect.WsAspect [55] - 请求：com.wchat.controller.WebSocketController.userLoginDecrypted paramete：{"pw":"123qweASD","userName":"qwer","uuid":"7a447f6b","verifiCode":"cuey"}
[ INFO ] [2019-11-21 11:55:38] [http-nio-8080-exec-2] INFO :  com.wchat.aspect.WsAspect [57] - 请求：com.wchat.controller.WebSocketController.userLoginFilter the parameters after xss：{"pw":"123qweASD","userName":"qwer","uuid":"7a447f6b","verifiCode":"cuey"}
[ INFO ] [2019-11-21 11:55:39] [http-nio-8080-exec-3] INFO :  com.wchat.socket.WebSocketServer [38] - 有连接加入，当前连接数为：1
[ INFO ] [2019-11-21 11:55:39] [http-nio-8080-exec-1] INFO :  com.wchat.aspect.WsAspect [45] - Raw parameter：{"msgType":1,"pageNo":1,"pageSize":10,"pdata":"EUyXr0/S0q58fHXdVxWgtoR4nxzJHkxV2Y7L8aFo2ZumHoYfZdqJLc+3LXGUqqE+wyR3tjhxM4F6SHIvuiXPfletCvzpI5nJb1s8PJhPDfBw9//NrlI+I03g6R9Hf5D2","pkey":"dZ5iVan46yfHm+P59i7Dc/bm5B5RpCr399T7JiWMBnd3+/sN+e/LTWPhkjduB0RN7AXv7NKqlD0eWlS4ElGrRUFX/+yAFfKIDySg4PatwZ73vUMCwMH1LO7YAJYdXSqQCItcK8GsRdVQrPYRmtiMUsNx9IUV5y7P6TZyVQkDNz0="}
[ INFO ] [2019-11-21 11:55:39] [http-nio-8080-exec-1] INFO :  com.wchat.aspect.WsAspect [55] - 请求：com.wchat.controller.WebSocketController.getLineListDecrypted paramete：{"sessionId":0,"token":"TGNKIlcFpSUyEEWAIlc2XLxmlda4Qva3keQNWIYpN0HIwTuvsFka39K90ZDaLmqy"}
[ INFO ] [2019-11-21 11:55:39] [http-nio-8080-exec-1] INFO :  com.wchat.aspect.WsAspect [57] - 请求：com.wchat.controller.WebSocketController.getLineListFilter the parameters after xss：{"sessionId":0,"token":"TGNKIlcFpSUyEEWAIlc2XLxmlda4Qva3keQNWIYpN0HIwTuvsFka39K90ZDaLmqy"}
[ INFO ] [2019-11-21 11:55:39] [http-nio-8080-exec-5] INFO :  com.wchat.aspect.WsAspect [45] - Raw parameter：{"msgType":1,"pageNo":1,"pageSize":10,"pdata":"Ax2t/EmuqwaO28PQUSd50rYDazT4LKB+PoSMbdw97BRgSaEU2nzCnRuiDi6QKFEhtidjoT6MFzwDri3AJz7eyUV9IsukCMvg4beVZ8faH8DqWFtNNm4SM9iJ3VC8ugXp","pkey":"a3YfX7XItRcGmF7gU9JKJVAnLP8wEqLi71xUibBWU2fQFn4HA3QIhMIUQrmcKY08HMUVKyREa/yVth5BilQfUL2K5Expb/Hm6kA7DHQt2sDf201ngSU4tgoDck1CayIqXl9jBdz1PaZ29NVTEc0q+flb13ptMvVjIAxUcAdmJZs="}
[ INFO ] [2019-11-21 11:55:39] [http-nio-8080-exec-5] INFO :  com.wchat.aspect.WsAspect [55] - 请求：com.wchat.controller.WebSocketController.update4SessionDecrypted paramete：{"sessionId":"3","token":"TGNKIlcFpSUyEEWAIlc2XLxmlda4Qva3keQNWIYpN0HIwTuvsFka39K90ZDaLmqy"}
[ INFO ] [2019-11-21 11:55:39] [http-nio-8080-exec-5] INFO :  com.wchat.aspect.WsAspect [57] - 请求：com.wchat.controller.WebSocketController.update4SessionFilter the parameters after xss：{"sessionId":"3","token":"TGNKIlcFpSUyEEWAIlc2XLxmlda4Qva3keQNWIYpN0HIwTuvsFka39K90ZDaLmqy"}
[ INFO ] [2019-11-21 11:56:16] [http-nio-8080-exec-6] INFO :  com.wchat.aspect.WsAspect [45] - Raw parameter：{"msgType":1,"pageNo":1,"pageSize":10,"pdata":"M8UtAbxpXAODaFq79Qqr9YoB2sCyMyx9xClpJGpqqGd4149tdRhE3v7jCXznguVo18lNe/yOWGgnY2tTA+MR/cROheQPbaXbOURWjwtvFFyezSlcRdZ9yEenmYTZRYvw1wLhAs45s5ewtalDUW9iZpRYMQd3tIX8CXf6qcPCARow88eB00BdBRkKZVZ2rubH3LFFm0ng/WCkCk7QIQ84UA==","pkey":"Vrk+ByMg3tiGDH+ODp70KAN/Q1+Cgr09AbjY03rNYeJo8XuGi/Hhv7JVqAtsp27Ni3pcTotOep6BvWaJcgT2DXkjbJO6gk0hs90kIALfAnSCIztjZZbWMwICv23PeFjXf4iTyzvlaFv3zfDgZYiuZxkIo4edR+sVmabYNKizA/s="}
[ INFO ] [2019-11-21 11:56:16] [http-nio-8080-exec-6] INFO :  com.wchat.aspect.WsAspect [55] - 请求：com.wchat.controller.WebSocketController.update4passwordDecrypted paramete：{"newPw":"ASDqwe123","pw":"123qweASD","token":"TGNKIlcFpSUyEEWAIlc2XLxmlda4Qva3keQNWIYpN0HIwTuvsFka39K90ZDaLmqy","uuid":"d0d61754","verifiCode":"rmhq"}
[ INFO ] [2019-11-21 11:56:16] [http-nio-8080-exec-6] INFO :  com.wchat.aspect.WsAspect [57] - 请求：com.wchat.controller.WebSocketController.update4passwordFilter the parameters after xss：{"newPw":"ASDqwe123","pw":"123qweASD","token":"TGNKIlcFpSUyEEWAIlc2XLxmlda4Qva3keQNWIYpN0HIwTuvsFka39K90ZDaLmqy","uuid":"d0d61754","verifiCode":"rmhq"}
[ INFO ] [2019-11-21 11:56:26] [http-nio-8080-exec-8] INFO :  com.wchat.aspect.WsAspect [45] - Raw parameter：{"msgType":1,"pageNo":1,"pageSize":10,"pdata":"M8UtAbxpXAODaFq79Qqr9YoB2sCyMyx9xClpJGpqqGd4149tdRhE3v7jCXznguVo18lNe/yOWGgnY2tTA+MR/cROheQPbaXbOURWjwtvFFyezSlcRdZ9yEenmYTZRYvw1wLhAs45s5ewtalDUW9iZqd5iyZ/0sRWOnR5KFPdKCtKiHeu5/YWRBVDnVjIv+0fR81oczgWgQtJ4U1b0oi+rg==","pkey":"VfYm8Sx2BcLGjWxkBEbmAtE9gjwY3VQNvzWNWZ593TSTtllKQ4YQPFCOPyNsfRD5PA3524Bp3INAIiCSp3ZDV3gP64xR005E1NXeTOeGo70salodZ7e0/IoCX+IZWPSAo2Hrru5/8VM+DoX77J1gK0UEI61X3AZmPUaPblutY54="}
[ INFO ] [2019-11-21 11:56:26] [http-nio-8080-exec-8] INFO :  com.wchat.aspect.WsAspect [55] - 请求：com.wchat.controller.WebSocketController.update4passwordDecrypted paramete：{"newPw":"ASDqwe123","pw":"123qweASD","token":"TGNKIlcFpSUyEEWAIlc2XLxmlda4Qva3keQNWIYpN0HIwTuvsFka39K90ZDaLmqy","uuid":"63fdb1ad","verifiCode":"srzd"}
[ INFO ] [2019-11-21 11:56:26] [http-nio-8080-exec-8] INFO :  com.wchat.aspect.WsAspect [57] - 请求：com.wchat.controller.WebSocketController.update4passwordFilter the parameters after xss：{"newPw":"ASDqwe123","pw":"123qweASD","token":"TGNKIlcFpSUyEEWAIlc2XLxmlda4Qva3keQNWIYpN0HIwTuvsFka39K90ZDaLmqy","uuid":"63fdb1ad","verifiCode":"srzd"}
[ INFO ] [2019-11-21 11:56:49] [http-nio-8080-exec-3] INFO :  com.wchat.aspect.WsAspect [45] - Raw parameter：{"msgType":1,"pageNo":1,"pageSize":10,"pdata":"Q8zGB6qv74gwoJD/qE/28ujT1osSIXrTHy+e6clMtqsyFXD4T3qcxyE5uQxWGBilE+JXs4MFJEohMd6V0NwI50z+jE5GJBH4lrGtMPKyPCA=","pkey":"MgQefmXn4bXgB3yd614CRmaR01B4683Hww/RY9JkIjIGe5rporo+IzGB4t5O62EIDoGnNsCDNUxyXZGc3ZDkmL+IZ8sFeWTjrTVYBalpv6zCpbDVgJ5JFpmaugOPAjOQ8mJrFy7CVIBerJEAsSrsjh4T29KKs9gL1BHAcDGhZQI="}
[ INFO ] [2019-11-21 11:56:49] [http-nio-8080-exec-3] INFO :  com.wchat.aspect.WsAspect [55] - 请求：com.wchat.controller.WebSocketController.userLoginDecrypted paramete：{"pw":"ASDqwe123","userName":"123456","uuid":"23e4952f","verifiCode":"pcwf"}
[ INFO ] [2019-11-21 11:56:49] [http-nio-8080-exec-3] INFO :  com.wchat.aspect.WsAspect [57] - 请求：com.wchat.controller.WebSocketController.userLoginFilter the parameters after xss：{"pw":"ASDqwe123","userName":"123456","uuid":"23e4952f","verifiCode":"pcwf"}
[ INFO ] [2019-11-21 11:57:14] [http-nio-8080-exec-5] INFO :  com.wchat.aspect.WsAspect [45] - Raw parameter：{"msgType":1,"pageNo":1,"pageSize":10,"pdata":"LjmzaKOjL7cAeMW+zj4nWQ/lXuTK0nKN41FfH1M9F1H4Xx5q6sWkohgye5zPR4Hf4mFA4RbA3N3jhFVMMedsueSE7u2tMJMvlLgMrwvV1PA=","pkey":"eQ/mS20OZ+uyUwAOS8FShDwFz6r6kb7ac+DGsOGspm3JsnX1PoWsvdnjqcBAB2DHJks+apk4XxxV1PHKihfjUR/6JL27cdyUGRFDgpwKNYc6ztGE0w3cw1FKc85F/NC2ujNDVRmINZA4DKDLJ5BVLEQQ0o3uO5E9c3xSm8IAcWM="}
[ INFO ] [2019-11-21 11:57:14] [http-nio-8080-exec-5] INFO :  com.wchat.aspect.WsAspect [55] - 请求：com.wchat.controller.WebSocketController.userLoginDecrypted paramete：{"pw":"123qweASD","userName":"123456","uuid":"e9354a35","verifiCode":"vnae"}
[ INFO ] [2019-11-21 11:57:14] [http-nio-8080-exec-5] INFO :  com.wchat.aspect.WsAspect [57] - 请求：com.wchat.controller.WebSocketController.userLoginFilter the parameters after xss：{"pw":"123qweASD","userName":"123456","uuid":"e9354a35","verifiCode":"vnae"}
[ INFO ] [2019-11-21 12:00:39] [http-nio-8080-exec-2] INFO :  com.wchat.aspect.WsAspect [45] - Raw parameter：{"msgType":1,"pageNo":1,"pageSize":10,"pdata":"PAc2/wkKLz5wMD49FztSM5u1EY/9lWMu/aTRt4fWoU9O75OpxWYTBRPUsqtaVnNNV3tH3rqJhUTf0yPfe7U3QrAVrHe71XTDhLUPBF5AJjrPGsWPignjZvUgO2++QfGt","pkey":"WZAycRRxe0KVIbb9uqnfPmz8Ri2OuCeLrT8ImXCiF3/+nJwykxIfNHwD1eD0YbBtQ2sHGS2S5Fse7eiSCvnDBy9gUTnNizw7hRaUBUwXmh0z3h7wh7yyQoSm6T/LDxHNAzRuS2XArTfiyPBL/itMS7Mer6rC/oyDqqsBRHzRBoM="}
[ INFO ] [2019-11-21 12:00:39] [http-nio-8080-exec-2] INFO :  com.wchat.aspect.WsAspect [55] - 请求：com.wchat.controller.WebSocketController.autoLoginDecrypted paramete：{"sessionId":0,"token":"2vxJE17mdFcH2CeguTg7wiTOtYTyPdmjK0uqmfQUnB8+B/JsUG56gXCc2tHhQjpV"}
[ INFO ] [2019-11-21 12:00:39] [http-nio-8080-exec-2] INFO :  com.wchat.aspect.WsAspect [57] - 请求：com.wchat.controller.WebSocketController.autoLoginFilter the parameters after xss：{"sessionId":0,"token":"2vxJE17mdFcH2CeguTg7wiTOtYTyPdmjK0uqmfQUnB8+B/JsUG56gXCc2tHhQjpV"}
[ INFO ] [2019-11-21 12:00:39] [http-nio-8080-exec-3] INFO :  com.wchat.aspect.WsAspect [45] - Raw parameter：{"msgType":1,"pageNo":1,"pageSize":10,"pdata":"PAc2/wkKLz5wMD49FztSM5u1EY/9lWMu/aTRt4fWoU9O75OpxWYTBRPUsqtaVnNNV3tH3rqJhUTf0yPfe7U3QrAVrHe71XTDhLUPBF5AJjrPGsWPignjZvUgO2++QfGt","pkey":"OxM2k9VydIpNCwthyIR2nJYYI7lDOxwH4nEZLVPujJLi3xuXsxFmZETNxB1CIdNj9CqdZzXMsAGcdbxbf7qCAlgCGoQt7ZTH+/RBxGoskzwUOWTOWfyWGUqRnvE1IwOcHSBX1RvnesSZSll2IgAKKp6xEdFMtBgybYxG1wObtf0="}
[ INFO ] [2019-11-21 12:00:39] [http-nio-8080-exec-3] INFO :  com.wchat.aspect.WsAspect [55] - 请求：com.wchat.controller.WebSocketController.getLineListDecrypted paramete：{"sessionId":0,"token":"2vxJE17mdFcH2CeguTg7wiTOtYTyPdmjK0uqmfQUnB8+B/JsUG56gXCc2tHhQjpV"}
[ INFO ] [2019-11-21 12:00:39] [http-nio-8080-exec-3] INFO :  com.wchat.aspect.WsAspect [57] - 请求：com.wchat.controller.WebSocketController.getLineListFilter the parameters after xss：{"sessionId":0,"token":"2vxJE17mdFcH2CeguTg7wiTOtYTyPdmjK0uqmfQUnB8+B/JsUG56gXCc2tHhQjpV"}
[ INFO ] [2019-11-21 12:00:39] [http-nio-8080-exec-1] INFO :  com.wchat.socket.WebSocketServer [38] - 有连接加入，当前连接数为：2
[ INFO ] [2019-11-21 12:00:39] [http-nio-8080-exec-5] INFO :  com.wchat.aspect.WsAspect [45] - Raw parameter：{"msgType":1,"pageNo":1,"pageSize":10,"pdata":"twcPXb4tg+bFU0009UKcBxM/zFq+TU18eRoIvsCIWM+XMh5HrhaOoEjeeJ4njoy2o5WnChied/uTCENtxE+rorJKwOMr9Aql5hW1K/M3r0NIzwnpSZ/iwbcT1cJy+bay","pkey":"mrtvPHU5MXca+hvnnkjiHfcSSOdBN9v5toxt7VGntn9mGlpXmyf02jEX1YYPUjH1oo/VaTMsZORzsHKtlDaCHWUIQp2cjmx79p9HZc2oQfaTfje2a/P3xENj6GKo2pkyLTYCF5vfYTOVXX+eAJpRmu0dDXIuT2jV2zKphyy0aws="}
[ INFO ] [2019-11-21 12:00:39] [http-nio-8080-exec-5] INFO :  com.wchat.aspect.WsAspect [55] - 请求：com.wchat.controller.WebSocketController.update4SessionDecrypted paramete：{"sessionId":"4","token":"2vxJE17mdFcH2CeguTg7wiTOtYTyPdmjK0uqmfQUnB8+B/JsUG56gXCc2tHhQjpV"}
[ INFO ] [2019-11-21 12:00:39] [http-nio-8080-exec-5] INFO :  com.wchat.aspect.WsAspect [57] - 请求：com.wchat.controller.WebSocketController.update4SessionFilter the parameters after xss：{"sessionId":"4","token":"2vxJE17mdFcH2CeguTg7wiTOtYTyPdmjK0uqmfQUnB8+B/JsUG56gXCc2tHhQjpV"}
[ INFO ] [2019-11-21 12:01:28] [http-nio-8080-exec-7] INFO :  com.wchat.aspect.WsAspect [45] - Raw parameter：{"msgType":1,"pageNo":1,"pageSize":10,"pdata":"Q+OvKjOyyOz615KyFgbQfmJ08qeZOPX6EFeKmj69e6a49YAO//BGlU8seLR5Yv5swVzwkn7Ui30F3TQ0mazMGnjxTW3AUebgqW8ICdGoE1Umi9SVPNeWGXQ/ONsOE7NLiG/Jclepxz2oWIcgE9qyeX66B3cQRRcW+q3XHrchHhNZvG/BM3EvBQq20yTruCFmAZ7SN9YPFlVEE6FQS4a1bQ==","pkey":"wdA0lMm4FoF1HlzF+yrQxp+tQIszNGJqc9Qj1hMWKutOiF2AXJDLupnaya41eVaVAtw5Get/T83HdjTmk5bP1mSYNM+6mFLEH7Gdmr4GJd58CeRIt6Jk5eByGjwghTMD8TPq2L566EeREI9XAx2sj1+TnZzc75cqU5T+mnBchQU="}
[ INFO ] [2019-11-21 12:01:28] [http-nio-8080-exec-7] INFO :  com.wchat.aspect.WsAspect [55] - 请求：com.wchat.controller.WebSocketController.update4passwordDecrypted paramete：{"newPw":"ASDqwe123","pw":"123qweASD","token":"2vxJE17mdFcH2CeguTg7wiTOtYTyPdmjK0uqmfQUnB8+B/JsUG56gXCc2tHhQjpV","uuid":"ccdd4718","verifiCode":"53dj"}
[ INFO ] [2019-11-21 12:01:28] [http-nio-8080-exec-7] INFO :  com.wchat.aspect.WsAspect [57] - 请求：com.wchat.controller.WebSocketController.update4passwordFilter the parameters after xss：{"newPw":"ASDqwe123","pw":"123qweASD","token":"2vxJE17mdFcH2CeguTg7wiTOtYTyPdmjK0uqmfQUnB8+B/JsUG56gXCc2tHhQjpV","uuid":"ccdd4718","verifiCode":"53dj"}
[ INFO ] [2019-11-21 12:01:52] [http-nio-8080-exec-1] INFO :  com.wchat.aspect.WsAspect [45] - Raw parameter：{"msgType":1,"pageNo":1,"pageSize":10,"pdata":"yOMbycajAPMF2iBcYgbB8e1YmFJ6oeC+CKE64CuxhTEe7fzv9gs1SmhkGPE2z4BMVUJBj7bsjy3l0X2DmRmzDj+cWUSRK733WbfZbdOMOM8=","pkey":"l3M/8++NUA+I+06yB0YIULRz6pAMYzZtIbNsGjTcItqEkKiNKRFVky/f51yvU6Lb7rfIdl8WQAt7A3KLiFXd8kGNPcbY52ViWfsm4DvZ3/2b3T0iso32DB6pESnZX84b+yZy0ZPEp+g+ByPrYAlD/OvKLH4mGDh+wBCL4iWr/d0="}
[ INFO ] [2019-11-21 12:01:52] [http-nio-8080-exec-1] INFO :  com.wchat.aspect.WsAspect [55] - 请求：com.wchat.controller.WebSocketController.userLoginDecrypted paramete：{"pw":"ASDqwe123","userName":"123456","uuid":"bfab41f7","verifiCode":"pyr7"}
[ INFO ] [2019-11-21 12:01:52] [http-nio-8080-exec-1] INFO :  com.wchat.aspect.WsAspect [57] - 请求：com.wchat.controller.WebSocketController.userLoginFilter the parameters after xss：{"pw":"ASDqwe123","userName":"123456","uuid":"bfab41f7","verifiCode":"pyr7"}
[ INFO ] [2019-11-21 12:02:37] [http-nio-8080-exec-4] INFO :  com.wchat.aspect.WsAspect [45] - Raw parameter：{"msgType":1,"pageNo":1,"pageSize":10,"pdata":"F5ECrUIrGj5NU3SFNe7+r4IbEWq+drllbvuSZzM1Plg+3pHS2wK+QJWfTALFF/7/poSYVb0eDhcGv21Nazaw00NVMsLxpV8Y9RS5+zItAdmNb7F3yklFaR+7quS47RhYLEl+4f7pziJQ7thDFvI3lDEu5GLUyvzRqJGr4k+X6Ph69LipXioovRy4VfEPykQUsJ+J9qqopoz3aNr1sVFwQg==","pkey":"CbKeHo8lbwEM8DR8nc/hDjFc2vPO/2gUuzLhPO8zzN8luHePNlwfA2M812nGxhRqkIvyTJm78XwwNBRMcD3cTv+inzF6iI+sJduLPtegHFFzEOZGWJsQbfAdXpqrgNLV0QYuMKOACgaiwoGs0w/hSOsBIAjJ15XCzQO2Vz9m1KE="}
[ INFO ] [2019-11-21 12:02:37] [http-nio-8080-exec-4] INFO :  com.wchat.aspect.WsAspect [55] - 请求：com.wchat.controller.WebSocketController.update4passwordDecrypted paramete：{"newPw":"123qweASD","pw":"ASDqwe123","token":"2vxJE17mdFcH2CeguTg7wiTOtYTyPdmjK0uqmfQUnB9ovjZtR/4TcTDEVUOp+SLV","uuid":"c8c3a8c7","verifiCode":"5mwr"}
[ INFO ] [2019-11-21 12:02:37] [http-nio-8080-exec-4] INFO :  com.wchat.aspect.WsAspect [57] - 请求：com.wchat.controller.WebSocketController.update4passwordFilter the parameters after xss：{"newPw":"123qweASD","pw":"ASDqwe123","token":"2vxJE17mdFcH2CeguTg7wiTOtYTyPdmjK0uqmfQUnB9ovjZtR/4TcTDEVUOp+SLV","uuid":"c8c3a8c7","verifiCode":"5mwr"}
[ INFO ] [2019-11-21 12:02:55] [http-nio-8080-exec-8] INFO :  com.wchat.aspect.WsAspect [45] - Raw parameter：{"msgType":1,"pageNo":1,"pageSize":10,"pdata":"tPyZdembTNnJQQGmEHhP5Eo1lz2s0yYXkwoY2hNjrHPmpFNtS9YQqK5NjTqmxOYAvWPiI/N/7CjKGxt0LHBXl2+aW4wr1Ja/CPUoN1rH5eM=","pkey":"pFtbtjFlINLguxF5yOyUdhoz3aYyuHE7cR7hvJSmLzp7M4R1VkSe5EiVrvkNwrTZk73XfDETtT6KK0jTGTgQRHvuDM+VGVo6NVpognLvg5MmObAIrkS/VtUlyrRKV7qks5nYfmkdv7hMyIP8YGaiDECJqdi1psV+oVYk34Bn6ik="}
[ INFO ] [2019-11-21 12:02:55] [http-nio-8080-exec-8] INFO :  com.wchat.aspect.WsAspect [55] - 请求：com.wchat.controller.WebSocketController.userLoginDecrypted paramete：{"pw":"123qweASD","userName":"123456","uuid":"0f07152a","verifiCode":"k5bb"}
[ INFO ] [2019-11-21 12:02:55] [http-nio-8080-exec-8] INFO :  com.wchat.aspect.WsAspect [57] - 请求：com.wchat.controller.WebSocketController.userLoginFilter the parameters after xss：{"pw":"123qweASD","userName":"123456","uuid":"0f07152a","verifiCode":"k5bb"}
[ INFO ] [2019-11-21 12:03:02] [http-nio-8080-exec-9] INFO :  com.wchat.aspect.WsAspect [45] - Raw parameter：{"msgType":1,"pageNo":1,"pageSize":10,"pdata":"PAc2/wkKLz5wMD49FztSM5u1EY/9lWMu/aTRt4fWoU9O75OpxWYTBRPUsqtaVnNNV3tH3rqJhUTf0yPfe7U3QhVnLveN8Nkg3MHEGrhVAzvYD4nzSzrNeDUsEuXqbToJ","pkey":"x4Ew7PCA+p29lUlibXgJnknQxDcbZ0dGEpEiDskeK++ORYRwxobE8RNaZy+qW7sYDyKJuVB9J9lSIzC4m/v6OQhgnmGGpqTBWo9N6hESO3hRQSvefN1aqjDIOu4Uuvey41qyc8z/XgNDUBSi8NkYPBSGnHHOo3/wHO5yCthTvSw="}
[ INFO ] [2019-11-21 12:03:02] [http-nio-8080-exec-9] INFO :  com.wchat.aspect.WsAspect [55] - 请求：com.wchat.controller.WebSocketController.offlineDecrypted paramete：{"sessionId":0,"token":"2vxJE17mdFcH2CeguTg7wiTOtYTyPdmjK0uqmfQUnB8z9BYkOHVQjDa1bOqmS8+J"}
[ INFO ] [2019-11-21 12:03:02] [http-nio-8080-exec-9] INFO :  com.wchat.aspect.WsAspect [57] - 请求：com.wchat.controller.WebSocketController.offlineFilter the parameters after xss：{"sessionId":0,"token":"2vxJE17mdFcH2CeguTg7wiTOtYTyPdmjK0uqmfQUnB8z9BYkOHVQjDa1bOqmS8+J"}
[ INFO ] [2019-11-21 12:03:30] [http-nio-8080-exec-2] INFO :  com.wchat.aspect.WsAspect [45] - Raw parameter：{"msgType":1,"pageNo":1,"pageSize":10,"pdata":"N64OIwTKrxT0IA7mwnfuYOogch636T7c8my7OmFbGe0=","pkey":"uh7/6LT3LoKhXi5UkEuXDL5vD7fPRGkCHufOSDBNR/qOnMSvZn9u9yx5zmKAXVoXLU3FGS1a5Fhh248y2Tyw6B+ST4BHQR6r6C+IVXMPTuRsYP7J1Dxt4Fyqqoz27xvnKPQOssPgyZ42vP90g98+wh1WwHFKILtXDCpcfmpWOdk="}
[ INFO ] [2019-11-21 12:03:30] [http-nio-8080-exec-2] INFO :  com.wchat.aspect.WsAspect [55] - 请求：com.wchat.controller.WebSocketController.getEmailByUserNameDecrypted paramete：{"userName":"qwer"}
[ INFO ] [2019-11-21 12:03:30] [http-nio-8080-exec-2] INFO :  com.wchat.aspect.WsAspect [57] - 请求：com.wchat.controller.WebSocketController.getEmailByUserNameFilter the parameters after xss：{"userName":"qwer"}
[ INFO ] [2019-11-21 12:03:48] [http-nio-8080-exec-5] INFO :  com.wchat.aspect.WsAspect [45] - Raw parameter：{"msgType":1,"pageNo":1,"pageSize":10,"pdata":"zh8IcOrZoEjgmSGPJ2PB0w==","pkey":"DkAkax/Gdochi1ssjuQLG3EwZb1gEBpJVx5S2myZta/24syU+eesq99aZilzyTfooB9ZVZQQgipZgUQr43I6QHhIN5WUpg5bd9QZh8mgwonG6x0C1f/YGJ1OFtXQcMVtWnD7m3Ii5P+lhWUJGY/Ty6HjsRKkXP6if9S6NLgxwc4="}
[ INFO ] [2019-11-21 12:03:48] [http-nio-8080-exec-5] INFO :  com.wchat.aspect.WsAspect [55] - 请求：com.wchat.controller.WebSocketController.getEmailByUserNameDecrypted paramete：{"userName":""}
[ INFO ] [2019-11-21 12:03:48] [http-nio-8080-exec-5] INFO :  com.wchat.aspect.WsAspect [57] - 请求：com.wchat.controller.WebSocketController.getEmailByUserNameFilter the parameters after xss：{"userName":""}
[ INFO ] [2019-11-21 12:03:55] [http-nio-8080-exec-6] INFO :  com.wchat.aspect.WsAspect [45] - Raw parameter：{"msgType":1,"pageNo":1,"pageSize":10,"pdata":"N64OIwTKrxT0IA7mwnfuYOogch636T7c8my7OmFbGe0=","pkey":"Dzn5WthourkN0vky6WBiyiMKa1UhNQjAYEBXoPJdFW1hTyS2z5yU0xgKROZkkqQpJZ16toal9XYOUFN0uBqk5hYViK0hv3+5zP1vB8hI52YiTtlxQwBiPf81FCHr8oe5++WlAAzL31Na76yBExQyeIN9YyUt331VssYFIoUEtXQ="}
[ INFO ] [2019-11-21 12:03:55] [http-nio-8080-exec-6] INFO :  com.wchat.aspect.WsAspect [55] - 请求：com.wchat.controller.WebSocketController.getEmailByUserNameDecrypted paramete：{"userName":"qwer"}
[ INFO ] [2019-11-21 12:03:55] [http-nio-8080-exec-6] INFO :  com.wchat.aspect.WsAspect [57] - 请求：com.wchat.controller.WebSocketController.getEmailByUserNameFilter the parameters after xss：{"userName":"qwer"}
[ WARN ] [2019-11-21 12:05:34] [scheduling-1] WARN :  org.springframework.context.annotation.ClassPathScanningCandidateComponentProvider [166] - No MyBatis mapper was found in '[com.wchat.dao]' package. Please check your configuration.
[ INFO ] [2019-11-21 12:05:40] [scheduling-1] INFO :  com.wchat.boot.KeyCache [28] - system init build SecurityKey
[ WARN ] [2019-11-21 12:05:50] [scheduling-1] WARN :  o.s.boot.autoconfigure.thymeleaf.ThymeleafAutoConfiguration$DefaultTemplateResolverConfiguration [106] - Cannot find template location: classpath:/templates/ (please add some templates or check your Thymeleaf configuration)
[ WARN ] [2019-11-21 12:06:30] [scheduling-1] WARN :  org.springframework.context.annotation.ClassPathScanningCandidateComponentProvider [166] - No MyBatis mapper was found in '[com.wchat.dao]' package. Please check your configuration.
[ ERROR] [2019-11-21 12:06:37] [http-nio-8080-exec-5] ERROR:  com.wchat.socket.WebSocketServer [73] - 发生错误：null，Session ID： 4
[ ERROR] [2019-11-21 12:06:37] [http-nio-8080-exec-4] ERROR:  com.wchat.socket.WebSocketServer [73] - 发生错误：null，Session ID： 3
[ INFO ] [2019-11-21 12:06:37] [http-nio-8080-exec-4] INFO :  com.wchat.socket.WebSocketServer [50] - 有连接关闭，当前连接数为：0
[ INFO ] [2019-11-21 12:06:37] [http-nio-8080-exec-5] INFO :  com.wchat.socket.WebSocketServer [50] - 有连接关闭，当前连接数为：1
[ INFO ] [2019-11-21 12:08:30] [scheduling-1] INFO :  com.wchat.boot.KeyCache [28] - system init build SecurityKey
[ WARN ] [2019-11-21 12:09:30] [scheduling-1] WARN :  org.springframework.context.annotation.ClassPathScanningCandidateComponentProvider [166] - No MyBatis mapper was found in '[com.wchat.dao]' package. Please check your configuration.
[ WARN ] [2019-11-21 12:10:30] [scheduling-1] WARN :  org.springframework.context.annotation.ClassPathScanningCandidateComponentProvider [166] - No MyBatis mapper was found in '[com.wchat.dao]' package. Please check your configuration.
[ WARN ] [2019-11-21 12:11:30] [scheduling-1] WARN :  org.springframework.context.annotation.ClassPathScanningCandidateComponentProvider [166] - No MyBatis mapper was found in '[com.wchat.dao]' package. Please check your configuration.
[ INFO ] [2019-11-21 12:55:15] [SpringContextShutdownHook] INFO :  org.springframework.scheduling.concurrent.ThreadPoolTaskScheduler [208] - Shutting down ExecutorService 'taskScheduler'
[ INFO ] [2019-11-21 12:55:15] [SpringContextShutdownHook] INFO :  org.springframework.scheduling.concurrent.ThreadPoolTaskExecutor [208] - Shutting down ExecutorService 'applicationTaskExecutor'
[ INFO ] [2019-11-21 12:55:15] [SpringContextShutdownHook] INFO :  com.alibaba.druid.pool.DruidDataSource [1825] - {dataSource-1} closed
